2025-06-26 10:28:45 [main] INFO  com.otakmager.utils.DriverFactory - Starting AndroidDriver initialization with useApkFile: true
2025-06-26 10:28:45 [main] INFO  com.otakmager.utils.ConfigReader - Loaded config.properties successfully
2025-06-26 10:28:46 [main] INFO  com.otakmager.utils.DriverFactory - Using APK file: E:\Project\QA_quality_assurance\appium-project\AppiumHitorMobileTest/src/test/resources/hitor-v1.0.0-release.apk
2025-06-26 10:29:03 [main] INFO  com.otakmager.utils.DriverFactory - AndroidDriver initialized successfully
2025-06-26 10:29:03 [main] INFO  com.otakmager.base.BaseTest - 

================== START TEST: HomeTest.homeScreenShouldLoadSuccessfully ==================

2025-06-26 10:29:04 [main] INFO  com.otakmager.keywords.ActionKeyword - Retrieved text 'Hitor' from element: App Title
2025-06-26 10:29:04 [main] INFO  com.otakmager.keywords.ValidationKeyword - Validation passed: expected 'Hitor' and found 'Hitor'
2025-06-26 10:29:04 [main] INFO  com.otakmager.keywords.ActionKeyword - Retrieved text 'Kendaraan lewat?
Kita Catat!' from element: App Desc
2025-06-26 10:29:04 [main] INFO  com.otakmager.keywords.ValidationKeyword - Validation passed: expected 'Kendaraan lewat?
Kita Catat!' and found 'Kendaraan lewat?
Kita Catat!'
2025-06-26 10:29:04 [main] INFO  com.otakmager.keywords.ValidationKeyword - Element visible: Menu Pengamatan
2025-06-26 10:29:04 [main] INFO  com.otakmager.keywords.ValidationKeyword - Element visible: Menu Riwayat
2025-06-26 10:29:04 [main] INFO  com.otakmager.keywords.ValidationKeyword - Element visible: Menu Pengaturan
2025-06-26 10:29:04 [main] INFO  com.otakmager.keywords.ValidationKeyword - Element visible: Menu Dukungan
2025-06-26 10:29:05 [main] INFO  com.otakmager.base.BaseTest - TEST RESULT: com.otakmager.testCases.screen.HomeTest.homeScreenShouldLoadSuccessfully PASSED
2025-06-26 10:29:05 [main] INFO  com.otakmager.base.BaseTest - 
================== END TEST: com.otakmager.testCases.screen.HomeTest.homeScreenShouldLoadSuccessfully ==================

2025-06-26 10:29:05 [main] INFO  com.otakmager.utils.DriverFactory - AndroidDriver quit successfully
2025-06-26 10:37:07 [main] INFO  com.otakmager.utils.DriverFactory - Starting AndroidDriver initialization with useApkFile: true
2025-06-26 10:37:07 [main] INFO  com.otakmager.utils.ConfigReader - Loaded config.properties successfully
2025-06-26 10:37:07 [main] INFO  com.otakmager.utils.DriverFactory - Using APK file: E:\Project\QA_quality_assurance\appium-project\AppiumHitorMobileTest/src/test/resources/hitor-v1.0.0-release.apk
2025-06-26 10:37:24 [main] INFO  com.otakmager.utils.DriverFactory - AndroidDriver initialized successfully
2025-06-26 10:37:25 [main] INFO  com.otakmager.base.BaseTest - 

================== START TEST: HomeTest.homeScreenShouldLoadSuccessfully ==================

2025-06-26 10:37:26 [main] INFO  com.otakmager.keywords.ActionKeyword - Retrieved text 'Hitor' from element: App Title
2025-06-26 10:37:26 [main] INFO  com.otakmager.keywords.ValidationKeyword - Validation passed: expected 'Hitor' and found 'Hitor'
2025-06-26 10:37:26 [main] INFO  com.otakmager.keywords.ActionKeyword - Retrieved text 'Kendaraan lewat?
Kita Catat!' from element: App Desc
2025-06-26 10:37:26 [main] INFO  com.otakmager.keywords.ValidationKeyword - Validation passed: expected 'Kendaraan lewat?
Kita Catat!' and found 'Kendaraan lewat?
Kita Catat!'
2025-06-26 10:37:26 [main] INFO  com.otakmager.keywords.ValidationKeyword - Element visible: Menu Pengamatan
2025-06-26 10:37:26 [main] INFO  com.otakmager.keywords.ValidationKeyword - Element visible: Menu Riwayat
2025-06-26 10:37:26 [main] INFO  com.otakmager.keywords.ValidationKeyword - Element visible: Menu Pengaturan
2025-06-26 10:37:26 [main] INFO  com.otakmager.keywords.ValidationKeyword - Element visible: Menu Dukungan
2025-06-26 10:37:27 [main] INFO  com.otakmager.base.BaseTest - TEST RESULT: com.otakmager.testCases.screen.HomeTest.homeScreenShouldLoadSuccessfully PASSED
2025-06-26 10:37:27 [main] INFO  com.otakmager.base.BaseTest - 
================== END TEST: com.otakmager.testCases.screen.HomeTest.homeScreenShouldLoadSuccessfully ==================

2025-06-26 10:37:32 [main] INFO  com.otakmager.utils.DriverFactory - AndroidDriver quit successfully
2025-06-26 10:37:32 [main] INFO  com.otakmager.utils.DriverFactory - Starting AndroidDriver initialization with useApkFile: true
2025-06-26 10:37:32 [main] INFO  com.otakmager.utils.DriverFactory - Using APK file: E:\Project\QA_quality_assurance\appium-project\AppiumHitorMobileTest/src/test/resources/hitor-v1.0.0-release.apk
2025-06-26 10:37:41 [main] INFO  com.otakmager.utils.DriverFactory - AndroidDriver initialized successfully
2025-06-26 10:37:41 [main] INFO  com.otakmager.base.BaseTest - 

================== START TEST: PilihJalanTest.pilihJalanScreenShouldLoadSuccessfully ==================

2025-06-26 10:37:41 [main] INFO  com.otakmager.keywords.ValidationKeyword - Element visible: Menu Pengamatan
2025-06-26 10:37:42 [main] INFO  com.otakmager.keywords.ActionKeyword - Clicked on element: Menu Pengamatan
2025-06-26 10:37:43 [main] INFO  com.otakmager.keywords.ActionKeyword - Retrieved text 'Pilih Jenis Jalan' from element: App Bar Title
2025-06-26 10:37:43 [main] INFO  com.otakmager.keywords.ValidationKeyword - Validation passed: expected 'Pilih Jenis Jalan' and found 'Pilih Jenis Jalan'
2025-06-26 10:37:43 [main] INFO  com.otakmager.keywords.ValidationKeyword - Element visible: App Bar Back Button
2025-06-26 10:37:43 [main] INFO  com.otakmager.keywords.ValidationKeyword - Element visible: Menu Jalan Raya
2025-06-26 10:37:43 [main] INFO  com.otakmager.keywords.ValidationKeyword - Element visible: Menu Jalan Tol
2025-06-26 10:37:43 [main] INFO  com.otakmager.base.BaseTest - TEST RESULT: com.otakmager.testCases.screen.PilihJalanTest.pilihJalanScreenShouldLoadSuccessfully PASSED
2025-06-26 10:37:43 [main] INFO  com.otakmager.base.BaseTest - 
================== END TEST: com.otakmager.testCases.screen.PilihJalanTest.pilihJalanScreenShouldLoadSuccessfully ==================

2025-06-26 10:37:48 [main] INFO  com.otakmager.utils.DriverFactory - AndroidDriver quit successfully
2025-06-26 11:10:59 [main] INFO  com.otakmager.utils.DriverFactory - Starting AndroidDriver initialization with useApkFile: true
2025-06-26 11:10:59 [main] INFO  com.otakmager.utils.ConfigReader - Loaded config.properties successfully
2025-06-26 11:10:59 [main] INFO  com.otakmager.utils.DriverFactory - Using APK file: E:\Project\QA_quality_assurance\appium-project\AppiumHitorMobileTest/src/test/resources/hitor-v1.0.0-release.apk
2025-06-26 11:11:08 [main] INFO  com.otakmager.utils.DriverFactory - AndroidDriver initialized successfully
2025-06-26 11:11:08 [main] INFO  com.otakmager.base.BaseTest - 

================== START TEST: HomeTest.homeScreenShouldLoadSuccessfully ==================

2025-06-26 11:11:08 [main] INFO  com.otakmager.keywords.ActionKeyword - Retrieved text 'Hitor' from element: App Title
2025-06-26 11:11:08 [main] INFO  com.otakmager.keywords.ValidationKeyword - Validation passed: expected 'Hitor' and found 'Hitor'
2025-06-26 11:11:09 [main] INFO  com.otakmager.keywords.ActionKeyword - Retrieved text 'Kendaraan lewat?
Kita Catat!' from element: App Desc
2025-06-26 11:11:09 [main] INFO  com.otakmager.keywords.ValidationKeyword - Validation passed: expected 'Kendaraan lewat?
Kita Catat!' and found 'Kendaraan lewat?
Kita Catat!'
2025-06-26 11:11:09 [main] INFO  com.otakmager.keywords.ValidationKeyword - Element visible: Menu Pengamatan
2025-06-26 11:11:09 [main] INFO  com.otakmager.keywords.ValidationKeyword - Element visible: Menu Riwayat
2025-06-26 11:11:09 [main] INFO  com.otakmager.keywords.ValidationKeyword - Element visible: Menu Pengaturan
2025-06-26 11:11:09 [main] INFO  com.otakmager.keywords.ValidationKeyword - Element visible: Menu Dukungan
2025-06-26 11:11:09 [main] INFO  com.otakmager.base.BaseTest - TEST RESULT: com.otakmager.testCases.screen.HomeTest.homeScreenShouldLoadSuccessfully PASSED
2025-06-26 11:11:09 [main] INFO  com.otakmager.base.BaseTest - 
================== END TEST: com.otakmager.testCases.screen.HomeTest.homeScreenShouldLoadSuccessfully ==================

2025-06-26 11:11:10 [main] INFO  com.otakmager.utils.DriverFactory - AndroidDriver quit successfully
2025-06-26 11:11:10 [main] INFO  com.otakmager.utils.DriverFactory - Starting AndroidDriver initialization with useApkFile: true
2025-06-26 11:11:10 [main] INFO  com.otakmager.utils.DriverFactory - Using APK file: E:\Project\QA_quality_assurance\appium-project\AppiumHitorMobileTest/src/test/resources/hitor-v1.0.0-release.apk
2025-06-26 11:11:17 [main] INFO  com.otakmager.utils.DriverFactory - AndroidDriver initialized successfully
2025-06-26 11:11:17 [main] INFO  com.otakmager.base.BaseTest - 

================== START TEST: PilihJalanTest.pilihJalanScreenShouldLoadSuccessfully ==================

2025-06-26 11:11:17 [main] INFO  com.otakmager.keywords.ValidationKeyword - Element visible: Menu Pengamatan
2025-06-26 11:11:18 [main] INFO  com.otakmager.keywords.ActionKeyword - Clicked on element: Menu Pengamatan
2025-06-26 11:11:18 [main] INFO  com.otakmager.keywords.ActionKeyword - Retrieved text 'Pilih Jenis Jalan' from element: App Bar Title
2025-06-26 11:11:18 [main] INFO  com.otakmager.keywords.ValidationKeyword - Validation passed: expected 'Pilih Jenis Jalan' and found 'Pilih Jenis Jalan'
2025-06-26 11:11:18 [main] INFO  com.otakmager.keywords.ValidationKeyword - Element visible: App Bar Back Button
2025-06-26 11:11:18 [main] INFO  com.otakmager.keywords.ValidationKeyword - Element visible: Menu Jalan Raya
2025-06-26 11:11:18 [main] INFO  com.otakmager.keywords.ValidationKeyword - Element visible: Menu Jalan Tol
2025-06-26 11:11:18 [main] INFO  com.otakmager.base.BaseTest - TEST RESULT: com.otakmager.testCases.screen.PilihJalanTest.pilihJalanScreenShouldLoadSuccessfully PASSED
2025-06-26 11:11:18 [main] INFO  com.otakmager.base.BaseTest - 
================== END TEST: com.otakmager.testCases.screen.PilihJalanTest.pilihJalanScreenShouldLoadSuccessfully ==================

2025-06-26 11:11:19 [main] INFO  com.otakmager.utils.DriverFactory - AndroidDriver quit successfully
2025-06-26 11:11:19 [main] INFO  com.otakmager.utils.RetryAnalyzer - Retrying test pilihKelompokScreenShouldLoadAfterChoosingJalanRaya with status FAILURE for the 1 time(s).
2025-06-26 11:11:19 [main] INFO  com.otakmager.utils.RetryAnalyzer - Retrying test pilihKelompokScreenShouldLoadAfterChoosingJalanRaya with status FAILURE for the 2 time(s).
2025-06-26 11:14:32 [main] INFO  com.otakmager.utils.DriverFactory - Starting AndroidDriver initialization with useApkFile: true
2025-06-26 11:14:32 [main] INFO  com.otakmager.utils.ConfigReader - Loaded config.properties successfully
2025-06-26 11:14:32 [main] INFO  com.otakmager.utils.DriverFactory - Using APK file: E:\Project\QA_quality_assurance\appium-project\AppiumHitorMobileTest/src/test/resources/hitor-v1.0.0-release.apk
2025-06-26 11:14:49 [main] INFO  com.otakmager.utils.DriverFactory - AndroidDriver initialized successfully
2025-06-26 11:14:49 [main] INFO  com.otakmager.base.BaseTest - 

================== START TEST: HomeTest.homeScreenShouldLoadSuccessfully ==================

2025-06-26 11:14:50 [main] INFO  com.otakmager.keywords.ActionKeyword - Retrieved text 'Hitor' from element: App Title
2025-06-26 11:14:50 [main] INFO  com.otakmager.keywords.ValidationKeyword - Validation passed: expected 'Hitor' and found 'Hitor'
2025-06-26 11:14:50 [main] INFO  com.otakmager.keywords.ActionKeyword - Retrieved text 'Kendaraan lewat?
Kita Catat!' from element: App Desc
2025-06-26 11:14:50 [main] INFO  com.otakmager.keywords.ValidationKeyword - Validation passed: expected 'Kendaraan lewat?
Kita Catat!' and found 'Kendaraan lewat?
Kita Catat!'
2025-06-26 11:14:50 [main] INFO  com.otakmager.keywords.ValidationKeyword - Element visible: Menu Pengamatan
2025-06-26 11:14:50 [main] INFO  com.otakmager.keywords.ValidationKeyword - Element visible: Menu Riwayat
2025-06-26 11:14:51 [main] INFO  com.otakmager.keywords.ValidationKeyword - Element visible: Menu Pengaturan
2025-06-26 11:14:51 [main] INFO  com.otakmager.keywords.ValidationKeyword - Element visible: Menu Dukungan
2025-06-26 11:14:51 [main] INFO  com.otakmager.base.BaseTest - TEST RESULT: com.otakmager.testCases.screen.HomeTest.homeScreenShouldLoadSuccessfully PASSED
2025-06-26 11:14:51 [main] INFO  com.otakmager.base.BaseTest - 
================== END TEST: com.otakmager.testCases.screen.HomeTest.homeScreenShouldLoadSuccessfully ==================

2025-06-26 11:14:52 [main] INFO  com.otakmager.utils.DriverFactory - AndroidDriver quit successfully
2025-06-26 11:14:52 [main] INFO  com.otakmager.utils.DriverFactory - Starting AndroidDriver initialization with useApkFile: true
2025-06-26 11:14:52 [main] INFO  com.otakmager.utils.DriverFactory - Using APK file: E:\Project\QA_quality_assurance\appium-project\AppiumHitorMobileTest/src/test/resources/hitor-v1.0.0-release.apk
2025-06-26 11:15:00 [main] INFO  com.otakmager.utils.DriverFactory - AndroidDriver initialized successfully
2025-06-26 11:15:00 [main] INFO  com.otakmager.base.BaseTest - 

================== START TEST: PilihJalanTest.pilihJalanScreenShouldLoadSuccessfully ==================

2025-06-26 11:15:01 [main] INFO  com.otakmager.keywords.ValidationKeyword - Element visible: Menu Pengamatan
2025-06-26 11:15:02 [main] INFO  com.otakmager.keywords.ActionKeyword - Clicked on element: Menu Pengamatan
2025-06-26 11:15:02 [main] INFO  com.otakmager.keywords.ActionKeyword - Retrieved text 'Pilih Jenis Jalan' from element: App Bar Title
2025-06-26 11:15:02 [main] INFO  com.otakmager.keywords.ValidationKeyword - Validation passed: expected 'Pilih Jenis Jalan' and found 'Pilih Jenis Jalan'
2025-06-26 11:15:02 [main] INFO  com.otakmager.keywords.ValidationKeyword - Element visible: App Bar Back Button
2025-06-26 11:15:02 [main] INFO  com.otakmager.keywords.ValidationKeyword - Element visible: Menu Jalan Raya
2025-06-26 11:15:02 [main] INFO  com.otakmager.keywords.ValidationKeyword - Element visible: Menu Jalan Tol
2025-06-26 11:15:02 [main] INFO  com.otakmager.base.BaseTest - TEST RESULT: com.otakmager.testCases.screen.PilihJalanTest.pilihJalanScreenShouldLoadSuccessfully PASSED
2025-06-26 11:15:02 [main] INFO  com.otakmager.base.BaseTest - 
================== END TEST: com.otakmager.testCases.screen.PilihJalanTest.pilihJalanScreenShouldLoadSuccessfully ==================

2025-06-26 11:15:03 [main] INFO  com.otakmager.utils.DriverFactory - AndroidDriver quit successfully
2025-06-26 11:15:03 [main] INFO  com.otakmager.utils.RetryAnalyzer - Retrying test pilihKelompokScreenShouldLoadAfterChoosingJalanRaya with status FAILURE for the 1 time(s).
2025-06-26 11:15:03 [main] INFO  com.otakmager.utils.RetryAnalyzer - Retrying test pilihKelompokScreenShouldLoadAfterChoosingJalanRaya with status FAILURE for the 2 time(s).
2025-06-26 11:23:43 [main] INFO  com.otakmager.utils.DriverFactory - Starting AndroidDriver initialization with useApkFile: true
2025-06-26 11:23:43 [main] INFO  com.otakmager.utils.ConfigReader - Loaded config.properties successfully
2025-06-26 11:23:43 [main] INFO  com.otakmager.utils.DriverFactory - Using APK file: E:\Project\QA_quality_assurance\appium-project\AppiumHitorMobileTest/src/test/resources/hitor-v1.0.0-release.apk
2025-06-26 11:23:52 [main] INFO  com.otakmager.utils.DriverFactory - AndroidDriver initialized successfully
2025-06-26 11:23:52 [main] INFO  com.otakmager.base.BaseTest - 

================== START TEST: HomeTest.homeScreenShouldLoadSuccessfully ==================

2025-06-26 11:23:52 [main] INFO  com.otakmager.keywords.ActionKeyword - Retrieved text 'Hitor' from element: App Title
2025-06-26 11:23:52 [main] INFO  com.otakmager.keywords.ValidationKeyword - Validation passed: expected 'Hitor' and found 'Hitor'
2025-06-26 11:23:52 [main] INFO  com.otakmager.keywords.ActionKeyword - Retrieved text 'Kendaraan lewat?
Kita Catat!' from element: App Desc
2025-06-26 11:23:52 [main] INFO  com.otakmager.keywords.ValidationKeyword - Validation passed: expected 'Kendaraan lewat?
Kita Catat!' and found 'Kendaraan lewat?
Kita Catat!'
2025-06-26 11:23:53 [main] INFO  com.otakmager.keywords.ValidationKeyword - Element visible: Menu Pengamatan
2025-06-26 11:23:53 [main] INFO  com.otakmager.keywords.ValidationKeyword - Element visible: Menu Riwayat
2025-06-26 11:23:53 [main] INFO  com.otakmager.keywords.ValidationKeyword - Element visible: Menu Pengaturan
2025-06-26 11:23:53 [main] INFO  com.otakmager.keywords.ValidationKeyword - Element visible: Menu Dukungan
2025-06-26 11:23:53 [main] INFO  com.otakmager.base.BaseTest - TEST RESULT: com.otakmager.testCases.screen.HomeTest.homeScreenShouldLoadSuccessfully PASSED
2025-06-26 11:23:53 [main] INFO  com.otakmager.base.BaseTest - 
================== END TEST: com.otakmager.testCases.screen.HomeTest.homeScreenShouldLoadSuccessfully ==================

2025-06-26 11:23:54 [main] INFO  com.otakmager.utils.DriverFactory - AndroidDriver quit successfully
2025-06-26 11:23:54 [main] INFO  com.otakmager.utils.DriverFactory - Starting AndroidDriver initialization with useApkFile: true
2025-06-26 11:23:54 [main] INFO  com.otakmager.utils.DriverFactory - Using APK file: E:\Project\QA_quality_assurance\appium-project\AppiumHitorMobileTest/src/test/resources/hitor-v1.0.0-release.apk
2025-06-26 11:24:00 [main] INFO  com.otakmager.utils.DriverFactory - AndroidDriver initialized successfully
2025-06-26 11:24:00 [main] INFO  com.otakmager.base.BaseTest - 

================== START TEST: PilihJalanTest.pilihJalanScreenShouldLoadSuccessfully ==================

2025-06-26 11:24:01 [main] INFO  com.otakmager.keywords.ValidationKeyword - Element visible: Menu Pengamatan
2025-06-26 11:24:02 [main] INFO  com.otakmager.keywords.ActionKeyword - Clicked on element: Menu Pengamatan
2025-06-26 11:24:02 [main] INFO  com.otakmager.keywords.ActionKeyword - Retrieved text 'Pilih Jenis Jalan' from element: App Bar Title
2025-06-26 11:24:02 [main] INFO  com.otakmager.keywords.ValidationKeyword - Validation passed: expected 'Pilih Jenis Jalan' and found 'Pilih Jenis Jalan'
2025-06-26 11:24:02 [main] INFO  com.otakmager.keywords.ValidationKeyword - Element visible: App Bar Back Button
2025-06-26 11:24:02 [main] INFO  com.otakmager.keywords.ValidationKeyword - Element visible: Menu Jalan Raya
2025-06-26 11:24:02 [main] INFO  com.otakmager.keywords.ValidationKeyword - Element visible: Menu Jalan Tol
2025-06-26 11:24:02 [main] INFO  com.otakmager.base.BaseTest - TEST RESULT: com.otakmager.testCases.screen.PilihJalanTest.pilihJalanScreenShouldLoadSuccessfully PASSED
2025-06-26 11:24:02 [main] INFO  com.otakmager.base.BaseTest - 
================== END TEST: com.otakmager.testCases.screen.PilihJalanTest.pilihJalanScreenShouldLoadSuccessfully ==================

2025-06-26 11:24:03 [main] INFO  com.otakmager.utils.DriverFactory - AndroidDriver quit successfully
2025-06-26 11:24:03 [main] INFO  com.otakmager.utils.RetryAnalyzer - Retrying test pilihKelompokScreenShouldLoadAfterChoosingJalanRaya with status FAILURE for the 1 time(s).
2025-06-26 11:24:03 [main] INFO  com.otakmager.utils.RetryAnalyzer - Retrying test pilihKelompokScreenShouldLoadAfterChoosingJalanRaya with status FAILURE for the 2 time(s).
2025-06-26 11:37:39 [main] INFO  com.otakmager.utils.DriverFactory - Starting AndroidDriver initialization with useApkFile: true
2025-06-26 11:37:39 [main] INFO  com.otakmager.utils.ConfigReader - Loaded config.properties successfully
2025-06-26 11:37:39 [main] INFO  com.otakmager.utils.DriverFactory - Using APK file: E:\Project\QA_quality_assurance\appium-project\AppiumHitorMobileTest/src/test/resources/hitor-v1.0.0-release.apk
2025-06-26 11:37:51 [main] INFO  com.otakmager.utils.DriverFactory - AndroidDriver initialized successfully
2025-06-26 11:37:51 [main] INFO  com.otakmager.base.BaseTest - 

================== START TEST: HomeTest.homeScreenShouldLoadSuccessfully ==================

2025-06-26 11:37:51 [main] INFO  com.otakmager.keywords.ActionKeyword - Retrieved text 'Hitor' from element: App Title
2025-06-26 11:37:51 [main] INFO  com.otakmager.keywords.ValidationKeyword - Validation passed: expected 'Hitor' and found 'Hitor'
2025-06-26 11:37:51 [main] INFO  com.otakmager.keywords.ActionKeyword - Retrieved text 'Kendaraan lewat?
Kita Catat!' from element: App Desc
2025-06-26 11:37:51 [main] INFO  com.otakmager.keywords.ValidationKeyword - Validation passed: expected 'Kendaraan lewat?
Kita Catat!' and found 'Kendaraan lewat?
Kita Catat!'
2025-06-26 11:37:51 [main] INFO  com.otakmager.keywords.ValidationKeyword - Element visible: Menu Pengamatan
2025-06-26 11:37:51 [main] INFO  com.otakmager.keywords.ValidationKeyword - Element visible: Menu Riwayat
2025-06-26 11:37:52 [main] INFO  com.otakmager.keywords.ValidationKeyword - Element visible: Menu Pengaturan
2025-06-26 11:37:52 [main] INFO  com.otakmager.keywords.ValidationKeyword - Element visible: Menu Dukungan
2025-06-26 11:37:52 [main] INFO  com.otakmager.base.BaseTest - TEST RESULT: com.otakmager.testCases.screen.HomeTest.homeScreenShouldLoadSuccessfully PASSED
2025-06-26 11:37:52 [main] INFO  com.otakmager.base.BaseTest - 
================== END TEST: com.otakmager.testCases.screen.HomeTest.homeScreenShouldLoadSuccessfully ==================

2025-06-26 11:37:52 [main] INFO  com.otakmager.utils.DriverFactory - AndroidDriver quit successfully
2025-06-26 11:37:52 [main] INFO  com.otakmager.utils.DriverFactory - Starting AndroidDriver initialization with useApkFile: true
2025-06-26 11:37:52 [main] INFO  com.otakmager.utils.DriverFactory - Using APK file: E:\Project\QA_quality_assurance\appium-project\AppiumHitorMobileTest/src/test/resources/hitor-v1.0.0-release.apk
2025-06-26 11:37:59 [main] INFO  com.otakmager.utils.DriverFactory - AndroidDriver initialized successfully
2025-06-26 11:37:59 [main] INFO  com.otakmager.base.BaseTest - 

================== START TEST: PilihJalanTest.pilihJalanScreenShouldLoadSuccessfully ==================

2025-06-26 11:37:59 [main] INFO  com.otakmager.keywords.ValidationKeyword - Element visible: Menu Pengamatan
2025-06-26 11:38:00 [main] INFO  com.otakmager.keywords.ActionKeyword - Clicked on element: Menu Pengamatan
2025-06-26 11:38:00 [main] INFO  com.otakmager.keywords.ActionKeyword - Retrieved text 'Pilih Jenis Jalan' from element: App Bar Title
2025-06-26 11:38:00 [main] INFO  com.otakmager.keywords.ValidationKeyword - Validation passed: expected 'Pilih Jenis Jalan' and found 'Pilih Jenis Jalan'
2025-06-26 11:38:00 [main] INFO  com.otakmager.keywords.ValidationKeyword - Element visible: App Bar Back Button
2025-06-26 11:38:01 [main] INFO  com.otakmager.keywords.ValidationKeyword - Element visible: Menu Jalan Raya
2025-06-26 11:38:01 [main] INFO  com.otakmager.keywords.ValidationKeyword - Element visible: Menu Jalan Tol
2025-06-26 11:38:01 [main] INFO  com.otakmager.base.BaseTest - TEST RESULT: com.otakmager.testCases.screen.PilihJalanTest.pilihJalanScreenShouldLoadSuccessfully PASSED
2025-06-26 11:38:01 [main] INFO  com.otakmager.base.BaseTest - 
================== END TEST: com.otakmager.testCases.screen.PilihJalanTest.pilihJalanScreenShouldLoadSuccessfully ==================

2025-06-26 11:38:02 [main] INFO  com.otakmager.utils.DriverFactory - AndroidDriver quit successfully
2025-06-26 11:38:02 [main] INFO  com.otakmager.utils.RetryAnalyzer - Retrying test pilihKelompokScreenShouldLoadAfterChoosingJalanRaya with status FAILURE for the 1 time(s).
2025-06-26 11:38:02 [main] INFO  com.otakmager.utils.RetryAnalyzer - Retrying test pilihKelompokScreenShouldLoadAfterChoosingJalanRaya with status FAILURE for the 2 time(s).
2025-06-26 11:38:58 [main] INFO  com.otakmager.utils.DriverFactory - Starting AndroidDriver initialization with useApkFile: true
2025-06-26 11:38:58 [main] INFO  com.otakmager.utils.ConfigReader - Loaded config.properties successfully
2025-06-26 11:38:58 [main] INFO  com.otakmager.utils.DriverFactory - Using APK file: E:\Project\QA_quality_assurance\appium-project\AppiumHitorMobileTest/src/test/resources/hitor-v1.0.0-release.apk
2025-06-26 11:39:07 [main] INFO  com.otakmager.utils.DriverFactory - AndroidDriver initialized successfully
2025-06-26 11:39:07 [main] INFO  com.otakmager.base.BaseTest - 

================== START TEST: HomeTest.homeScreenShouldLoadSuccessfully ==================

2025-06-26 11:39:07 [main] INFO  com.otakmager.keywords.ActionKeyword - Retrieved text 'Hitor' from element: App Title
2025-06-26 11:39:07 [main] INFO  com.otakmager.keywords.ValidationKeyword - Validation passed: expected 'Hitor' and found 'Hitor'
2025-06-26 11:39:07 [main] INFO  com.otakmager.keywords.ActionKeyword - Retrieved text 'Kendaraan lewat?
Kita Catat!' from element: App Desc
2025-06-26 11:39:07 [main] INFO  com.otakmager.keywords.ValidationKeyword - Validation passed: expected 'Kendaraan lewat?
Kita Catat!' and found 'Kendaraan lewat?
Kita Catat!'
2025-06-26 11:39:07 [main] INFO  com.otakmager.keywords.ValidationKeyword - Element visible: Menu Pengamatan
2025-06-26 11:39:07 [main] INFO  com.otakmager.keywords.ValidationKeyword - Element visible: Menu Riwayat
2025-06-26 11:39:07 [main] INFO  com.otakmager.keywords.ValidationKeyword - Element visible: Menu Pengaturan
2025-06-26 11:39:08 [main] INFO  com.otakmager.keywords.ValidationKeyword - Element visible: Menu Dukungan
2025-06-26 11:39:08 [main] INFO  com.otakmager.base.BaseTest - TEST RESULT: com.otakmager.testCases.screen.HomeTest.homeScreenShouldLoadSuccessfully PASSED
2025-06-26 11:39:08 [main] INFO  com.otakmager.base.BaseTest - 
================== END TEST: com.otakmager.testCases.screen.HomeTest.homeScreenShouldLoadSuccessfully ==================

2025-06-26 11:39:08 [main] INFO  com.otakmager.utils.DriverFactory - AndroidDriver quit successfully
2025-06-26 11:39:08 [main] INFO  com.otakmager.utils.DriverFactory - Starting AndroidDriver initialization with useApkFile: true
2025-06-26 11:39:08 [main] INFO  com.otakmager.utils.DriverFactory - Using APK file: E:\Project\QA_quality_assurance\appium-project\AppiumHitorMobileTest/src/test/resources/hitor-v1.0.0-release.apk
2025-06-26 11:39:15 [main] INFO  com.otakmager.utils.DriverFactory - AndroidDriver initialized successfully
2025-06-26 11:39:15 [main] INFO  com.otakmager.base.BaseTest - 

================== START TEST: PilihJalanTest.pilihJalanScreenShouldLoadSuccessfully ==================

2025-06-26 11:39:15 [main] INFO  com.otakmager.keywords.ValidationKeyword - Element visible: Menu Pengamatan
2025-06-26 11:39:16 [main] INFO  com.otakmager.keywords.ActionKeyword - Clicked on element: Menu Pengamatan
2025-06-26 11:39:16 [main] INFO  com.otakmager.keywords.ActionKeyword - Retrieved text 'Pilih Jenis Jalan' from element: App Bar Title
2025-06-26 11:39:16 [main] INFO  com.otakmager.keywords.ValidationKeyword - Validation passed: expected 'Pilih Jenis Jalan' and found 'Pilih Jenis Jalan'
2025-06-26 11:39:16 [main] INFO  com.otakmager.keywords.ValidationKeyword - Element visible: App Bar Back Button
2025-06-26 11:39:17 [main] INFO  com.otakmager.keywords.ValidationKeyword - Element visible: Menu Jalan Raya
2025-06-26 11:39:17 [main] INFO  com.otakmager.keywords.ValidationKeyword - Element visible: Menu Jalan Tol
2025-06-26 11:39:17 [main] INFO  com.otakmager.base.BaseTest - TEST RESULT: com.otakmager.testCases.screen.PilihJalanTest.pilihJalanScreenShouldLoadSuccessfully PASSED
2025-06-26 11:39:17 [main] INFO  com.otakmager.base.BaseTest - 
================== END TEST: com.otakmager.testCases.screen.PilihJalanTest.pilihJalanScreenShouldLoadSuccessfully ==================

2025-06-26 11:39:17 [main] INFO  com.otakmager.utils.DriverFactory - AndroidDriver quit successfully
2025-06-26 11:39:17 [main] INFO  com.otakmager.utils.RetryAnalyzer - Retrying test pilihKelompokScreenShouldLoadAfterChoosingJalanRaya with status FAILURE for the 1 time(s).
2025-06-26 11:39:17 [main] INFO  com.otakmager.utils.RetryAnalyzer - Retrying test pilihKelompokScreenShouldLoadAfterChoosingJalanRaya with status FAILURE for the 2 time(s).
2025-06-26 11:40:01 [main] INFO  com.otakmager.utils.DriverFactory - Starting AndroidDriver initialization with useApkFile: true
2025-06-26 11:40:01 [main] INFO  com.otakmager.utils.ConfigReader - Loaded config.properties successfully
2025-06-26 11:40:01 [main] INFO  com.otakmager.utils.DriverFactory - Using APK file: E:\Project\QA_quality_assurance\appium-project\AppiumHitorMobileTest/src/test/resources/hitor-v1.0.0-release.apk
2025-06-26 11:40:09 [main] INFO  com.otakmager.utils.DriverFactory - AndroidDriver initialized successfully
2025-06-26 11:40:09 [main] INFO  com.otakmager.base.BaseTest - 

================== START TEST: HomeTest.homeScreenShouldLoadSuccessfully ==================

2025-06-26 11:40:10 [main] INFO  com.otakmager.keywords.ActionKeyword - Retrieved text 'Hitor' from element: App Title
2025-06-26 11:40:10 [main] INFO  com.otakmager.keywords.ValidationKeyword - Validation passed: expected 'Hitor' and found 'Hitor'
2025-06-26 11:40:10 [main] INFO  com.otakmager.keywords.ActionKeyword - Retrieved text 'Kendaraan lewat?
Kita Catat!' from element: App Desc
2025-06-26 11:40:10 [main] INFO  com.otakmager.keywords.ValidationKeyword - Validation passed: expected 'Kendaraan lewat?
Kita Catat!' and found 'Kendaraan lewat?
Kita Catat!'
2025-06-26 11:40:10 [main] INFO  com.otakmager.keywords.ValidationKeyword - Element visible: Menu Pengamatan
2025-06-26 11:40:10 [main] INFO  com.otakmager.keywords.ValidationKeyword - Element visible: Menu Riwayat
2025-06-26 11:40:11 [main] INFO  com.otakmager.keywords.ValidationKeyword - Element visible: Menu Pengaturan
2025-06-26 11:40:11 [main] INFO  com.otakmager.keywords.ValidationKeyword - Element visible: Menu Dukungan
2025-06-26 11:40:11 [main] INFO  com.otakmager.base.BaseTest - TEST RESULT: com.otakmager.testCases.screen.HomeTest.homeScreenShouldLoadSuccessfully PASSED
2025-06-26 11:40:11 [main] INFO  com.otakmager.base.BaseTest - 
================== END TEST: com.otakmager.testCases.screen.HomeTest.homeScreenShouldLoadSuccessfully ==================

2025-06-26 11:40:13 [main] INFO  com.otakmager.utils.DriverFactory - AndroidDriver quit successfully
2025-06-26 11:40:13 [main] INFO  com.otakmager.utils.DriverFactory - Starting AndroidDriver initialization with useApkFile: true
2025-06-26 11:40:13 [main] INFO  com.otakmager.utils.DriverFactory - Using APK file: E:\Project\QA_quality_assurance\appium-project\AppiumHitorMobileTest/src/test/resources/hitor-v1.0.0-release.apk
2025-06-26 11:40:20 [main] INFO  com.otakmager.utils.DriverFactory - AndroidDriver initialized successfully
2025-06-26 11:40:20 [main] INFO  com.otakmager.base.BaseTest - 

================== START TEST: PilihJalanTest.pilihJalanScreenShouldLoadSuccessfully ==================

2025-06-26 11:40:20 [main] INFO  com.otakmager.keywords.ValidationKeyword - Element visible: Menu Pengamatan
2025-06-26 11:40:21 [main] INFO  com.otakmager.keywords.ActionKeyword - Clicked on element: Menu Pengamatan
2025-06-26 11:40:21 [main] INFO  com.otakmager.keywords.ActionKeyword - Retrieved text 'Pilih Jenis Jalan' from element: App Bar Title
2025-06-26 11:40:21 [main] INFO  com.otakmager.keywords.ValidationKeyword - Validation passed: expected 'Pilih Jenis Jalan' and found 'Pilih Jenis Jalan'
2025-06-26 11:40:21 [main] INFO  com.otakmager.keywords.ValidationKeyword - Element visible: App Bar Back Button
2025-06-26 11:40:21 [main] INFO  com.otakmager.keywords.ValidationKeyword - Element visible: Menu Jalan Raya
2025-06-26 11:40:21 [main] INFO  com.otakmager.keywords.ValidationKeyword - Element visible: Menu Jalan Tol
2025-06-26 11:40:21 [main] INFO  com.otakmager.base.BaseTest - TEST RESULT: com.otakmager.testCases.screen.PilihJalanTest.pilihJalanScreenShouldLoadSuccessfully PASSED
2025-06-26 11:40:21 [main] INFO  com.otakmager.base.BaseTest - 
================== END TEST: com.otakmager.testCases.screen.PilihJalanTest.pilihJalanScreenShouldLoadSuccessfully ==================

2025-06-26 11:40:22 [main] INFO  com.otakmager.utils.DriverFactory - AndroidDriver quit successfully
2025-06-26 11:41:11 [main] INFO  com.otakmager.utils.DriverFactory - Starting AndroidDriver initialization with useApkFile: true
2025-06-26 11:41:11 [main] INFO  com.otakmager.utils.ConfigReader - Loaded config.properties successfully
2025-06-26 11:41:12 [main] INFO  com.otakmager.utils.DriverFactory - Using APK file: E:\Project\QA_quality_assurance\appium-project\AppiumHitorMobileTest/src/test/resources/hitor-v1.0.0-release.apk
2025-06-26 11:41:20 [main] INFO  com.otakmager.utils.DriverFactory - AndroidDriver initialized successfully
2025-06-26 11:41:20 [main] INFO  com.otakmager.base.BaseTest - 

================== START TEST: HomeTest.homeScreenShouldLoadSuccessfully ==================

2025-06-26 11:41:21 [main] INFO  com.otakmager.keywords.ActionKeyword - Retrieved text 'Hitor' from element: App Title
2025-06-26 11:41:21 [main] INFO  com.otakmager.keywords.ValidationKeyword - Validation passed: expected 'Hitor' and found 'Hitor'
2025-06-26 11:41:21 [main] INFO  com.otakmager.keywords.ActionKeyword - Retrieved text 'Kendaraan lewat?
Kita Catat!' from element: App Desc
2025-06-26 11:41:21 [main] INFO  com.otakmager.keywords.ValidationKeyword - Validation passed: expected 'Kendaraan lewat?
Kita Catat!' and found 'Kendaraan lewat?
Kita Catat!'
2025-06-26 11:41:21 [main] INFO  com.otakmager.keywords.ValidationKeyword - Element visible: Menu Pengamatan
2025-06-26 11:41:21 [main] INFO  com.otakmager.keywords.ValidationKeyword - Element visible: Menu Riwayat
2025-06-26 11:41:21 [main] INFO  com.otakmager.keywords.ValidationKeyword - Element visible: Menu Pengaturan
2025-06-26 11:41:21 [main] INFO  com.otakmager.keywords.ValidationKeyword - Element visible: Menu Dukungan
2025-06-26 11:41:21 [main] INFO  com.otakmager.base.BaseTest - TEST RESULT: com.otakmager.testCases.screen.HomeTest.homeScreenShouldLoadSuccessfully PASSED
2025-06-26 11:41:21 [main] INFO  com.otakmager.base.BaseTest - 
================== END TEST: com.otakmager.testCases.screen.HomeTest.homeScreenShouldLoadSuccessfully ==================

2025-06-26 11:41:22 [main] INFO  com.otakmager.utils.DriverFactory - AndroidDriver quit successfully
2025-06-26 11:41:22 [main] INFO  com.otakmager.utils.DriverFactory - Starting AndroidDriver initialization with useApkFile: true
2025-06-26 11:41:22 [main] INFO  com.otakmager.utils.DriverFactory - Using APK file: E:\Project\QA_quality_assurance\appium-project\AppiumHitorMobileTest/src/test/resources/hitor-v1.0.0-release.apk
2025-06-26 11:41:29 [main] INFO  com.otakmager.utils.DriverFactory - AndroidDriver initialized successfully
2025-06-26 11:41:29 [main] INFO  com.otakmager.base.BaseTest - 

================== START TEST: PilihJalanTest.pilihJalanScreenShouldLoadSuccessfully ==================

2025-06-26 11:41:30 [main] INFO  com.otakmager.keywords.ValidationKeyword - Element visible: Menu Pengamatan
2025-06-26 11:41:31 [main] INFO  com.otakmager.keywords.ActionKeyword - Clicked on element: Menu Pengamatan
2025-06-26 11:41:31 [main] INFO  com.otakmager.keywords.ActionKeyword - Retrieved text 'Pilih Jenis Jalan' from element: App Bar Title
2025-06-26 11:41:31 [main] INFO  com.otakmager.keywords.ValidationKeyword - Validation passed: expected 'Pilih Jenis Jalan' and found 'Pilih Jenis Jalan'
2025-06-26 11:41:31 [main] INFO  com.otakmager.keywords.ValidationKeyword - Element visible: App Bar Back Button
2025-06-26 11:41:31 [main] INFO  com.otakmager.keywords.ValidationKeyword - Element visible: Menu Jalan Raya
2025-06-26 11:41:31 [main] INFO  com.otakmager.keywords.ValidationKeyword - Element visible: Menu Jalan Tol
2025-06-26 11:41:31 [main] INFO  com.otakmager.base.BaseTest - TEST RESULT: com.otakmager.testCases.screen.PilihJalanTest.pilihJalanScreenShouldLoadSuccessfully PASSED
2025-06-26 11:41:31 [main] INFO  com.otakmager.base.BaseTest - 
================== END TEST: com.otakmager.testCases.screen.PilihJalanTest.pilihJalanScreenShouldLoadSuccessfully ==================

2025-06-26 11:41:32 [main] INFO  com.otakmager.utils.DriverFactory - AndroidDriver quit successfully
2025-06-26 11:41:32 [main] INFO  com.otakmager.utils.RetryAnalyzer - Retrying test pilihKelompokScreenShouldLoadAfterChoosingJalanRaya with status FAILURE for the 1 time(s).
2025-06-26 11:41:32 [main] INFO  com.otakmager.utils.RetryAnalyzer - Retrying test pilihKelompokScreenShouldLoadAfterChoosingJalanRaya with status FAILURE for the 2 time(s).
2025-06-26 11:43:28 [main] INFO  com.otakmager.utils.DriverFactory - Starting AndroidDriver initialization with useApkFile: true
2025-06-26 11:43:28 [main] INFO  com.otakmager.utils.ConfigReader - Loaded config.properties successfully
2025-06-26 11:43:29 [main] INFO  com.otakmager.utils.DriverFactory - Using APK file: E:\Project\QA_quality_assurance\appium-project\AppiumHitorMobileTest/src/test/resources/hitor-v1.0.0-release.apk
2025-06-26 11:43:37 [main] INFO  com.otakmager.utils.DriverFactory - AndroidDriver initialized successfully
2025-06-26 11:43:37 [main] INFO  com.otakmager.base.BaseTest - 

================== START TEST: HomeTest.homeScreenShouldLoadSuccessfully ==================

2025-06-26 11:43:37 [main] INFO  com.otakmager.keywords.ActionKeyword - Retrieved text 'Hitor' from element: App Title
2025-06-26 11:43:37 [main] INFO  com.otakmager.keywords.ValidationKeyword - Validation passed: expected 'Hitor' and found 'Hitor'
2025-06-26 11:43:37 [main] INFO  com.otakmager.keywords.ActionKeyword - Retrieved text 'Kendaraan lewat?
Kita Catat!' from element: App Desc
2025-06-26 11:43:37 [main] INFO  com.otakmager.keywords.ValidationKeyword - Validation passed: expected 'Kendaraan lewat?
Kita Catat!' and found 'Kendaraan lewat?
Kita Catat!'
2025-06-26 11:43:38 [main] INFO  com.otakmager.keywords.ValidationKeyword - Element visible: Menu Pengamatan
2025-06-26 11:43:38 [main] INFO  com.otakmager.keywords.ValidationKeyword - Element visible: Menu Riwayat
2025-06-26 11:43:38 [main] INFO  com.otakmager.keywords.ValidationKeyword - Element visible: Menu Pengaturan
2025-06-26 11:43:38 [main] INFO  com.otakmager.keywords.ValidationKeyword - Element visible: Menu Dukungan
2025-06-26 11:43:38 [main] INFO  com.otakmager.base.BaseTest - TEST RESULT: com.otakmager.testCases.screen.HomeTest.homeScreenShouldLoadSuccessfully PASSED
2025-06-26 11:43:38 [main] INFO  com.otakmager.base.BaseTest - 
================== END TEST: com.otakmager.testCases.screen.HomeTest.homeScreenShouldLoadSuccessfully ==================

2025-06-26 11:43:39 [main] INFO  com.otakmager.utils.DriverFactory - AndroidDriver quit successfully
2025-06-26 11:43:39 [main] INFO  com.otakmager.utils.DriverFactory - Starting AndroidDriver initialization with useApkFile: true
2025-06-26 11:43:39 [main] INFO  com.otakmager.utils.DriverFactory - Using APK file: E:\Project\QA_quality_assurance\appium-project\AppiumHitorMobileTest/src/test/resources/hitor-v1.0.0-release.apk
2025-06-26 11:43:47 [main] INFO  com.otakmager.utils.DriverFactory - AndroidDriver initialized successfully
2025-06-26 11:43:47 [main] INFO  com.otakmager.base.BaseTest - 

================== START TEST: PilihJalanTest.pilihJalanScreenShouldLoadSuccessfully ==================

2025-06-26 11:43:47 [main] INFO  com.otakmager.keywords.ValidationKeyword - Element visible: Menu Pengamatan
2025-06-26 11:43:48 [main] INFO  com.otakmager.keywords.ActionKeyword - Clicked on element: Menu Pengamatan
2025-06-26 11:43:48 [main] INFO  com.otakmager.keywords.ActionKeyword - Retrieved text 'Pilih Jenis Jalan' from element: App Bar Title
2025-06-26 11:43:48 [main] INFO  com.otakmager.keywords.ValidationKeyword - Validation passed: expected 'Pilih Jenis Jalan' and found 'Pilih Jenis Jalan'
2025-06-26 11:43:48 [main] INFO  com.otakmager.keywords.ValidationKeyword - Element visible: App Bar Back Button
2025-06-26 11:43:48 [main] INFO  com.otakmager.keywords.ValidationKeyword - Element visible: Menu Jalan Raya
2025-06-26 11:43:48 [main] INFO  com.otakmager.keywords.ValidationKeyword - Element visible: Menu Jalan Tol
2025-06-26 11:43:48 [main] INFO  com.otakmager.base.BaseTest - TEST RESULT: com.otakmager.testCases.screen.PilihJalanTest.pilihJalanScreenShouldLoadSuccessfully PASSED
2025-06-26 11:43:48 [main] INFO  com.otakmager.base.BaseTest - 
================== END TEST: com.otakmager.testCases.screen.PilihJalanTest.pilihJalanScreenShouldLoadSuccessfully ==================

2025-06-26 11:43:49 [main] INFO  com.otakmager.utils.DriverFactory - AndroidDriver quit successfully
2025-06-26 11:43:49 [main] INFO  com.otakmager.utils.RetryAnalyzer - Retrying test pilihKelompokScreenShouldLoadAfterChoosingJalanRaya with status FAILURE for the 1 time(s).
2025-06-26 11:43:49 [main] INFO  com.otakmager.utils.RetryAnalyzer - Retrying test pilihKelompokScreenShouldLoadAfterChoosingJalanRaya with status FAILURE for the 2 time(s).
2025-06-26 11:45:32 [main] INFO  com.otakmager.utils.DriverFactory - Starting AndroidDriver initialization with useApkFile: true
2025-06-26 11:45:32 [main] INFO  com.otakmager.utils.ConfigReader - Loaded config.properties successfully
2025-06-26 11:45:32 [main] INFO  com.otakmager.utils.DriverFactory - Using APK file: E:\Project\QA_quality_assurance\appium-project\AppiumHitorMobileTest/src/test/resources/hitor-v1.0.0-release.apk
2025-06-26 11:45:40 [main] INFO  com.otakmager.utils.DriverFactory - AndroidDriver initialized successfully
2025-06-26 11:45:40 [main] INFO  com.otakmager.base.BaseTest - 

================== START TEST: HomeTest.homeScreenShouldLoadSuccessfully ==================

2025-06-26 11:45:40 [main] INFO  com.otakmager.keywords.ActionKeyword - Retrieved text 'Hitor' from element: App Title
2025-06-26 11:45:41 [main] INFO  com.otakmager.keywords.ValidationKeyword - Validation passed: expected 'Hitor' and found 'Hitor'
2025-06-26 11:45:41 [main] INFO  com.otakmager.keywords.ActionKeyword - Retrieved text 'Kendaraan lewat?
Kita Catat!' from element: App Desc
2025-06-26 11:45:41 [main] INFO  com.otakmager.keywords.ValidationKeyword - Validation passed: expected 'Kendaraan lewat?
Kita Catat!' and found 'Kendaraan lewat?
Kita Catat!'
2025-06-26 11:45:41 [main] INFO  com.otakmager.keywords.ValidationKeyword - Element visible: Menu Pengamatan
2025-06-26 11:45:41 [main] INFO  com.otakmager.keywords.ValidationKeyword - Element visible: Menu Riwayat
2025-06-26 11:45:41 [main] INFO  com.otakmager.keywords.ValidationKeyword - Element visible: Menu Pengaturan
2025-06-26 11:45:41 [main] INFO  com.otakmager.keywords.ValidationKeyword - Element visible: Menu Dukungan
2025-06-26 11:45:41 [main] INFO  com.otakmager.base.BaseTest - TEST RESULT: com.otakmager.testCases.screen.HomeTest.homeScreenShouldLoadSuccessfully PASSED
2025-06-26 11:45:41 [main] INFO  com.otakmager.base.BaseTest - 
================== END TEST: com.otakmager.testCases.screen.HomeTest.homeScreenShouldLoadSuccessfully ==================

2025-06-26 11:45:42 [main] INFO  com.otakmager.utils.DriverFactory - AndroidDriver quit successfully
2025-06-26 11:45:42 [main] INFO  com.otakmager.utils.RetryAnalyzer - Retrying test pilihKelompokScreenShouldLoadAfterChoosingJalanRaya with status FAILURE for the 1 time(s).
2025-06-26 11:45:42 [main] INFO  com.otakmager.utils.RetryAnalyzer - Retrying test pilihKelompokScreenShouldLoadAfterChoosingJalanRaya with status FAILURE for the 2 time(s).
2025-06-26 11:46:31 [main] INFO  com.otakmager.utils.RetryAnalyzer - Retrying test pilihKelompokScreenShouldLoadAfterChoosingJalanRaya with status FAILURE for the 1 time(s).
2025-06-26 11:46:31 [main] INFO  com.otakmager.utils.RetryAnalyzer - Retrying test pilihKelompokScreenShouldLoadAfterChoosingJalanRaya with status FAILURE for the 2 time(s).
2025-06-26 11:54:06 [main] INFO  com.otakmager.utils.RetryAnalyzer - Retrying test pilihKelompokScreenShouldLoadAfterChoosingJalanRaya with status FAILURE for the 1 time(s).
2025-06-26 11:54:06 [main] INFO  com.otakmager.utils.RetryAnalyzer - Retrying test pilihKelompokScreenShouldLoadAfterChoosingJalanRaya with status FAILURE for the 2 time(s).
2025-06-26 11:56:06 [main] INFO  com.otakmager.utils.DriverFactory - Starting AndroidDriver initialization with useApkFile: true
2025-06-26 11:56:06 [main] INFO  com.otakmager.utils.ConfigReader - Loaded config.properties successfully
2025-06-26 11:56:06 [main] INFO  com.otakmager.utils.DriverFactory - Using APK file: E:\Project\QA_quality_assurance\appium-project\AppiumHitorMobileTest/src/test/resources/hitor-v1.0.0-release.apk
2025-06-26 11:56:16 [main] INFO  com.otakmager.utils.DriverFactory - AndroidDriver initialized successfully
2025-06-26 11:56:16 [main] INFO  com.otakmager.base.BaseTest - 

================== START TEST: PilihKelompokTest.pilihKelompokScreenShouldLoadAfterChoosingJalanRaya ==================

2025-06-26 11:56:17 [main] INFO  com.otakmager.utils.RetryAnalyzer - Retrying test pilihKelompokScreenShouldLoadAfterChoosingJalanRaya with status FAILURE for the 1 time(s).
2025-06-26 11:56:17 [main] WARN  com.otakmager.base.BaseTest - TEST RESULT: com.otakmager.testCases.screen.PilihKelompokTest.pilihKelompokScreenShouldLoadAfterChoosingJalanRaya SKIPPED
2025-06-26 11:56:17 [main] INFO  com.otakmager.base.BaseTest - 
================== END TEST: com.otakmager.testCases.screen.PilihKelompokTest.pilihKelompokScreenShouldLoadAfterChoosingJalanRaya ==================

2025-06-26 11:56:18 [main] INFO  com.otakmager.utils.DriverFactory - AndroidDriver quit successfully
2025-06-26 11:56:18 [main] INFO  com.otakmager.utils.DriverFactory - Starting AndroidDriver initialization with useApkFile: true
2025-06-26 11:56:18 [main] INFO  com.otakmager.utils.DriverFactory - Using APK file: E:\Project\QA_quality_assurance\appium-project\AppiumHitorMobileTest/src/test/resources/hitor-v1.0.0-release.apk
2025-06-26 11:56:26 [main] INFO  com.otakmager.utils.DriverFactory - AndroidDriver initialized successfully
2025-06-26 11:56:26 [main] INFO  com.otakmager.base.BaseTest - 

================== START TEST: PilihKelompokTest.pilihKelompokScreenShouldLoadAfterChoosingJalanRaya ==================

2025-06-26 11:56:26 [main] INFO  com.otakmager.utils.RetryAnalyzer - Retrying test pilihKelompokScreenShouldLoadAfterChoosingJalanRaya with status FAILURE for the 2 time(s).
2025-06-26 11:56:27 [main] INFO  com.otakmager.utils.SuiteListener - Screenshot captured for failed test: pilihKelompokScreenShouldLoadAfterChoosingJalanRaya
2025-06-26 11:56:27 [main] INFO  com.otakmager.utils.SuiteListener - Screenshot saved at: E:\Project\QA_quality_assurance\appium-project\AppiumHitorMobileTest\screenshots\pilihKelompokScreenShouldLoadAfterChoosingJalanRaya
2025-06-26 11:56:27 [main] ERROR com.otakmager.base.BaseTest - TEST RESULT: com.otakmager.testCases.screen.PilihKelompokTest.pilihKelompokScreenShouldLoadAfterChoosingJalanRaya FAILED
2025-06-26 11:56:27 [main] INFO  com.otakmager.base.BaseTest - 
================== END TEST: com.otakmager.testCases.screen.PilihKelompokTest.pilihKelompokScreenShouldLoadAfterChoosingJalanRaya ==================

2025-06-26 11:56:28 [main] INFO  com.otakmager.utils.DriverFactory - AndroidDriver quit successfully
2025-06-26 11:56:28 [main] INFO  com.otakmager.utils.DriverFactory - Starting AndroidDriver initialization with useApkFile: true
2025-06-26 11:56:28 [main] INFO  com.otakmager.utils.DriverFactory - Using APK file: E:\Project\QA_quality_assurance\appium-project\AppiumHitorMobileTest/src/test/resources/hitor-v1.0.0-release.apk
2025-06-26 11:56:34 [main] INFO  com.otakmager.utils.DriverFactory - AndroidDriver initialized successfully
2025-06-26 11:56:34 [main] INFO  com.otakmager.base.BaseTest - 

================== START TEST: PilihKelompokTest.pilihKelompokScreenShouldLoadAfterChoosingJalanTol ==================

2025-06-26 11:56:35 [main] INFO  com.otakmager.keywords.ValidationKeyword - Element visible: Menu Pengamatan
2025-06-26 11:56:35 [main] INFO  com.otakmager.keywords.ActionKeyword - Clicked on element: Menu Pengamatan
2025-06-26 11:56:35 [main] INFO  com.otakmager.keywords.ValidationKeyword - Element visible: Menu Jalan Tol
2025-06-26 11:56:37 [main] INFO  com.otakmager.keywords.ActionKeyword - Clicked on element: Menu Jalan Tol
2025-06-26 11:56:37 [main] INFO  com.otakmager.keywords.ActionKeyword - Retrieved text 'Pilih Kelompok' from element: App Bar Title
2025-06-26 11:56:37 [main] INFO  com.otakmager.keywords.ValidationKeyword - Validation passed: expected 'Pilih Kelompok' and found 'Pilih Kelompok'
2025-06-26 11:56:37 [main] INFO  com.otakmager.keywords.ValidationKeyword - Element visible: App Bar Back Button
2025-06-26 11:56:37 [main] INFO  com.otakmager.utils.RetryAnalyzer - Retrying test pilihKelompokScreenShouldLoadAfterChoosingJalanTol with status FAILURE for the 1 time(s).
2025-06-26 11:56:37 [main] WARN  com.otakmager.base.BaseTest - TEST RESULT: com.otakmager.testCases.screen.PilihKelompokTest.pilihKelompokScreenShouldLoadAfterChoosingJalanTol SKIPPED
2025-06-26 11:56:37 [main] INFO  com.otakmager.base.BaseTest - 
================== END TEST: com.otakmager.testCases.screen.PilihKelompokTest.pilihKelompokScreenShouldLoadAfterChoosingJalanTol ==================

2025-06-26 11:56:38 [main] INFO  com.otakmager.utils.DriverFactory - AndroidDriver quit successfully
2025-06-26 11:56:38 [main] INFO  com.otakmager.utils.DriverFactory - Starting AndroidDriver initialization with useApkFile: true
2025-06-26 11:56:38 [main] INFO  com.otakmager.utils.DriverFactory - Using APK file: E:\Project\QA_quality_assurance\appium-project\AppiumHitorMobileTest/src/test/resources/hitor-v1.0.0-release.apk
2025-06-26 11:56:45 [main] INFO  com.otakmager.utils.DriverFactory - AndroidDriver initialized successfully
2025-06-26 11:56:45 [main] INFO  com.otakmager.base.BaseTest - 

================== START TEST: PilihKelompokTest.pilihKelompokScreenShouldLoadAfterChoosingJalanTol ==================

2025-06-26 11:56:45 [main] INFO  com.otakmager.keywords.ValidationKeyword - Element visible: Menu Pengamatan
2025-06-26 11:56:46 [main] INFO  com.otakmager.keywords.ActionKeyword - Clicked on element: Menu Pengamatan
2025-06-26 11:56:46 [main] INFO  com.otakmager.keywords.ValidationKeyword - Element visible: Menu Jalan Tol
2025-06-26 11:56:47 [main] INFO  com.otakmager.keywords.ActionKeyword - Clicked on element: Menu Jalan Tol
2025-06-26 11:56:47 [main] INFO  com.otakmager.keywords.ActionKeyword - Retrieved text 'Pilih Kelompok' from element: App Bar Title
2025-06-26 11:56:47 [main] INFO  com.otakmager.keywords.ValidationKeyword - Validation passed: expected 'Pilih Kelompok' and found 'Pilih Kelompok'
2025-06-26 11:56:47 [main] INFO  com.otakmager.keywords.ValidationKeyword - Element visible: App Bar Back Button
2025-06-26 11:56:47 [main] INFO  com.otakmager.utils.RetryAnalyzer - Retrying test pilihKelompokScreenShouldLoadAfterChoosingJalanTol with status FAILURE for the 2 time(s).
2025-06-26 11:56:48 [main] INFO  com.otakmager.utils.SuiteListener - Screenshot captured for failed test: pilihKelompokScreenShouldLoadAfterChoosingJalanTol
2025-06-26 11:56:48 [main] INFO  com.otakmager.utils.SuiteListener - Screenshot saved at: E:\Project\QA_quality_assurance\appium-project\AppiumHitorMobileTest\screenshots\pilihKelompokScreenShouldLoadAfterChoosingJalanTol
2025-06-26 11:56:48 [main] ERROR com.otakmager.base.BaseTest - TEST RESULT: com.otakmager.testCases.screen.PilihKelompokTest.pilihKelompokScreenShouldLoadAfterChoosingJalanTol FAILED
2025-06-26 11:56:48 [main] INFO  com.otakmager.base.BaseTest - 
================== END TEST: com.otakmager.testCases.screen.PilihKelompokTest.pilihKelompokScreenShouldLoadAfterChoosingJalanTol ==================

2025-06-26 11:56:49 [main] INFO  com.otakmager.utils.DriverFactory - AndroidDriver quit successfully
2025-06-26 12:04:55 [main] INFO  com.otakmager.utils.DriverFactory - Starting AndroidDriver initialization with useApkFile: true
2025-06-26 12:04:55 [main] INFO  com.otakmager.utils.ConfigReader - Loaded config.properties successfully
2025-06-26 12:04:56 [main] INFO  com.otakmager.utils.DriverFactory - Using APK file: E:\Project\QA_quality_assurance\appium-project\AppiumHitorMobileTest/src/test/resources/hitor-v1.0.0-release.apk
2025-06-26 12:05:09 [main] INFO  com.otakmager.utils.DriverFactory - AndroidDriver initialized successfully
2025-06-26 12:05:09 [main] INFO  com.otakmager.base.BaseTest - 

================== START TEST: PilihKelompokTest.pilihKelompokScreenShouldLoadAfterChoosingJalanRaya ==================

2025-06-26 12:05:11 [main] ERROR com.otakmager.keywords.ValidationKeyword - Element NOT FOUND: Menu Pengamatan
2025-06-26 12:05:11 [main] INFO  com.otakmager.utils.RetryAnalyzer - Retrying test pilihKelompokScreenShouldLoadAfterChoosingJalanRaya with status FAILURE for the 1 time(s).
2025-06-26 12:05:11 [main] WARN  com.otakmager.base.BaseTest - TEST RESULT: com.otakmager.testCases.screen.PilihKelompokTest.pilihKelompokScreenShouldLoadAfterChoosingJalanRaya SKIPPED
2025-06-26 12:05:11 [main] INFO  com.otakmager.base.BaseTest - 
================== END TEST: com.otakmager.testCases.screen.PilihKelompokTest.pilihKelompokScreenShouldLoadAfterChoosingJalanRaya ==================

2025-06-26 12:05:12 [main] INFO  com.otakmager.utils.DriverFactory - AndroidDriver quit successfully
2025-06-26 12:05:12 [main] INFO  com.otakmager.utils.DriverFactory - Starting AndroidDriver initialization with useApkFile: true
2025-06-26 12:05:12 [main] INFO  com.otakmager.utils.DriverFactory - Using APK file: E:\Project\QA_quality_assurance\appium-project\AppiumHitorMobileTest/src/test/resources/hitor-v1.0.0-release.apk
2025-06-26 12:05:20 [main] INFO  com.otakmager.utils.DriverFactory - AndroidDriver initialized successfully
2025-06-26 12:05:20 [main] INFO  com.otakmager.base.BaseTest - 

================== START TEST: PilihKelompokTest.pilihKelompokScreenShouldLoadAfterChoosingJalanRaya ==================

2025-06-26 12:05:20 [main] ERROR com.otakmager.keywords.ValidationKeyword - Element NOT FOUND: Menu Pengamatan
2025-06-26 12:05:20 [main] INFO  com.otakmager.utils.RetryAnalyzer - Retrying test pilihKelompokScreenShouldLoadAfterChoosingJalanRaya with status FAILURE for the 2 time(s).
2025-06-26 12:05:21 [main] INFO  com.otakmager.utils.SuiteListener - Screenshot captured for failed test: pilihKelompokScreenShouldLoadAfterChoosingJalanRaya
2025-06-26 12:05:21 [main] INFO  com.otakmager.utils.SuiteListener - Screenshot saved at: E:\Project\QA_quality_assurance\appium-project\AppiumHitorMobileTest\screenshots\pilihKelompokScreenShouldLoadAfterChoosingJalanRaya
2025-06-26 12:05:21 [main] ERROR com.otakmager.base.BaseTest - TEST RESULT: com.otakmager.testCases.screen.PilihKelompokTest.pilihKelompokScreenShouldLoadAfterChoosingJalanRaya FAILED
2025-06-26 12:05:21 [main] INFO  com.otakmager.base.BaseTest - 
================== END TEST: com.otakmager.testCases.screen.PilihKelompokTest.pilihKelompokScreenShouldLoadAfterChoosingJalanRaya ==================

2025-06-26 12:05:22 [main] INFO  com.otakmager.utils.DriverFactory - AndroidDriver quit successfully
2025-06-26 12:05:22 [main] INFO  com.otakmager.utils.DriverFactory - Starting AndroidDriver initialization with useApkFile: true
2025-06-26 12:05:22 [main] INFO  com.otakmager.utils.DriverFactory - Using APK file: E:\Project\QA_quality_assurance\appium-project\AppiumHitorMobileTest/src/test/resources/hitor-v1.0.0-release.apk
2025-06-26 12:05:30 [main] INFO  com.otakmager.utils.DriverFactory - AndroidDriver initialized successfully
2025-06-26 12:05:30 [main] INFO  com.otakmager.base.BaseTest - 

================== START TEST: PilihKelompokTest.pilihKelompokScreenShouldLoadAfterChoosingJalanTol ==================

2025-06-26 12:05:31 [main] INFO  com.otakmager.keywords.ValidationKeyword - Element visible: Menu Pengamatan
2025-06-26 12:05:32 [main] INFO  com.otakmager.keywords.ActionKeyword - Clicked on element: Menu Pengamatan
2025-06-26 12:05:32 [main] INFO  com.otakmager.keywords.ValidationKeyword - Element visible: Menu Jalan Tol
2025-06-26 12:05:33 [main] INFO  com.otakmager.keywords.ActionKeyword - Clicked on element: Menu Jalan Tol
2025-06-26 12:05:33 [main] INFO  com.otakmager.keywords.ActionKeyword - Retrieved text 'Pilih Kelompok' from element: App Bar Title
2025-06-26 12:05:33 [main] INFO  com.otakmager.keywords.ValidationKeyword - Validation passed: expected 'Pilih Kelompok' and found 'Pilih Kelompok'
2025-06-26 12:05:33 [main] INFO  com.otakmager.keywords.ValidationKeyword - Element visible: App Bar Back Button
2025-06-26 12:05:33 [main] ERROR com.otakmager.keywords.ValidationKeyword - Element NOT FOUND: Menu 6 Tipe
2025-06-26 12:05:33 [main] INFO  com.otakmager.utils.RetryAnalyzer - Retrying test pilihKelompokScreenShouldLoadAfterChoosingJalanTol with status FAILURE for the 1 time(s).
2025-06-26 12:05:33 [main] WARN  com.otakmager.base.BaseTest - TEST RESULT: com.otakmager.testCases.screen.PilihKelompokTest.pilihKelompokScreenShouldLoadAfterChoosingJalanTol SKIPPED
2025-06-26 12:05:33 [main] INFO  com.otakmager.base.BaseTest - 
================== END TEST: com.otakmager.testCases.screen.PilihKelompokTest.pilihKelompokScreenShouldLoadAfterChoosingJalanTol ==================

2025-06-26 12:05:34 [main] INFO  com.otakmager.utils.DriverFactory - AndroidDriver quit successfully
2025-06-26 12:05:34 [main] INFO  com.otakmager.utils.DriverFactory - Starting AndroidDriver initialization with useApkFile: true
2025-06-26 12:05:34 [main] INFO  com.otakmager.utils.DriverFactory - Using APK file: E:\Project\QA_quality_assurance\appium-project\AppiumHitorMobileTest/src/test/resources/hitor-v1.0.0-release.apk
2025-06-26 12:05:41 [main] INFO  com.otakmager.utils.DriverFactory - AndroidDriver initialized successfully
2025-06-26 12:05:41 [main] INFO  com.otakmager.base.BaseTest - 

================== START TEST: PilihKelompokTest.pilihKelompokScreenShouldLoadAfterChoosingJalanTol ==================

2025-06-26 12:05:41 [main] INFO  com.otakmager.keywords.ValidationKeyword - Element visible: Menu Pengamatan
2025-06-26 12:05:42 [main] INFO  com.otakmager.keywords.ActionKeyword - Clicked on element: Menu Pengamatan
2025-06-26 12:05:42 [main] INFO  com.otakmager.keywords.ValidationKeyword - Element visible: Menu Jalan Tol
2025-06-26 12:05:42 [main] INFO  com.otakmager.keywords.ActionKeyword - Clicked on element: Menu Jalan Tol
2025-06-26 12:05:43 [main] INFO  com.otakmager.keywords.ActionKeyword - Retrieved text 'Pilih Kelompok' from element: App Bar Title
2025-06-26 12:05:43 [main] INFO  com.otakmager.keywords.ValidationKeyword - Validation passed: expected 'Pilih Kelompok' and found 'Pilih Kelompok'
2025-06-26 12:05:43 [main] INFO  com.otakmager.keywords.ValidationKeyword - Element visible: App Bar Back Button
2025-06-26 12:05:43 [main] ERROR com.otakmager.keywords.ValidationKeyword - Element NOT FOUND: Menu 6 Tipe
2025-06-26 12:05:43 [main] INFO  com.otakmager.utils.RetryAnalyzer - Retrying test pilihKelompokScreenShouldLoadAfterChoosingJalanTol with status FAILURE for the 2 time(s).
2025-06-26 12:05:43 [main] INFO  com.otakmager.utils.SuiteListener - Screenshot captured for failed test: pilihKelompokScreenShouldLoadAfterChoosingJalanTol
2025-06-26 12:05:43 [main] INFO  com.otakmager.utils.SuiteListener - Screenshot saved at: E:\Project\QA_quality_assurance\appium-project\AppiumHitorMobileTest\screenshots\pilihKelompokScreenShouldLoadAfterChoosingJalanTol
2025-06-26 12:05:43 [main] ERROR com.otakmager.base.BaseTest - TEST RESULT: com.otakmager.testCases.screen.PilihKelompokTest.pilihKelompokScreenShouldLoadAfterChoosingJalanTol FAILED
2025-06-26 12:05:43 [main] INFO  com.otakmager.base.BaseTest - 
================== END TEST: com.otakmager.testCases.screen.PilihKelompokTest.pilihKelompokScreenShouldLoadAfterChoosingJalanTol ==================

2025-06-26 12:05:44 [main] INFO  com.otakmager.utils.DriverFactory - AndroidDriver quit successfully
2025-06-26 12:13:15 [main] INFO  com.otakmager.utils.DriverFactory - Starting AndroidDriver initialization with useApkFile: true
2025-06-26 12:13:15 [main] INFO  com.otakmager.utils.ConfigReader - Loaded config.properties successfully
2025-06-26 12:13:15 [main] INFO  com.otakmager.utils.DriverFactory - Using APK file: E:\Project\QA_quality_assurance\appium-project\AppiumHitorMobileTest/src/test/resources/hitor-v1.0.0-release.apk
2025-06-26 12:13:29 [main] INFO  com.otakmager.utils.DriverFactory - AndroidDriver initialized successfully
2025-06-26 12:13:29 [main] INFO  com.otakmager.base.BaseTest - 

================== START TEST: PilihKelompokTest.pilihKelompokScreenShouldLoadAfterChoosingJalanRaya ==================

2025-06-26 12:13:30 [main] INFO  com.otakmager.keywords.ValidationKeyword - Element visible: Menu Pengamatan
2025-06-26 12:13:30 [main] INFO  com.otakmager.keywords.ActionKeyword - Clicked on element: Menu Pengamatan
2025-06-26 12:13:30 [main] INFO  com.otakmager.keywords.ValidationKeyword - Element visible: Menu Jalan Raya
2025-06-26 12:13:31 [main] INFO  com.otakmager.keywords.ActionKeyword - Clicked on element: Menu Jalan Raya
2025-06-26 12:13:31 [main] INFO  com.otakmager.keywords.ActionKeyword - Retrieved text 'Pilih Kelompok' from element: App Bar Title
2025-06-26 12:13:31 [main] INFO  com.otakmager.keywords.ValidationKeyword - Validation passed: expected 'Pilih Kelompok' and found 'Pilih Kelompok'
2025-06-26 12:13:31 [main] INFO  com.otakmager.keywords.ValidationKeyword - Element visible: App Bar Back Button
2025-06-26 12:13:31 [main] INFO  com.otakmager.keywords.ValidationKeyword - Element visible: Menu 5 Tipe
2025-06-26 12:13:31 [main] INFO  com.otakmager.keywords.ValidationKeyword - Element visible: Menu 8 Tipe
2025-06-26 12:13:32 [main] ERROR com.otakmager.keywords.ValidationKeyword - Element NOT FOUND: Menu 12 Tipe
2025-06-26 12:13:32 [main] INFO  com.otakmager.utils.RetryAnalyzer - Retrying test pilihKelompokScreenShouldLoadAfterChoosingJalanRaya with status FAILURE for the 1 time(s).
2025-06-26 12:13:32 [main] WARN  com.otakmager.base.BaseTest - TEST RESULT: com.otakmager.testCases.screen.PilihKelompokTest.pilihKelompokScreenShouldLoadAfterChoosingJalanRaya SKIPPED
2025-06-26 12:13:32 [main] INFO  com.otakmager.base.BaseTest - 
================== END TEST: com.otakmager.testCases.screen.PilihKelompokTest.pilihKelompokScreenShouldLoadAfterChoosingJalanRaya ==================

2025-06-26 12:13:32 [main] INFO  com.otakmager.utils.DriverFactory - AndroidDriver quit successfully
2025-06-26 12:13:32 [main] INFO  com.otakmager.utils.DriverFactory - Starting AndroidDriver initialization with useApkFile: true
2025-06-26 12:13:32 [main] INFO  com.otakmager.utils.DriverFactory - Using APK file: E:\Project\QA_quality_assurance\appium-project\AppiumHitorMobileTest/src/test/resources/hitor-v1.0.0-release.apk
2025-06-26 12:13:40 [main] INFO  com.otakmager.utils.DriverFactory - AndroidDriver initialized successfully
2025-06-26 12:13:40 [main] INFO  com.otakmager.base.BaseTest - 

================== START TEST: PilihKelompokTest.pilihKelompokScreenShouldLoadAfterChoosingJalanRaya ==================

2025-06-26 12:13:41 [main] INFO  com.otakmager.keywords.ValidationKeyword - Element visible: Menu Pengamatan
2025-06-26 12:13:41 [main] INFO  com.otakmager.keywords.ActionKeyword - Clicked on element: Menu Pengamatan
2025-06-26 12:13:41 [main] INFO  com.otakmager.keywords.ValidationKeyword - Element visible: Menu Jalan Raya
2025-06-26 12:13:42 [main] INFO  com.otakmager.keywords.ActionKeyword - Clicked on element: Menu Jalan Raya
2025-06-26 12:13:42 [main] INFO  com.otakmager.keywords.ActionKeyword - Retrieved text 'Pilih Kelompok' from element: App Bar Title
2025-06-26 12:13:42 [main] INFO  com.otakmager.keywords.ValidationKeyword - Validation passed: expected 'Pilih Kelompok' and found 'Pilih Kelompok'
2025-06-26 12:13:42 [main] INFO  com.otakmager.keywords.ValidationKeyword - Element visible: App Bar Back Button
2025-06-26 12:13:42 [main] INFO  com.otakmager.keywords.ValidationKeyword - Element visible: Menu 5 Tipe
2025-06-26 12:13:43 [main] INFO  com.otakmager.keywords.ValidationKeyword - Element visible: Menu 8 Tipe
2025-06-26 12:13:43 [main] ERROR com.otakmager.keywords.ValidationKeyword - Element NOT FOUND: Menu 12 Tipe
2025-06-26 12:13:43 [main] INFO  com.otakmager.utils.RetryAnalyzer - Retrying test pilihKelompokScreenShouldLoadAfterChoosingJalanRaya with status FAILURE for the 2 time(s).
2025-06-26 12:13:43 [main] INFO  com.otakmager.utils.SuiteListener - Screenshot captured for failed test: pilihKelompokScreenShouldLoadAfterChoosingJalanRaya
2025-06-26 12:13:43 [main] INFO  com.otakmager.utils.SuiteListener - Screenshot saved at: E:\Project\QA_quality_assurance\appium-project\AppiumHitorMobileTest\screenshots\pilihKelompokScreenShouldLoadAfterChoosingJalanRaya
2025-06-26 12:13:43 [main] ERROR com.otakmager.base.BaseTest - TEST RESULT: com.otakmager.testCases.screen.PilihKelompokTest.pilihKelompokScreenShouldLoadAfterChoosingJalanRaya FAILED
2025-06-26 12:13:43 [main] INFO  com.otakmager.base.BaseTest - 
================== END TEST: com.otakmager.testCases.screen.PilihKelompokTest.pilihKelompokScreenShouldLoadAfterChoosingJalanRaya ==================

2025-06-26 12:13:44 [main] INFO  com.otakmager.utils.DriverFactory - AndroidDriver quit successfully
2025-06-26 12:13:44 [main] INFO  com.otakmager.utils.DriverFactory - Starting AndroidDriver initialization with useApkFile: true
2025-06-26 12:13:44 [main] INFO  com.otakmager.utils.DriverFactory - Using APK file: E:\Project\QA_quality_assurance\appium-project\AppiumHitorMobileTest/src/test/resources/hitor-v1.0.0-release.apk
2025-06-26 12:13:51 [main] INFO  com.otakmager.utils.DriverFactory - AndroidDriver initialized successfully
2025-06-26 12:13:51 [main] INFO  com.otakmager.base.BaseTest - 

================== START TEST: PilihKelompokTest.pilihKelompokScreenShouldLoadAfterChoosingJalanTol ==================

2025-06-26 12:13:51 [main] INFO  com.otakmager.keywords.ValidationKeyword - Element visible: Menu Pengamatan
2025-06-26 12:13:52 [main] INFO  com.otakmager.keywords.ActionKeyword - Clicked on element: Menu Pengamatan
2025-06-26 12:13:52 [main] INFO  com.otakmager.keywords.ValidationKeyword - Element visible: Menu Jalan Tol
2025-06-26 12:13:52 [main] INFO  com.otakmager.keywords.ActionKeyword - Clicked on element: Menu Jalan Tol
2025-06-26 12:13:53 [main] INFO  com.otakmager.keywords.ActionKeyword - Retrieved text 'Pilih Kelompok' from element: App Bar Title
2025-06-26 12:13:53 [main] INFO  com.otakmager.keywords.ValidationKeyword - Validation passed: expected 'Pilih Kelompok' and found 'Pilih Kelompok'
2025-06-26 12:13:53 [main] INFO  com.otakmager.keywords.ValidationKeyword - Element visible: App Bar Back Button
2025-06-26 12:13:53 [main] INFO  com.otakmager.keywords.ValidationKeyword - Element visible: Menu 6 Tipe
2025-06-26 12:13:53 [main] INFO  com.otakmager.base.BaseTest - TEST RESULT: com.otakmager.testCases.screen.PilihKelompokTest.pilihKelompokScreenShouldLoadAfterChoosingJalanTol PASSED
2025-06-26 12:13:53 [main] INFO  com.otakmager.base.BaseTest - 
================== END TEST: com.otakmager.testCases.screen.PilihKelompokTest.pilihKelompokScreenShouldLoadAfterChoosingJalanTol ==================

2025-06-26 12:13:53 [main] INFO  com.otakmager.utils.DriverFactory - AndroidDriver quit successfully
2025-06-26 12:14:31 [main] INFO  com.otakmager.utils.DriverFactory - Starting AndroidDriver initialization with useApkFile: true
2025-06-26 12:14:31 [main] INFO  com.otakmager.utils.ConfigReader - Loaded config.properties successfully
2025-06-26 12:14:31 [main] INFO  com.otakmager.utils.DriverFactory - Using APK file: E:\Project\QA_quality_assurance\appium-project\AppiumHitorMobileTest/src/test/resources/hitor-v1.0.0-release.apk
2025-06-26 12:14:39 [main] INFO  com.otakmager.utils.DriverFactory - AndroidDriver initialized successfully
2025-06-26 12:14:39 [main] INFO  com.otakmager.base.BaseTest - 

================== START TEST: PilihKelompokTest.pilihKelompokScreenShouldLoadAfterChoosingJalanRaya ==================

2025-06-26 12:14:39 [main] INFO  com.otakmager.keywords.ValidationKeyword - Element visible: Menu Pengamatan
2025-06-26 12:14:40 [main] INFO  com.otakmager.keywords.ActionKeyword - Clicked on element: Menu Pengamatan
2025-06-26 12:14:40 [main] INFO  com.otakmager.keywords.ValidationKeyword - Element visible: Menu Jalan Raya
2025-06-26 12:14:41 [main] INFO  com.otakmager.keywords.ActionKeyword - Clicked on element: Menu Jalan Raya
2025-06-26 12:14:41 [main] INFO  com.otakmager.keywords.ActionKeyword - Retrieved text 'Pilih Kelompok' from element: App Bar Title
2025-06-26 12:14:41 [main] INFO  com.otakmager.keywords.ValidationKeyword - Validation passed: expected 'Pilih Kelompok' and found 'Pilih Kelompok'
2025-06-26 12:14:41 [main] INFO  com.otakmager.keywords.ValidationKeyword - Element visible: App Bar Back Button
2025-06-26 12:14:41 [main] INFO  com.otakmager.keywords.ValidationKeyword - Element visible: Menu 5 Tipe
2025-06-26 12:14:41 [main] INFO  com.otakmager.keywords.ValidationKeyword - Element visible: Menu 8 Tipe
2025-06-26 12:14:41 [main] INFO  com.otakmager.keywords.ValidationKeyword - Element visible: Menu 12 Tipe
2025-06-26 12:14:41 [main] INFO  com.otakmager.base.BaseTest - TEST RESULT: com.otakmager.testCases.screen.PilihKelompokTest.pilihKelompokScreenShouldLoadAfterChoosingJalanRaya PASSED
2025-06-26 12:14:41 [main] INFO  com.otakmager.base.BaseTest - 
================== END TEST: com.otakmager.testCases.screen.PilihKelompokTest.pilihKelompokScreenShouldLoadAfterChoosingJalanRaya ==================

2025-06-26 12:14:42 [main] INFO  com.otakmager.utils.DriverFactory - AndroidDriver quit successfully
2025-06-26 12:14:42 [main] INFO  com.otakmager.utils.DriverFactory - Starting AndroidDriver initialization with useApkFile: true
2025-06-26 12:14:42 [main] INFO  com.otakmager.utils.DriverFactory - Using APK file: E:\Project\QA_quality_assurance\appium-project\AppiumHitorMobileTest/src/test/resources/hitor-v1.0.0-release.apk
2025-06-26 12:14:49 [main] INFO  com.otakmager.utils.DriverFactory - AndroidDriver initialized successfully
2025-06-26 12:14:49 [main] INFO  com.otakmager.base.BaseTest - 

================== START TEST: PilihKelompokTest.pilihKelompokScreenShouldLoadAfterChoosingJalanTol ==================

2025-06-26 12:14:50 [main] INFO  com.otakmager.keywords.ValidationKeyword - Element visible: Menu Pengamatan
2025-06-26 12:14:50 [main] INFO  com.otakmager.keywords.ActionKeyword - Clicked on element: Menu Pengamatan
2025-06-26 12:14:50 [main] INFO  com.otakmager.keywords.ValidationKeyword - Element visible: Menu Jalan Tol
2025-06-26 12:14:51 [main] INFO  com.otakmager.keywords.ActionKeyword - Clicked on element: Menu Jalan Tol
2025-06-26 12:14:51 [main] INFO  com.otakmager.keywords.ActionKeyword - Retrieved text 'Pilih Kelompok' from element: App Bar Title
2025-06-26 12:14:51 [main] INFO  com.otakmager.keywords.ValidationKeyword - Validation passed: expected 'Pilih Kelompok' and found 'Pilih Kelompok'
2025-06-26 12:14:51 [main] INFO  com.otakmager.keywords.ValidationKeyword - Element visible: App Bar Back Button
2025-06-26 12:14:51 [main] INFO  com.otakmager.keywords.ValidationKeyword - Element visible: Menu 6 Tipe
2025-06-26 12:14:51 [main] INFO  com.otakmager.base.BaseTest - TEST RESULT: com.otakmager.testCases.screen.PilihKelompokTest.pilihKelompokScreenShouldLoadAfterChoosingJalanTol PASSED
2025-06-26 12:14:51 [main] INFO  com.otakmager.base.BaseTest - 
================== END TEST: com.otakmager.testCases.screen.PilihKelompokTest.pilihKelompokScreenShouldLoadAfterChoosingJalanTol ==================

2025-06-26 12:14:52 [main] INFO  com.otakmager.utils.DriverFactory - AndroidDriver quit successfully
2025-06-28 21:44:37 [main] INFO  com.otakmager.utils.DriverFactory - Starting AndroidDriver initialization with useApkFile: true
2025-06-28 21:44:37 [main] INFO  com.otakmager.utils.ConfigReader - Loaded config.properties successfully
2025-06-28 21:44:38 [main] INFO  com.otakmager.utils.DriverFactory - Using APK file: E:\Project\QA_quality_assurance\appium-project\AppiumHitorMobileTest/src/test/resources/hitor-v1.0.0-release.apk
2025-06-28 21:45:03 [main] INFO  com.otakmager.utils.DriverFactory - AndroidDriver initialized successfully
2025-06-28 21:45:03 [main] INFO  com.otakmager.base.BaseTest - 

================== START TEST: HomeTest.homeScreenShouldLoadSuccessfully ==================

2025-06-28 21:45:04 [main] INFO  com.otakmager.keywords.ActionKeyword - Retrieved text 'Hitor' from element: App Title
2025-06-28 21:45:04 [main] INFO  com.otakmager.keywords.ValidationKeyword - Validation passed: expected 'Hitor' and found 'Hitor'
2025-06-28 21:45:04 [main] INFO  com.otakmager.keywords.ActionKeyword - Retrieved text 'Kendaraan lewat?
Kita Catat!' from element: App Desc
2025-06-28 21:45:04 [main] INFO  com.otakmager.keywords.ValidationKeyword - Validation passed: expected 'Kendaraan lewat?
Kita Catat!' and found 'Kendaraan lewat?
Kita Catat!'
2025-06-28 21:45:05 [main] INFO  com.otakmager.keywords.ValidationKeyword - Element visible: Menu Pengamatan
2025-06-28 21:45:05 [main] INFO  com.otakmager.keywords.ValidationKeyword - Element visible: Menu Riwayat
2025-06-28 21:45:05 [main] INFO  com.otakmager.keywords.ValidationKeyword - Element visible: Menu Pengaturan
2025-06-28 21:45:06 [main] INFO  com.otakmager.keywords.ValidationKeyword - Element visible: Menu Dukungan
2025-06-28 21:45:06 [main] INFO  com.otakmager.base.BaseTest - TEST RESULT: com.otakmager.testCases.screen.HomeTest.homeScreenShouldLoadSuccessfully PASSED
2025-06-28 21:45:06 [main] INFO  com.otakmager.base.BaseTest - 
================== END TEST: com.otakmager.testCases.screen.HomeTest.homeScreenShouldLoadSuccessfully ==================

2025-06-28 21:45:07 [main] INFO  com.otakmager.utils.DriverFactory - AndroidDriver quit successfully
2025-06-28 21:45:07 [main] INFO  com.otakmager.utils.DriverFactory - Starting AndroidDriver initialization with useApkFile: true
2025-06-28 21:45:07 [main] INFO  com.otakmager.utils.DriverFactory - Using APK file: E:\Project\QA_quality_assurance\appium-project\AppiumHitorMobileTest/src/test/resources/hitor-v1.0.0-release.apk
2025-06-28 21:45:15 [main] INFO  com.otakmager.utils.DriverFactory - AndroidDriver initialized successfully
2025-06-28 21:45:15 [main] INFO  com.otakmager.base.BaseTest - 

================== START TEST: PilihJalanTest.pilihJalanScreenShouldLoadSuccessfully ==================

2025-06-28 21:45:15 [main] INFO  com.otakmager.keywords.ValidationKeyword - Element visible: Menu Pengamatan
2025-06-28 21:45:16 [main] INFO  com.otakmager.keywords.ActionKeyword - Clicked on element: Menu Pengamatan
2025-06-28 21:45:16 [main] INFO  com.otakmager.keywords.ActionKeyword - Retrieved text 'Pilih Jenis Jalan' from element: App Bar Title
2025-06-28 21:45:16 [main] INFO  com.otakmager.keywords.ValidationKeyword - Validation passed: expected 'Pilih Jenis Jalan' and found 'Pilih Jenis Jalan'
2025-06-28 21:45:16 [main] INFO  com.otakmager.keywords.ValidationKeyword - Element visible: App Bar Back Button
2025-06-28 21:45:16 [main] INFO  com.otakmager.keywords.ValidationKeyword - Element visible: Menu Jalan Raya
2025-06-28 21:45:16 [main] INFO  com.otakmager.keywords.ValidationKeyword - Element visible: Menu Jalan Tol
2025-06-28 21:45:16 [main] INFO  com.otakmager.base.BaseTest - TEST RESULT: com.otakmager.testCases.screen.PilihJalanTest.pilihJalanScreenShouldLoadSuccessfully PASSED
2025-06-28 21:45:16 [main] INFO  com.otakmager.base.BaseTest - 
================== END TEST: com.otakmager.testCases.screen.PilihJalanTest.pilihJalanScreenShouldLoadSuccessfully ==================

2025-06-28 21:45:18 [main] INFO  com.otakmager.utils.DriverFactory - AndroidDriver quit successfully
2025-06-28 21:45:18 [main] INFO  com.otakmager.utils.DriverFactory - Starting AndroidDriver initialization with useApkFile: true
2025-06-28 21:45:18 [main] INFO  com.otakmager.utils.DriverFactory - Using APK file: E:\Project\QA_quality_assurance\appium-project\AppiumHitorMobileTest/src/test/resources/hitor-v1.0.0-release.apk
2025-06-28 21:45:26 [main] INFO  com.otakmager.utils.DriverFactory - AndroidDriver initialized successfully
2025-06-28 21:45:26 [main] INFO  com.otakmager.base.BaseTest - 

================== START TEST: PilihKelompokTest.pilihKelompokScreenShouldLoadAfterChoosingJalanRaya ==================

2025-06-28 21:45:26 [main] INFO  com.otakmager.keywords.ValidationKeyword - Element visible: Menu Pengamatan
2025-06-28 21:45:27 [main] INFO  com.otakmager.keywords.ActionKeyword - Clicked on element: Menu Pengamatan
2025-06-28 21:45:27 [main] INFO  com.otakmager.keywords.ValidationKeyword - Element visible: Menu Jalan Raya
2025-06-28 21:45:28 [main] INFO  com.otakmager.keywords.ActionKeyword - Clicked on element: Menu Jalan Raya
2025-06-28 21:45:28 [main] INFO  com.otakmager.keywords.ActionKeyword - Retrieved text 'Pilih Kelompok' from element: App Bar Title
2025-06-28 21:45:28 [main] INFO  com.otakmager.keywords.ValidationKeyword - Validation passed: expected 'Pilih Kelompok' and found 'Pilih Kelompok'
2025-06-28 21:45:28 [main] INFO  com.otakmager.keywords.ValidationKeyword - Element visible: App Bar Back Button
2025-06-28 21:45:28 [main] INFO  com.otakmager.keywords.ValidationKeyword - Element visible: Menu 5 Tipe
2025-06-28 21:45:28 [main] INFO  com.otakmager.keywords.ValidationKeyword - Element visible: Menu 8 Tipe
2025-06-28 21:45:28 [main] INFO  com.otakmager.keywords.ValidationKeyword - Element visible: Menu 12 Tipe
2025-06-28 21:45:28 [main] INFO  com.otakmager.base.BaseTest - TEST RESULT: com.otakmager.testCases.screen.PilihKelompokTest.pilihKelompokScreenShouldLoadAfterChoosingJalanRaya PASSED
2025-06-28 21:45:28 [main] INFO  com.otakmager.base.BaseTest - 
================== END TEST: com.otakmager.testCases.screen.PilihKelompokTest.pilihKelompokScreenShouldLoadAfterChoosingJalanRaya ==================

2025-06-28 21:45:29 [main] INFO  com.otakmager.utils.DriverFactory - AndroidDriver quit successfully
2025-06-28 21:45:29 [main] INFO  com.otakmager.utils.DriverFactory - Starting AndroidDriver initialization with useApkFile: true
2025-06-28 21:45:29 [main] INFO  com.otakmager.utils.DriverFactory - Using APK file: E:\Project\QA_quality_assurance\appium-project\AppiumHitorMobileTest/src/test/resources/hitor-v1.0.0-release.apk
2025-06-28 21:45:36 [main] INFO  com.otakmager.utils.DriverFactory - AndroidDriver initialized successfully
2025-06-28 21:45:36 [main] INFO  com.otakmager.base.BaseTest - 

================== START TEST: PilihKelompokTest.pilihKelompokScreenShouldLoadAfterChoosingJalanTol ==================

2025-06-28 21:45:37 [main] INFO  com.otakmager.keywords.ValidationKeyword - Element visible: Menu Pengamatan
2025-06-28 21:45:37 [main] INFO  com.otakmager.keywords.ActionKeyword - Clicked on element: Menu Pengamatan
2025-06-28 21:45:37 [main] INFO  com.otakmager.keywords.ValidationKeyword - Element visible: Menu Jalan Tol
2025-06-28 21:45:38 [main] INFO  com.otakmager.keywords.ActionKeyword - Clicked on element: Menu Jalan Tol
2025-06-28 21:45:38 [main] INFO  com.otakmager.keywords.ActionKeyword - Retrieved text 'Pilih Kelompok' from element: App Bar Title
2025-06-28 21:45:38 [main] INFO  com.otakmager.keywords.ValidationKeyword - Validation passed: expected 'Pilih Kelompok' and found 'Pilih Kelompok'
2025-06-28 21:45:38 [main] INFO  com.otakmager.keywords.ValidationKeyword - Element visible: App Bar Back Button
2025-06-28 21:45:38 [main] INFO  com.otakmager.keywords.ValidationKeyword - Element visible: Menu 6 Tipe
2025-06-28 21:45:38 [main] INFO  com.otakmager.base.BaseTest - TEST RESULT: com.otakmager.testCases.screen.PilihKelompokTest.pilihKelompokScreenShouldLoadAfterChoosingJalanTol PASSED
2025-06-28 21:45:38 [main] INFO  com.otakmager.base.BaseTest - 
================== END TEST: com.otakmager.testCases.screen.PilihKelompokTest.pilihKelompokScreenShouldLoadAfterChoosingJalanTol ==================

2025-06-28 21:45:39 [main] INFO  com.otakmager.utils.DriverFactory - AndroidDriver quit successfully
2025-06-28 21:45:39 [main] INFO  com.otakmager.utils.DriverFactory - Starting AndroidDriver initialization with useApkFile: true
2025-06-28 21:45:39 [main] INFO  com.otakmager.utils.DriverFactory - Using APK file: E:\Project\QA_quality_assurance\appium-project\AppiumHitorMobileTest/src/test/resources/hitor-v1.0.0-release.apk
2025-06-28 21:45:47 [main] INFO  com.otakmager.utils.DriverFactory - AndroidDriver initialized successfully
2025-06-28 21:45:47 [main] INFO  com.otakmager.base.BaseTest - 

================== START TEST: CounterTest.counterScreenShouldLoadSuccessfully ==================

2025-06-28 21:45:47 [main] INFO  com.otakmager.keywords.ValidationKeyword - Element visible: Menu Pengamatan
2025-06-28 21:45:48 [main] INFO  com.otakmager.keywords.ActionKeyword - Clicked on element: Menu Pengamatan
2025-06-28 21:45:48 [main] INFO  com.otakmager.keywords.ValidationKeyword - Element visible: Menu Jalan Raya
2025-06-28 21:45:49 [main] INFO  com.otakmager.keywords.ActionKeyword - Clicked on element: Menu Jalan Raya
2025-06-28 21:45:49 [main] INFO  com.otakmager.keywords.ValidationKeyword - Element visible: Menu 5 Tipe
2025-06-28 21:45:59 [main] INFO  com.otakmager.keywords.ActionKeyword - Clicked on element: Menu 5 Tipe
2025-06-28 21:46:30 [main] INFO  com.otakmager.keywords.ValidationKeyword - Element visible: App Bar Back Button
2025-06-28 21:47:20 [main] INFO  com.otakmager.keywords.ValidationKeyword - Element visible: App Bar Reset Button
2025-06-28 21:48:10 [main] INFO  com.otakmager.keywords.ValidationKeyword - Element visible: App Bar Finish Button
2025-06-28 21:48:51 [main] INFO  com.otakmager.keywords.ActionKeyword - Clicked on element: App Bar Reset Button
2025-06-28 21:48:51 [main] INFO  com.otakmager.keywords.ValidationKeyword - Element visible: Alert Dialog Title
2025-06-28 21:48:52 [main] INFO  com.otakmager.keywords.ValidationKeyword - Element visible: Alert Dialog Desc Reset
2025-06-28 21:48:52 [main] INFO  com.otakmager.keywords.ValidationKeyword - Element visible: Alert Dialog Yes Button
2025-06-28 21:48:52 [main] INFO  com.otakmager.keywords.ValidationKeyword - Element visible: Alert Dialog Cancel Button
2025-06-28 21:48:53 [main] INFO  com.otakmager.keywords.ActionKeyword - Retrieved text 'Apakah Anda Yakin?' from element: Alert Dialog Title
2025-06-28 21:48:53 [main] INFO  com.otakmager.keywords.ActionKeyword - Retrieved text 'Tindakan ini akan menghapus data yang sudah diinput dan memulai dari awal kembali.' from element: Alert Dialog Desc Reset
2025-06-28 21:48:53 [main] INFO  com.otakmager.keywords.ValidationKeyword - Validation passed: expected 'Apakah Anda Yakin?' and found 'Apakah Anda Yakin?'
2025-06-28 21:48:53 [main] INFO  com.otakmager.keywords.ValidationKeyword - Validation passed: expected 'Tindakan ini akan menghapus data yang sudah diinput dan memulai dari awal kembali.' and found 'Tindakan ini akan menghapus data yang sudah diinput dan memulai dari awal kembali.'
2025-06-28 21:49:03 [main] INFO  com.otakmager.keywords.ActionKeyword - Clicked on element: Alert Dialog Cancel Button
2025-06-28 21:49:44 [main] INFO  com.otakmager.keywords.ActionKeyword - Clicked on element: App Bar Finish Button
2025-06-28 21:49:44 [main] INFO  com.otakmager.keywords.ValidationKeyword - Element visible: Alert Dialog Title
2025-06-28 21:49:44 [main] INFO  com.otakmager.keywords.ValidationKeyword - Element visible: Alert Dialog Desc Finish
2025-06-28 21:49:44 [main] INFO  com.otakmager.keywords.ValidationKeyword - Element visible: Alert Dialog Yes Button
2025-06-28 21:49:44 [main] INFO  com.otakmager.keywords.ValidationKeyword - Element visible: Alert Dialog Cancel Button
2025-06-28 21:49:45 [main] INFO  com.otakmager.keywords.ActionKeyword - Retrieved text 'Apakah Anda Yakin?' from element: Alert Dialog Title
2025-06-28 21:49:45 [main] INFO  com.otakmager.keywords.ActionKeyword - Retrieved text 'Tindakan ini akan menghentikan proses penghitungan dan mengarahkan Anda ke halaman pengeditan sebelum data sepenuhnya disimpan.' from element: Alert Dialog Desc Finish
2025-06-28 21:49:45 [main] INFO  com.otakmager.keywords.ValidationKeyword - Validation passed: expected 'Apakah Anda Yakin?' and found 'Apakah Anda Yakin?'
2025-06-28 21:49:45 [main] INFO  com.otakmager.keywords.ValidationKeyword - Validation passed: expected 'Tindakan ini akan menghentikan proses penghitungan dan mengarahkan Anda ke halaman pengeditan sebelum data sepenuhnya disimpan.' and found 'Tindakan ini akan menghentikan proses penghitungan dan mengarahkan Anda ke halaman pengeditan sebelum data sepenuhnya disimpan.'
2025-06-28 21:49:55 [main] INFO  com.otakmager.keywords.ActionKeyword - Clicked on element: Alert Dialog Cancel Button
2025-06-28 21:50:45 [main] INFO  com.otakmager.keywords.ValidationKeyword - Element visible: Counter: Motor
2025-06-28 21:50:45 [main] INFO  com.otakmager.base.BaseTest - TEST RESULT: com.otakmager.testCases.screen.CounterTest.counterScreenShouldLoadSuccessfully PASSED
2025-06-28 21:50:45 [main] INFO  com.otakmager.base.BaseTest - 
================== END TEST: com.otakmager.testCases.screen.CounterTest.counterScreenShouldLoadSuccessfully ==================

2025-06-28 21:50:46 [main] INFO  com.otakmager.utils.DriverFactory - AndroidDriver quit successfully
2025-06-28 22:08:07 [main] INFO  com.otakmager.utils.DriverFactory - Starting AndroidDriver initialization with useApkFile: true
2025-06-28 22:08:07 [main] INFO  com.otakmager.utils.ConfigReader - Loaded config.properties successfully
2025-06-28 22:08:08 [main] INFO  com.otakmager.utils.DriverFactory - Using APK file: E:\Project\QA_quality_assurance\appium-project\AppiumHitorMobileTest/src/test/resources/hitor-v1.0.0-release.apk
2025-06-28 22:08:19 [main] INFO  com.otakmager.utils.DriverFactory - AndroidDriver initialized successfully
2025-06-28 22:08:19 [main] INFO  com.otakmager.base.BaseTest - 

================== START TEST: AddDataTest.counterScreenShouldLoadSuccessfully ==================

2025-06-28 22:08:19 [main] INFO  com.otakmager.keywords.ValidationKeyword - Element visible: Menu Pengamatan
2025-06-28 22:08:20 [main] INFO  com.otakmager.keywords.ActionKeyword - Clicked on element: Menu Pengamatan
2025-06-28 22:08:20 [main] INFO  com.otakmager.keywords.ValidationKeyword - Element visible: Menu Jalan Raya
2025-06-28 22:08:20 [main] INFO  com.otakmager.keywords.ActionKeyword - Clicked on element: Menu Jalan Raya
2025-06-28 22:08:21 [main] INFO  com.otakmager.keywords.ValidationKeyword - Element visible: Menu 5 Tipe
2025-06-28 22:08:31 [main] INFO  com.otakmager.keywords.ActionKeyword - Clicked on element: Menu 5 Tipe
2025-06-28 22:09:12 [main] INFO  com.otakmager.keywords.ActionKeyword - Clicked on element: App Bar Finish Button
2025-06-28 22:09:12 [main] INFO  com.otakmager.keywords.ValidationKeyword - Element visible: Alert Dialog Title
2025-06-28 22:09:12 [main] INFO  com.otakmager.keywords.ValidationKeyword - Element visible: Alert Dialog Desc Finish
2025-06-28 22:09:13 [main] INFO  com.otakmager.keywords.ValidationKeyword - Element visible: Alert Dialog Yes Button
2025-06-28 22:09:13 [main] INFO  com.otakmager.keywords.ValidationKeyword - Element visible: Alert Dialog Cancel Button
2025-06-28 22:09:13 [main] INFO  com.otakmager.keywords.ActionKeyword - Retrieved text 'Apakah Anda Yakin?' from element: Alert Dialog Title
2025-06-28 22:09:13 [main] INFO  com.otakmager.keywords.ActionKeyword - Retrieved text 'Tindakan ini akan menghentikan proses penghitungan dan mengarahkan Anda ke halaman pengeditan sebelum data sepenuhnya disimpan.' from element: Alert Dialog Desc Finish
2025-06-28 22:09:13 [main] INFO  com.otakmager.keywords.ValidationKeyword - Validation passed: expected 'Apakah Anda Yakin?' and found 'Apakah Anda Yakin?'
2025-06-28 22:09:13 [main] INFO  com.otakmager.keywords.ValidationKeyword - Validation passed: expected 'Tindakan ini akan menghentikan proses penghitungan dan mengarahkan Anda ke halaman pengeditan sebelum data sepenuhnya disimpan.' and found 'Tindakan ini akan menghentikan proses penghitungan dan mengarahkan Anda ke halaman pengeditan sebelum data sepenuhnya disimpan.'
2025-06-28 22:09:24 [main] INFO  com.otakmager.keywords.ActionKeyword - Clicked on element: Alert Dialog Cancel Button
2025-06-28 22:10:05 [main] INFO  com.otakmager.keywords.ActionKeyword - Clicked on element: App Bar Finish Button
2025-06-28 22:10:05 [main] INFO  com.otakmager.keywords.ActionKeyword - Clicked on element: Alert Dialog Yes Button
2025-06-28 22:10:06 [main] INFO  com.otakmager.keywords.ActionKeyword - Retrieved text 'Tambah Data' from element: App Bar Title Add
2025-06-28 22:10:06 [main] INFO  com.otakmager.keywords.ValidationKeyword - Validation passed: expected 'Tambah Data' and found 'Tambah Data'
2025-06-28 22:10:06 [main] INFO  com.otakmager.keywords.ValidationKeyword - Element visible: App Bar Back Button
2025-06-28 22:10:07 [main] INFO  com.otakmager.keywords.ValidationKeyword - Element visible: App Bar Save Button
2025-06-28 22:10:07 [main] INFO  com.otakmager.keywords.ValidationKeyword - Element visible: Result Summary
2025-06-28 22:10:08 [main] INFO  com.otakmager.keywords.ValidationKeyword - Element visible: Field Pengamat
2025-06-28 22:10:08 [main] INFO  com.otakmager.keywords.ValidationKeyword - Element visible: Field Lokasi
2025-06-28 22:10:08 [main] INFO  com.otakmager.keywords.ValidationKeyword - Element visible: Field Keterangan
2025-06-28 22:10:08 [main] INFO  com.otakmager.keywords.ActionKeyword - Element 'Result Summary' found after 0 swipe(s)
2025-06-28 22:10:09 [main] INFO  com.otakmager.keywords.ValidationKeyword - Element visible: Result Summary
2025-06-28 22:10:09 [main] INFO  com.otakmager.base.BaseTest - TEST RESULT: com.otakmager.testCases.screen.AddDataTest.counterScreenShouldLoadSuccessfully PASSED
2025-06-28 22:10:09 [main] INFO  com.otakmager.base.BaseTest - 
================== END TEST: com.otakmager.testCases.screen.AddDataTest.counterScreenShouldLoadSuccessfully ==================

2025-06-28 22:10:10 [main] INFO  com.otakmager.utils.DriverFactory - AndroidDriver quit successfully
2025-06-28 22:11:41 [main] INFO  com.otakmager.utils.DriverFactory - Starting AndroidDriver initialization with useApkFile: true
2025-06-28 22:11:41 [main] INFO  com.otakmager.utils.ConfigReader - Loaded config.properties successfully
2025-06-28 22:11:41 [main] INFO  com.otakmager.utils.DriverFactory - Using APK file: E:\Project\QA_quality_assurance\appium-project\AppiumHitorMobileTest/src/test/resources/hitor-v1.0.0-release.apk
2025-06-28 22:11:50 [main] INFO  com.otakmager.utils.DriverFactory - AndroidDriver initialized successfully
2025-06-28 22:11:50 [main] INFO  com.otakmager.base.BaseTest - 

================== START TEST: AddDataTest.counterScreenShouldLoadSuccessfully ==================

2025-06-28 22:11:50 [main] INFO  com.otakmager.keywords.ValidationKeyword - Element visible: Menu Pengamatan
2025-06-28 22:11:51 [main] INFO  com.otakmager.keywords.ActionKeyword - Clicked on element: Menu Pengamatan
2025-06-28 22:11:51 [main] INFO  com.otakmager.keywords.ValidationKeyword - Element visible: Menu Jalan Raya
2025-06-28 22:11:52 [main] INFO  com.otakmager.keywords.ActionKeyword - Clicked on element: Menu Jalan Raya
2025-06-28 22:11:52 [main] INFO  com.otakmager.keywords.ValidationKeyword - Element visible: Menu 5 Tipe
2025-06-28 22:12:02 [main] INFO  com.otakmager.keywords.ActionKeyword - Clicked on element: Menu 5 Tipe
2025-06-28 22:12:53 [main] INFO  com.otakmager.keywords.ValidationKeyword - Element visible: App Bar Reset Button
2025-06-28 22:13:34 [main] INFO  com.otakmager.keywords.ActionKeyword - Clicked on element: App Bar Finish Button
2025-06-28 22:13:34 [main] INFO  com.otakmager.keywords.ActionKeyword - Clicked on element: Alert Dialog Yes Button
2025-06-28 22:13:35 [main] INFO  com.otakmager.keywords.ActionKeyword - Retrieved text 'Tambah Data' from element: App Bar Title Add
2025-06-28 22:13:35 [main] INFO  com.otakmager.keywords.ValidationKeyword - Validation passed: expected 'Tambah Data' and found 'Tambah Data'
2025-06-28 22:13:35 [main] INFO  com.otakmager.keywords.ValidationKeyword - Element visible: App Bar Back Button
2025-06-28 22:13:36 [main] INFO  com.otakmager.keywords.ValidationKeyword - Element visible: App Bar Save Button
2025-06-28 22:13:36 [main] INFO  com.otakmager.keywords.ValidationKeyword - Element visible: Result Summary
2025-06-28 22:13:36 [main] INFO  com.otakmager.keywords.ValidationKeyword - Element visible: Field Pengamat
2025-06-28 22:13:37 [main] INFO  com.otakmager.keywords.ValidationKeyword - Element visible: Field Lokasi
2025-06-28 22:13:37 [main] INFO  com.otakmager.keywords.ValidationKeyword - Element visible: Field Keterangan
2025-06-28 22:13:37 [main] INFO  com.otakmager.keywords.ActionKeyword - Element 'Result Summary' found after 0 swipe(s)
2025-06-28 22:13:37 [main] INFO  com.otakmager.keywords.ValidationKeyword - Element visible: Result Summary
2025-06-28 22:13:37 [main] INFO  com.otakmager.base.BaseTest - TEST RESULT: com.otakmager.testCases.screen.AddDataTest.counterScreenShouldLoadSuccessfully PASSED
2025-06-28 22:13:37 [main] INFO  com.otakmager.base.BaseTest - 
================== END TEST: com.otakmager.testCases.screen.AddDataTest.counterScreenShouldLoadSuccessfully ==================

2025-06-28 22:13:38 [main] INFO  com.otakmager.utils.DriverFactory - AndroidDriver quit successfully
2025-06-29 17:07:20 [main] INFO  com.otakmager.utils.DriverFactory - Starting AndroidDriver initialization with useApkFile: true
2025-06-29 17:07:20 [main] INFO  com.otakmager.utils.ConfigReader - Loaded config.properties successfully
2025-06-29 17:07:20 [main] INFO  com.otakmager.utils.DriverFactory - Using APK file: E:\Project\QA_quality_assurance\appium-project\AppiumHitorMobileTest/src/test/resources/hitor-v1.0.0-release.apk
2025-06-29 17:07:42 [main] INFO  com.otakmager.utils.DriverFactory - AndroidDriver initialized successfully
2025-06-29 17:07:42 [main] INFO  com.otakmager.base.BaseTest - 

================== START TEST: RiwayatTest.riwayatScreenShouldLoadSuccessfullyWhenNoData ==================

2025-06-29 17:07:43 [main] INFO  com.otakmager.keywords.ValidationKeyword - Element visible: Menu Riwayat
2025-06-29 17:07:44 [main] INFO  com.otakmager.keywords.ActionKeyword - Clicked on element: Menu Riwayat
2025-06-29 17:07:44 [main] INFO  com.otakmager.keywords.ActionKeyword - Retrieved text 'Riwayat' from element: App Bar Title
2025-06-29 17:07:44 [main] INFO  com.otakmager.keywords.ValidationKeyword - Validation passed: expected 'Riwayat' and found 'Riwayat'
2025-06-29 17:07:44 [main] INFO  com.otakmager.keywords.ValidationKeyword - Element visible: App Bar Back Button
2025-06-29 17:07:44 [main] INFO  com.otakmager.keywords.ActionKeyword - Retrieved text 'Tidak ada data' from element: No Data Text
2025-06-29 17:07:44 [main] INFO  com.otakmager.keywords.ValidationKeyword - Validation passed: expected 'Tidak ada data' and found 'Tidak ada data'
2025-06-29 17:07:44 [main] INFO  com.otakmager.base.BaseTest - TEST RESULT: com.otakmager.testCases.screen.RiwayatTest.riwayatScreenShouldLoadSuccessfullyWhenNoData PASSED
2025-06-29 17:07:44 [main] INFO  com.otakmager.base.BaseTest - 
================== END TEST: com.otakmager.testCases.screen.RiwayatTest.riwayatScreenShouldLoadSuccessfullyWhenNoData ==================

2025-06-29 17:07:45 [main] INFO  com.otakmager.utils.DriverFactory - AndroidDriver quit successfully
2025-06-29 17:21:36 [main] INFO  com.otakmager.utils.DriverFactory - Starting AndroidDriver initialization with useApkFile: true
2025-06-29 17:21:36 [main] INFO  com.otakmager.utils.ConfigReader - Loaded config.properties successfully
2025-06-29 17:21:36 [main] INFO  com.otakmager.utils.DriverFactory - Using APK file: E:\Project\QA_quality_assurance\appium-project\AppiumHitorMobileTest/src/test/resources/hitor-v1.0.0-release.apk
2025-06-29 17:23:01 [main] INFO  com.otakmager.utils.DriverFactory - Starting AndroidDriver initialization with useApkFile: true
2025-06-29 17:23:01 [main] INFO  com.otakmager.utils.ConfigReader - Loaded config.properties successfully
2025-06-29 17:23:49 [main] INFO  com.otakmager.utils.DriverFactory - Starting AndroidDriver initialization with useApkFile: true
2025-06-29 17:23:49 [main] INFO  com.otakmager.utils.ConfigReader - Loaded config.properties successfully
2025-06-29 17:23:49 [main] INFO  com.otakmager.utils.DriverFactory - Using APK file: E:\Project\QA_quality_assurance\appium-project\AppiumHitorMobileTest/src/test/resources/hitor-v1.0.0-release.apk
2025-06-29 17:23:58 [main] INFO  com.otakmager.utils.DriverFactory - AndroidDriver initialized successfully
2025-06-29 17:23:58 [main] INFO  com.otakmager.base.BaseTest - 

================== START TEST: PengaturanTest.pengaturanScreenShouldLoadSuccessfully ==================

2025-06-29 17:23:58 [main] INFO  com.otakmager.keywords.ValidationKeyword - Element visible: Menu Pengaturan
2025-06-29 17:23:59 [main] INFO  com.otakmager.keywords.ActionKeyword - Clicked on element: Menu Pengaturan
2025-06-29 17:23:59 [main] INFO  com.otakmager.keywords.ActionKeyword - Retrieved text 'Pengaturan' from element: App Bar Title
2025-06-29 17:23:59 [main] INFO  com.otakmager.keywords.ValidationKeyword - Validation passed: expected 'Pengaturan' and found 'Pengaturan'
2025-06-29 17:23:59 [main] INFO  com.otakmager.keywords.ValidationKeyword - Element visible: App Bar Back Button
2025-06-29 17:23:59 [main] INFO  com.otakmager.keywords.ValidationKeyword - Element visible: Header Button Style
2025-06-29 17:23:59 [main] INFO  com.otakmager.keywords.ActionKeyword - Retrieved text 'Bentuk Counter' from element: Header Button Style
2025-06-29 17:23:59 [main] INFO  com.otakmager.keywords.ValidationKeyword - Validation passed: expected 'Bentuk Counter' and found 'Bentuk Counter'
2025-06-29 17:23:59 [main] INFO  com.otakmager.keywords.ValidationKeyword - Element visible: Radio Button Simple Style
2025-06-29 17:23:59 [main] INFO  com.otakmager.keywords.ActionKeyword - Retrieved text 'Simple' from element: Radio Button Simple Style
2025-06-29 17:23:59 [main] INFO  com.otakmager.keywords.ValidationKeyword - Validation passed: expected 'Simple' and found 'Simple'
2025-06-29 17:24:00 [main] INFO  com.otakmager.keywords.ValidationKeyword - Element visible: Radio Button Counter Style
2025-06-29 17:24:00 [main] INFO  com.otakmager.keywords.ActionKeyword - Retrieved text 'Counter' from element: Radio Button Counter Style
2025-06-29 17:24:00 [main] INFO  com.otakmager.keywords.ValidationKeyword - Validation passed: expected 'Counter' and found 'Counter'
2025-06-29 17:24:00 [main] INFO  com.otakmager.keywords.ValidationKeyword - Element visible: Radio Button Big Simple
2025-06-29 17:24:00 [main] INFO  com.otakmager.keywords.ActionKeyword - Retrieved text 'Big Simple' from element: Radio Button Big Simple
2025-06-29 17:24:00 [main] INFO  com.otakmager.keywords.ValidationKeyword - Validation passed: expected 'Big Simple' and found 'Big Simple'
2025-06-29 17:24:00 [main] INFO  com.otakmager.keywords.ValidationKeyword - Element visible: Radio Button Big Counter
2025-06-29 17:24:00 [main] INFO  com.otakmager.keywords.ActionKeyword - Retrieved text 'Big Counter' from element: Radio Button Big Counter
2025-06-29 17:24:00 [main] INFO  com.otakmager.keywords.ValidationKeyword - Validation passed: expected 'Big Counter' and found 'Big Counter'
2025-06-29 17:24:00 [main] INFO  com.otakmager.base.BaseTest - TEST RESULT: com.otakmager.testCases.screen.PengaturanTest.pengaturanScreenShouldLoadSuccessfully PASSED
2025-06-29 17:24:00 [main] INFO  com.otakmager.base.BaseTest - 
================== END TEST: com.otakmager.testCases.screen.PengaturanTest.pengaturanScreenShouldLoadSuccessfully ==================

2025-06-29 17:24:01 [main] INFO  com.otakmager.utils.DriverFactory - AndroidDriver quit successfully
2025-06-29 17:42:49 [main] INFO  com.otakmager.utils.DriverFactory - Starting AndroidDriver initialization with useApkFile: false
2025-06-29 17:42:49 [main] INFO  com.otakmager.utils.ConfigReader - Loaded config.properties successfully
2025-06-29 17:42:49 [main] INFO  com.otakmager.utils.DriverFactory - Using App Package: com.otakmager.traffic_records, App Activity: com.otakmager.traffic_records.MainActivity
2025-06-29 17:42:58 [main] INFO  com.otakmager.utils.DriverFactory - AndroidDriver initialized successfully
2025-06-29 17:42:58 [main] INFO  com.otakmager.base.BaseTest - 

================== START TEST: CreateDataFlowTest.addDataScreenShouldLoadSuccessfully ==================

2025-06-29 17:42:59 [main] INFO  com.otakmager.keywords.ValidationKeyword - Element visible: Menu Pengamatan
2025-06-29 17:43:00 [main] INFO  com.otakmager.keywords.ActionKeyword - Clicked on element: Menu Pengamatan
2025-06-29 17:43:00 [main] INFO  com.otakmager.keywords.ValidationKeyword - Element visible: Menu Jalan Raya
2025-06-29 17:43:00 [main] INFO  com.otakmager.keywords.ActionKeyword - Clicked on element: Menu Jalan Raya
2025-06-29 17:43:00 [main] INFO  com.otakmager.keywords.ValidationKeyword - Element visible: Menu 5 Tipe
2025-06-29 17:43:00 [main] INFO  com.otakmager.keywords.ActionKeyword - Clicked on element: Menu 5 Tipe
2025-06-29 17:43:00 [main] INFO  com.otakmager.keywords.ValidationKeyword - Element visible: Counter: Motor
2025-06-29 17:43:01 [main] INFO  com.otakmager.keywords.ActionKeyword - Clicked on element: Counter: Motor
2025-06-29 17:43:01 [main] INFO  com.otakmager.keywords.ActionKeyword - Clicked on element: App Bar Finish Button
2025-06-29 17:43:01 [main] INFO  com.otakmager.keywords.ActionKeyword - Clicked on element: Alert Dialog Yes Button
2025-06-29 17:43:02 [main] INFO  com.otakmager.keywords.ValidationKeyword - Element visible: Optional Data Header
2025-06-29 17:43:02 [main] INFO  com.otakmager.keywords.ValidationKeyword - Element visible: Field Pengamat
2025-06-29 17:43:02 [main] INFO  com.otakmager.keywords.ValidationKeyword - Element visible: Field Lokasi
2025-06-29 17:43:03 [main] INFO  com.otakmager.keywords.ValidationKeyword - Element visible: Field Keterangan
2025-06-29 17:43:03 [main] INFO  com.otakmager.keywords.ActionKeyword - Clicked on element: Field Pengamat
2025-06-29 17:43:04 [main] INFO  com.otakmager.keywords.ActionKeyword - Clicked on element: Field Pengamat
2025-06-29 17:43:04 [main] INFO  com.otakmager.keywords.ActionKeyword - Sent keys 'Dimas' to element: Field Pengamat
2025-06-29 17:43:05 [main] INFO  com.otakmager.keywords.ActionKeyword - Element 'Field Lokasi' found after 0 swipe(s)
2025-06-29 17:43:06 [main] INFO  com.otakmager.keywords.ActionKeyword - Clicked on element: Field Lokasi
2025-06-29 17:43:06 [main] INFO  com.otakmager.keywords.ActionKeyword - Clicked on element: Field Lokasi
2025-06-29 17:43:06 [main] INFO  com.otakmager.keywords.ActionKeyword - Sent keys 'Surakarta, Central Java, Indonesia' to element: Field Lokasi
2025-06-29 17:43:07 [main] INFO  com.otakmager.keywords.ActionKeyword - Swiped down on element: Field Lokasi (50%)
2025-06-29 17:43:07 [main] INFO  com.otakmager.keywords.ActionKeyword - Swiped down on element: Field Lokasi (50%)
2025-06-29 17:43:07 [main] ERROR com.otakmager.keywords.ActionKeyword - Failed to find element 'Field Keterangan' after 2 swipe(s) in direction 'down'
2025-06-29 17:43:07 [main] INFO  com.otakmager.utils.RetryAnalyzer - Retrying test addDataScreenShouldLoadSuccessfully with status FAILURE for the 1 time(s).
2025-06-29 17:43:07 [main] WARN  com.otakmager.base.BaseTest - TEST RESULT: com.otakmager.testCases.flow.CreateDataFlowTest.addDataScreenShouldLoadSuccessfully SKIPPED
2025-06-29 17:43:07 [main] INFO  com.otakmager.base.BaseTest - 
================== END TEST: com.otakmager.testCases.flow.CreateDataFlowTest.addDataScreenShouldLoadSuccessfully ==================

2025-06-29 17:43:08 [main] INFO  com.otakmager.utils.DriverFactory - AndroidDriver quit successfully
2025-06-29 17:43:08 [main] INFO  com.otakmager.utils.DriverFactory - Starting AndroidDriver initialization with useApkFile: false
2025-06-29 17:43:08 [main] INFO  com.otakmager.utils.DriverFactory - Using App Package: com.otakmager.traffic_records, App Activity: com.otakmager.traffic_records.MainActivity
2025-06-29 17:44:36 [main] INFO  com.otakmager.utils.DriverFactory - Starting AndroidDriver initialization with useApkFile: false
2025-06-29 17:44:36 [main] INFO  com.otakmager.utils.ConfigReader - Loaded config.properties successfully
2025-06-29 17:44:36 [main] INFO  com.otakmager.utils.DriverFactory - Using App Package: com.otakmager.traffic_records, App Activity: com.otakmager.traffic_records.MainActivity
2025-06-29 17:44:45 [main] INFO  com.otakmager.utils.DriverFactory - AndroidDriver initialized successfully
2025-06-29 17:44:45 [main] INFO  com.otakmager.base.BaseTest - 

================== START TEST: CreateDataFlowTest.addDataScreenShouldLoadSuccessfully ==================

2025-06-29 17:44:46 [main] INFO  com.otakmager.keywords.ValidationKeyword - Element visible: Menu Pengamatan
2025-06-29 17:44:46 [main] INFO  com.otakmager.keywords.ActionKeyword - Clicked on element: Menu Pengamatan
2025-06-29 17:44:46 [main] INFO  com.otakmager.keywords.ValidationKeyword - Element visible: Menu Jalan Raya
2025-06-29 17:44:47 [main] INFO  com.otakmager.keywords.ActionKeyword - Clicked on element: Menu Jalan Raya
2025-06-29 17:44:47 [main] INFO  com.otakmager.keywords.ValidationKeyword - Element visible: Menu 5 Tipe
2025-06-29 17:44:47 [main] INFO  com.otakmager.keywords.ActionKeyword - Clicked on element: Menu 5 Tipe
2025-06-29 17:45:37 [main] INFO  com.otakmager.keywords.ValidationKeyword - Element visible: Counter: Motor
2025-06-29 17:46:27 [main] INFO  com.otakmager.keywords.ActionKeyword - Clicked on element: Counter: Motor
2025-06-29 17:47:08 [main] INFO  com.otakmager.keywords.ActionKeyword - Clicked on element: App Bar Finish Button
2025-06-29 17:47:08 [main] INFO  com.otakmager.keywords.ActionKeyword - Clicked on element: Alert Dialog Yes Button
2025-06-29 17:47:10 [main] INFO  com.otakmager.keywords.ValidationKeyword - Element visible: Optional Data Header
2025-06-29 17:47:10 [main] INFO  com.otakmager.keywords.ValidationKeyword - Element visible: Field Pengamat
2025-06-29 17:47:10 [main] INFO  com.otakmager.keywords.ValidationKeyword - Element visible: Field Lokasi
2025-06-29 17:47:10 [main] INFO  com.otakmager.keywords.ValidationKeyword - Element visible: Field Keterangan
2025-06-29 17:47:11 [main] INFO  com.otakmager.keywords.ActionKeyword - Clicked on element: Field Pengamat
2025-06-29 17:47:12 [main] INFO  com.otakmager.keywords.ActionKeyword - Clicked on element: Field Pengamat
2025-06-29 17:47:12 [main] INFO  com.otakmager.keywords.ActionKeyword - Sent keys 'Dimas' to element: Field Pengamat
2025-06-29 17:47:13 [main] INFO  com.otakmager.keywords.ActionKeyword - Element 'Field Lokasi' found after 0 swipe(s)
2025-06-29 17:47:13 [main] INFO  com.otakmager.keywords.ActionKeyword - Clicked on element: Field Lokasi
2025-06-29 17:47:14 [main] INFO  com.otakmager.keywords.ActionKeyword - Clicked on element: Field Lokasi
2025-06-29 17:47:14 [main] INFO  com.otakmager.keywords.ActionKeyword - Sent keys 'Surakarta, Central Java, Indonesia' to element: Field Lokasi
2025-06-29 17:47:15 [main] INFO  com.otakmager.keywords.ActionKeyword - Swiped down on element: Field Pengamat (50%)
2025-06-29 17:47:15 [main] INFO  com.otakmager.keywords.ActionKeyword - Swiped down on element: Field Pengamat (50%)
2025-06-29 17:47:15 [main] ERROR com.otakmager.keywords.ActionKeyword - Failed to find element 'Field Keterangan' after 2 swipe(s) in direction 'down'
2025-06-29 17:47:15 [main] INFO  com.otakmager.utils.RetryAnalyzer - Retrying test addDataScreenShouldLoadSuccessfully with status FAILURE for the 1 time(s).
2025-06-29 17:47:15 [main] WARN  com.otakmager.base.BaseTest - TEST RESULT: com.otakmager.testCases.flow.CreateDataFlowTest.addDataScreenShouldLoadSuccessfully SKIPPED
2025-06-29 17:47:15 [main] INFO  com.otakmager.base.BaseTest - 
================== END TEST: com.otakmager.testCases.flow.CreateDataFlowTest.addDataScreenShouldLoadSuccessfully ==================

2025-06-29 17:47:16 [main] INFO  com.otakmager.utils.DriverFactory - AndroidDriver quit successfully
2025-06-29 17:47:16 [main] INFO  com.otakmager.utils.DriverFactory - Starting AndroidDriver initialization with useApkFile: false
2025-06-29 17:47:16 [main] INFO  com.otakmager.utils.DriverFactory - Using App Package: com.otakmager.traffic_records, App Activity: com.otakmager.traffic_records.MainActivity
2025-06-29 17:47:21 [main] INFO  com.otakmager.utils.DriverFactory - AndroidDriver initialized successfully
2025-06-29 17:47:21 [main] INFO  com.otakmager.base.BaseTest - 

================== START TEST: CreateDataFlowTest.addDataScreenShouldLoadSuccessfully ==================

2025-06-29 17:47:22 [main] INFO  com.otakmager.keywords.ValidationKeyword - Element visible: Menu Pengamatan
2025-06-29 17:47:22 [main] INFO  com.otakmager.keywords.ActionKeyword - Clicked on element: Menu Pengamatan
2025-06-29 17:47:23 [main] INFO  com.otakmager.keywords.ValidationKeyword - Element visible: Menu Jalan Raya
2025-06-29 17:47:23 [main] INFO  com.otakmager.keywords.ActionKeyword - Clicked on element: Menu Jalan Raya
2025-06-29 17:47:24 [main] INFO  com.otakmager.keywords.ValidationKeyword - Element visible: Menu 5 Tipe
2025-06-29 17:47:34 [main] INFO  com.otakmager.keywords.ActionKeyword - Clicked on element: Menu 5 Tipe
2025-06-29 17:49:19 [main] INFO  com.otakmager.utils.DriverFactory - Starting AndroidDriver initialization with useApkFile: false
2025-06-29 17:49:19 [main] INFO  com.otakmager.utils.ConfigReader - Loaded config.properties successfully
2025-06-29 17:49:19 [main] INFO  com.otakmager.utils.DriverFactory - Using App Package: com.otakmager.traffic_records, App Activity: com.otakmager.traffic_records.MainActivity
2025-06-29 17:49:26 [main] INFO  com.otakmager.utils.DriverFactory - AndroidDriver initialized successfully
2025-06-29 17:49:26 [main] INFO  com.otakmager.base.BaseTest - 

================== START TEST: CreateDataFlowTest.addDataScreenShouldLoadSuccessfully ==================

2025-06-29 17:49:27 [main] INFO  com.otakmager.keywords.ValidationKeyword - Element visible: Menu Pengamatan
2025-06-29 17:49:28 [main] INFO  com.otakmager.keywords.ActionKeyword - Clicked on element: Menu Pengamatan
2025-06-29 17:49:28 [main] INFO  com.otakmager.keywords.ValidationKeyword - Element visible: Menu Jalan Raya
2025-06-29 17:49:29 [main] INFO  com.otakmager.keywords.ActionKeyword - Clicked on element: Menu Jalan Raya
2025-06-29 17:49:29 [main] INFO  com.otakmager.keywords.ValidationKeyword - Element visible: Menu 5 Tipe
2025-06-29 17:49:30 [main] ERROR com.otakmager.keywords.ActionKeyword - Failed to click on element: Menu 5 Tipe. Error: An unknown server-side error occurred while processing the command. Original error: Could not proxy command to the remote server. Original error: socket hang up
Build info: version: '4.33.0', revision: '2c6aaad03a'
System info: os.name: 'Windows 10', os.arch: 'amd64', os.version: '10.0', java.version: '17.0.5'
Driver info: io.appium.java_client.android.AndroidDriver
Command: [b0b60fe0-abb3-4072-82b4-83c0ae27cd35, clickElement {id=00000000-0000-0125-0000-001900000003}]
Capabilities {appium:appActivity: com.otakmager.traffic_recor..., appium:appPackage: com.otakmager.traffic_records, appium:automationName: UiAutomator2, appium:databaseEnabled: false, appium:desired: {appActivity: com.otakmager.traffic_recor..., appPackage: com.otakmager.traffic_records, automationName: UiAutomator2, deviceName: 075872522F001494, newCommandTimeout: 60, platformName: ANDROID, platformVersion: 11}, appium:deviceApiLevel: 30, appium:deviceManufacturer: INFINIX MOBILITY LIMITED, appium:deviceModel: Infinix X663B, appium:deviceName: 075872522F001494, appium:deviceScreenDensity: 480, appium:deviceScreenSize: 1080x2400, appium:deviceUDID: 075872522F001494, appium:javascriptEnabled: true, appium:locationContextEnabled: false, appium:networkConnectionEnabled: true, appium:newCommandTimeout: 60, appium:pixelRatio: 3, appium:platformVersion: 11, appium:statBarHeight: 108, appium:takesScreenshot: true, appium:viewportRect: {height: 2292, left: 0, top: 108, width: 1080}, appium:warnings: {}, appium:webStorageEnabled: false, platformName: ANDROID}
Element: [[AndroidDriver:  on ANDROID (b0b60fe0-abb3-4072-82b4-83c0ae27cd35)] -> -android uiautomator: new UiSelector().description("5
5 Tipe
Motor, Mobil, Bus, Truk, Tidak Bermotor")]
Session ID: b0b60fe0-abb3-4072-82b4-83c0ae27cd35
2025-06-29 17:49:30 [main] INFO  com.otakmager.utils.RetryAnalyzer - Retrying test addDataScreenShouldLoadSuccessfully with status FAILURE for the 1 time(s).
2025-06-29 17:49:30 [main] WARN  com.otakmager.base.BaseTest - TEST RESULT: com.otakmager.testCases.flow.CreateDataFlowTest.addDataScreenShouldLoadSuccessfully SKIPPED
2025-06-29 17:49:30 [main] INFO  com.otakmager.base.BaseTest - 
================== END TEST: com.otakmager.testCases.flow.CreateDataFlowTest.addDataScreenShouldLoadSuccessfully ==================

2025-06-29 17:49:31 [main] INFO  com.otakmager.utils.DriverFactory - AndroidDriver quit successfully
2025-06-29 17:49:31 [main] INFO  com.otakmager.utils.DriverFactory - Starting AndroidDriver initialization with useApkFile: false
2025-06-29 17:49:31 [main] INFO  com.otakmager.utils.DriverFactory - Using App Package: com.otakmager.traffic_records, App Activity: com.otakmager.traffic_records.MainActivity
2025-06-29 17:49:37 [main] INFO  com.otakmager.utils.DriverFactory - AndroidDriver initialized successfully
2025-06-29 17:49:37 [main] INFO  com.otakmager.base.BaseTest - 

================== START TEST: CreateDataFlowTest.addDataScreenShouldLoadSuccessfully ==================

2025-06-29 17:49:38 [main] INFO  com.otakmager.keywords.ValidationKeyword - Element visible: Menu Pengamatan
2025-06-29 17:49:38 [main] INFO  com.otakmager.keywords.ActionKeyword - Clicked on element: Menu Pengamatan
2025-06-29 17:49:39 [main] INFO  com.otakmager.keywords.ValidationKeyword - Element visible: Menu Jalan Raya
2025-06-29 17:49:40 [main] INFO  com.otakmager.keywords.ActionKeyword - Clicked on element: Menu Jalan Raya
2025-06-29 17:49:40 [main] INFO  com.otakmager.keywords.ValidationKeyword - Element visible: Menu 5 Tipe
2025-06-29 17:49:50 [main] INFO  com.otakmager.keywords.ActionKeyword - Clicked on element: Menu 5 Tipe
2025-06-29 17:50:40 [main] INFO  com.otakmager.keywords.ValidationKeyword - Element visible: Counter: Motor
2025-06-29 17:51:31 [main] INFO  com.otakmager.keywords.ActionKeyword - Clicked on element: Counter: Motor
2025-06-29 17:52:12 [main] INFO  com.otakmager.keywords.ActionKeyword - Clicked on element: App Bar Finish Button
2025-06-29 17:52:12 [main] INFO  com.otakmager.keywords.ActionKeyword - Clicked on element: Alert Dialog Yes Button
2025-06-29 17:52:13 [main] INFO  com.otakmager.keywords.ValidationKeyword - Element visible: Optional Data Header
2025-06-29 17:52:13 [main] INFO  com.otakmager.keywords.ValidationKeyword - Element visible: Field Pengamat
2025-06-29 17:52:13 [main] INFO  com.otakmager.keywords.ValidationKeyword - Element visible: Field Lokasi
2025-06-29 17:52:13 [main] INFO  com.otakmager.keywords.ValidationKeyword - Element visible: Field Keterangan
2025-06-29 17:52:14 [main] INFO  com.otakmager.keywords.ActionKeyword - Clicked on element: Field Pengamat
2025-06-29 17:52:15 [main] INFO  com.otakmager.keywords.ActionKeyword - Clicked on element: Field Pengamat
2025-06-29 17:52:15 [main] INFO  com.otakmager.keywords.ActionKeyword - Sent keys 'Dimas' to element: Field Pengamat
2025-06-29 17:52:16 [main] INFO  com.otakmager.keywords.ActionKeyword - Clicked on element: Field Lokasi
2025-06-29 17:52:17 [main] INFO  com.otakmager.keywords.ActionKeyword - Sent keys 'Surakarta, Central Java, Indonesia' to element: Field Lokasi
2025-06-29 17:52:17 [main] INFO  com.otakmager.keywords.ActionKeyword - Element 'Field Lokasi' found after 0 swipe(s)
2025-06-29 17:52:18 [main] INFO  com.otakmager.keywords.ActionKeyword - Clicked on element: Field Lokasi
2025-06-29 17:52:18 [main] INFO  com.otakmager.keywords.ActionKeyword - Clicked on element: Field Lokasi
2025-06-29 17:52:18 [main] INFO  com.otakmager.keywords.ActionKeyword - Sent keys 'Surakarta, Central Java, Indonesia' to element: Field Lokasi
2025-06-29 17:52:20 [main] INFO  com.otakmager.keywords.ActionKeyword - Clicked on element: Optional Data Header
2025-06-29 17:52:20 [main] INFO  com.otakmager.keywords.ActionKeyword - Swiped down on element: Field Pengamat (50%)
2025-06-29 17:52:20 [main] INFO  com.otakmager.keywords.ActionKeyword - Swiped down on element: Field Pengamat (50%)
2025-06-29 17:52:20 [main] ERROR com.otakmager.keywords.ActionKeyword - Failed to find element 'Field Keterangan' after 2 swipe(s) in direction 'down'
2025-06-29 17:52:20 [main] INFO  com.otakmager.utils.RetryAnalyzer - Retrying test addDataScreenShouldLoadSuccessfully with status FAILURE for the 2 time(s).
2025-06-29 17:52:21 [main] INFO  com.otakmager.utils.SuiteListener - Screenshot captured for failed test: addDataScreenShouldLoadSuccessfully
2025-06-29 17:52:21 [main] INFO  com.otakmager.utils.SuiteListener - Screenshot saved at: E:\Project\QA_quality_assurance\appium-project\AppiumHitorMobileTest\screenshots\addDataScreenShouldLoadSuccessfully
2025-06-29 17:52:21 [main] ERROR com.otakmager.base.BaseTest - TEST RESULT: com.otakmager.testCases.flow.CreateDataFlowTest.addDataScreenShouldLoadSuccessfully FAILED
2025-06-29 17:52:21 [main] INFO  com.otakmager.base.BaseTest - 
================== END TEST: com.otakmager.testCases.flow.CreateDataFlowTest.addDataScreenShouldLoadSuccessfully ==================

2025-06-29 17:52:23 [main] INFO  com.otakmager.utils.DriverFactory - AndroidDriver quit successfully
2025-06-29 20:38:26 [main] INFO  com.otakmager.utils.DriverFactory - Starting AndroidDriver initialization with useApkFile: false
2025-06-29 20:38:26 [main] INFO  com.otakmager.utils.ConfigReader - Loaded config.properties successfully
2025-06-29 20:38:26 [main] INFO  com.otakmager.utils.DriverFactory - Using App Package: com.otakmager.traffic_records, App Activity: com.otakmager.traffic_records.MainActivity
2025-06-29 20:38:29 [main] ERROR com.otakmager.utils.DriverFactory - Failed to initialize AndroidDriver: Could not start a new session. Possible causes are invalid address of the remote server or browser start-up failure. 
Host info: host: 'DESKTOP-P9GCCSB', ip: '172.22.32.1'
Build info: version: '4.33.0', revision: '2c6aaad03a'
System info: os.name: 'Windows 10', os.arch: 'amd64', os.version: '10.0', java.version: '17.0.5'
Driver info: io.appium.java_client.android.AndroidDriver
Command: [null, newSession {capabilities=[Capabilities {appium:appActivity: com.otakmager.traffic_recor..., appium:appPackage: com.otakmager.traffic_records, appium:automationName: UiAutomator2, appium:deviceName: 075872522F001494, appium:newCommandTimeout: 60, appium:platformVersion: 11, platformName: ANDROID}]}]
Capabilities {appium:appActivity: com.otakmager.traffic_recor..., appium:appPackage: com.otakmager.traffic_records, appium:automationName: UiAutomator2, appium:deviceName: 075872522F001494, appium:newCommandTimeout: 60, appium:platformVersion: 11, platformName: ANDROID}
org.openqa.selenium.SessionNotCreatedException: Could not start a new session. Possible causes are invalid address of the remote server or browser start-up failure. 
Host info: host: 'DESKTOP-P9GCCSB', ip: '172.22.32.1'
Build info: version: '4.33.0', revision: '2c6aaad03a'
System info: os.name: 'Windows 10', os.arch: 'amd64', os.version: '10.0', java.version: '17.0.5'
Driver info: io.appium.java_client.android.AndroidDriver
Command: [null, newSession {capabilities=[Capabilities {appium:appActivity: com.otakmager.traffic_recor..., appium:appPackage: com.otakmager.traffic_records, appium:automationName: UiAutomator2, appium:deviceName: 075872522F001494, appium:newCommandTimeout: 60, appium:platformVersion: 11, platformName: ANDROID}]}]
Capabilities {appium:appActivity: com.otakmager.traffic_recor..., appium:appPackage: com.otakmager.traffic_records, appium:automationName: UiAutomator2, appium:deviceName: 075872522F001494, appium:newCommandTimeout: 60, appium:platformVersion: 11, platformName: ANDROID}
	at org.openqa.selenium.remote.RemoteWebDriver.execute(RemoteWebDriver.java:562)
	at io.appium.java_client.AppiumDriver.startSession(AppiumDriver.java:313)
	at org.openqa.selenium.remote.RemoteWebDriver.<init>(RemoteWebDriver.java:173)
	at io.appium.java_client.AppiumDriver.<init>(AppiumDriver.java:101)
	at io.appium.java_client.AppiumDriver.<init>(AppiumDriver.java:113)
	at io.appium.java_client.android.AndroidDriver.<init>(AndroidDriver.java:109)
	at com.otakmager.utils.DriverFactory.initDriver(DriverFactory.java:39)
	at com.otakmager.utils.DriverFactory.getDriver(DriverFactory.java:49)
	at com.otakmager.base.BaseTest.setUpTest(BaseTest.java:29)
	at java.base/jdk.internal.reflect.NativeMethodAccessorImpl.invoke0(Native Method)
	at java.base/jdk.internal.reflect.NativeMethodAccessorImpl.invoke(NativeMethodAccessorImpl.java:77)
	at java.base/jdk.internal.reflect.DelegatingMethodAccessorImpl.invoke(DelegatingMethodAccessorImpl.java:43)
	at java.base/java.lang.reflect.Method.invoke(Method.java:568)
	at org.testng.internal.invokers.MethodInvocationHelper.invokeMethod(MethodInvocationHelper.java:141)
	at org.testng.internal.invokers.MethodInvocationHelper.invokeMethodConsideringTimeout(MethodInvocationHelper.java:71)
	at org.testng.internal.invokers.ConfigInvoker.invokeConfigurationMethod(ConfigInvoker.java:400)
	at org.testng.internal.invokers.ConfigInvoker.invokeConfigurations(ConfigInvoker.java:333)
	at org.testng.internal.invokers.TestInvoker.runConfigMethods(TestInvoker.java:836)
	at org.testng.internal.invokers.TestInvoker.invokeMethod(TestInvoker.java:601)
	at org.testng.internal.invokers.TestInvoker.invokeTestMethod(TestInvoker.java:230)
	at org.testng.internal.invokers.MethodRunner.runInSequence(MethodRunner.java:63)
	at org.testng.internal.invokers.TestInvoker$MethodInvocationAgent.invoke(TestInvoker.java:995)
	at org.testng.internal.invokers.TestInvoker.invokeTestMethods(TestInvoker.java:203)
	at org.testng.internal.invokers.TestMethodWorker.invokeTestMethods(TestMethodWorker.java:154)
	at org.testng.internal.invokers.TestMethodWorker.run(TestMethodWorker.java:134)
	at java.base/java.util.ArrayList.forEach(ArrayList.java:1511)
	at org.testng.TestRunner.privateRun(TestRunner.java:741)
	at org.testng.TestRunner.run(TestRunner.java:616)
	at org.testng.SuiteRunner.runTest(SuiteRunner.java:421)
	at org.testng.SuiteRunner.runSequentially(SuiteRunner.java:413)
	at org.testng.SuiteRunner.privateRun(SuiteRunner.java:373)
	at org.testng.SuiteRunner.run(SuiteRunner.java:312)
	at org.testng.SuiteRunnerWorker.runSuite(SuiteRunnerWorker.java:52)
	at org.testng.SuiteRunnerWorker.run(SuiteRunnerWorker.java:95)
	at org.testng.TestNG.runSuitesSequentially(TestNG.java:1274)
	at org.testng.TestNG.runSuitesLocally(TestNG.java:1208)
	at org.testng.TestNG.runSuites(TestNG.java:1112)
	at org.testng.TestNG.run(TestNG.java:1079)
	at com.intellij.rt.testng.IDEARemoteTestNG.run(IDEARemoteTestNG.java:65)
	at com.intellij.rt.testng.RemoteTestNGStarter.main(RemoteTestNGStarter.java:105)
Caused by: java.io.UncheckedIOException: java.net.ConnectException
	at org.openqa.selenium.remote.http.jdk.JdkHttpClient.execute0(JdkHttpClient.java:500)
	at io.appium.java_client.internal.filters.AppiumIdempotencyFilter.lambda$apply$0(AppiumIdempotencyFilter.java:35)
	at io.appium.java_client.internal.filters.AppiumUserAgentFilter.lambda$apply$0(AppiumUserAgentFilter.java:87)
	at org.openqa.selenium.remote.http.Filter.lambda$andFinally$1(Filter.java:55)
	at org.openqa.selenium.remote.http.jdk.JdkHttpClient.lambda$executeAsync$2(JdkHttpClient.java:387)
	at java.base/java.util.concurrent.Executors$RunnableAdapter.call(Executors.java:539)
	at java.base/java.util.concurrent.FutureTask.run$$$capture(FutureTask.java:264)
	at java.base/java.util.concurrent.FutureTask.run(FutureTask.java)
	at java.base/java.util.concurrent.ThreadPoolExecutor.runWorker(ThreadPoolExecutor.java:1136)
	at java.base/java.util.concurrent.ThreadPoolExecutor$Worker.run(ThreadPoolExecutor.java:635)
	at java.base/java.lang.Thread.run(Thread.java:833)
Caused by: java.net.ConnectException
	at java.net.http/jdk.internal.net.http.HttpClientImpl.send(HttpClientImpl.java:573)
	at java.net.http/jdk.internal.net.http.HttpClientFacade.send(HttpClientFacade.java:123)
	at org.openqa.selenium.remote.http.jdk.JdkHttpClient.execute0(JdkHttpClient.java:459)
	... 10 more
Caused by: java.net.ConnectException
	at java.net.http/jdk.internal.net.http.common.Utils.toConnectException(Utils.java:1047)
	at java.net.http/jdk.internal.net.http.PlainHttpConnection.connectAsync(PlainHttpConnection.java:198)
	at java.net.http/jdk.internal.net.http.PlainHttpConnection.checkRetryConnect(PlainHttpConnection.java:230)
	at java.net.http/jdk.internal.net.http.PlainHttpConnection.lambda$connectAsync$1(PlainHttpConnection.java:206)
	at java.base/java.util.concurrent.CompletableFuture.uniHandle(CompletableFuture.java:934)
	at java.base/java.util.concurrent.CompletableFuture$UniHandle.tryFire(CompletableFuture.java:911)
	at java.base/java.util.concurrent.CompletableFuture.postComplete(CompletableFuture.java:510)
	at java.base/java.util.concurrent.CompletableFuture$AsyncSupply.run$$$capture(CompletableFuture.java:1773)
	at java.base/java.util.concurrent.CompletableFuture$AsyncSupply.run(CompletableFuture.java)
	... 3 more
Caused by: java.nio.channels.ClosedChannelException
	at java.base/sun.nio.ch.SocketChannelImpl.ensureOpen(SocketChannelImpl.java:195)
	at java.base/sun.nio.ch.SocketChannelImpl.beginConnect(SocketChannelImpl.java:760)
	at java.base/sun.nio.ch.SocketChannelImpl.connect(SocketChannelImpl.java:848)
	at java.net.http/jdk.internal.net.http.PlainHttpConnection.lambda$connectAsync$0(PlainHttpConnection.java:183)
	at java.base/java.security.AccessController.doPrivileged(AccessController.java:569)
	at java.net.http/jdk.internal.net.http.PlainHttpConnection.connectAsync(PlainHttpConnection.java:185)
	... 10 more
2025-06-29 20:41:11 [main] INFO  com.otakmager.utils.DriverFactory - Starting AndroidDriver initialization with useApkFile: false
2025-06-29 20:41:11 [main] INFO  com.otakmager.utils.ConfigReader - Loaded config.properties successfully
2025-06-29 20:41:11 [main] INFO  com.otakmager.utils.DriverFactory - Using App Package: com.otakmager.traffic_records, App Activity: com.otakmager.traffic_records.MainActivity
2025-06-29 20:41:25 [main] INFO  com.otakmager.utils.DriverFactory - AndroidDriver initialized successfully
2025-06-29 20:41:25 [main] INFO  com.otakmager.base.BaseTest - 

================== START TEST: CreateDataFlowTest.addDataScreenShouldLoadSuccessfully ==================

2025-06-29 20:41:26 [main] INFO  com.otakmager.keywords.ValidationKeyword - Element visible: Menu Pengamatan
2025-06-29 20:41:27 [main] INFO  com.otakmager.keywords.ActionKeyword - Clicked on element: Menu Pengamatan
2025-06-29 20:41:27 [main] INFO  com.otakmager.keywords.ValidationKeyword - Element visible: Menu Jalan Raya
2025-06-29 20:41:28 [main] INFO  com.otakmager.keywords.ActionKeyword - Clicked on element: Menu Jalan Raya
2025-06-29 20:41:28 [main] INFO  com.otakmager.keywords.ValidationKeyword - Element visible: Menu 5 Tipe
2025-06-29 20:41:38 [main] INFO  com.otakmager.keywords.ActionKeyword - Clicked on element: Menu 5 Tipe
2025-06-29 20:42:29 [main] INFO  com.otakmager.keywords.ValidationKeyword - Element visible: Counter: Motor
2025-06-29 20:43:19 [main] INFO  com.otakmager.keywords.ActionKeyword - Clicked on element: Counter: Motor
2025-06-29 20:44:01 [main] INFO  com.otakmager.keywords.ActionKeyword - Clicked on element: App Bar Finish Button
2025-06-29 20:44:01 [main] INFO  com.otakmager.keywords.ActionKeyword - Clicked on element: Alert Dialog Yes Button
2025-06-29 20:44:01 [main] INFO  com.otakmager.keywords.ValidationKeyword - Element visible: Optional Data Header
2025-06-29 20:44:02 [main] INFO  com.otakmager.keywords.ValidationKeyword - Element visible: Field Pengamat
2025-06-29 20:44:02 [main] INFO  com.otakmager.keywords.ValidationKeyword - Element visible: Field Lokasi
2025-06-29 20:44:03 [main] INFO  com.otakmager.keywords.ValidationKeyword - Element visible: Field Keterangan
2025-06-29 20:44:04 [main] INFO  com.otakmager.keywords.ActionKeyword - Clicked on element: Field Pengamat
2025-06-29 20:44:04 [main] INFO  com.otakmager.keywords.ActionKeyword - Clicked on element: Field Pengamat
2025-06-29 20:44:05 [main] INFO  com.otakmager.keywords.ActionKeyword - Sent keys 'Dimas' to element: Field Pengamat
2025-06-29 20:44:07 [main] INFO  com.otakmager.keywords.ActionKeyword - Clicked on element: Field Lokasi
2025-06-29 20:44:07 [main] INFO  com.otakmager.keywords.ActionKeyword - Sent keys 'Surakarta, Central Java, Indonesia' to element: Field Lokasi
2025-06-29 20:44:08 [main] INFO  com.otakmager.keywords.ActionKeyword - Element 'Field Lokasi' found after 0 swipe(s)
2025-06-29 20:44:10 [main] INFO  com.otakmager.keywords.ActionKeyword - Clicked on element: Field Lokasi
2025-06-29 20:44:10 [main] INFO  com.otakmager.keywords.ActionKeyword - Clicked on element: Field Lokasi
2025-06-29 20:44:10 [main] INFO  com.otakmager.keywords.ActionKeyword - Sent keys 'Surakarta, Central Java, Indonesia' to element: Field Lokasi
2025-06-29 20:44:11 [main] INFO  com.otakmager.keywords.ActionKeyword - Clicked on element: Optional Data Header
2025-06-29 20:44:12 [main] ERROR com.otakmager.keywords.ActionKeyword - Failed to click on element: Field Keterangan. Error: An element could not be located on the page using the given search parameters.
For documentation on this error, please visit: https://www.selenium.dev/documentation/webdriver/troubleshooting/errors#no-such-element-exception
Build info: version: '4.33.0', revision: '2c6aaad03a'
System info: os.name: 'Windows 10', os.arch: 'amd64', os.version: '10.0', java.version: '17.0.5'
Driver info: io.appium.java_client.android.AndroidDriver
Command: [96e286ad-8fb0-42bd-9d05-d019701ae145, findElement {value=new UiSelector().className("android.widget.EditText").instance(2), using=-android uiautomator}]
Capabilities {appium:appActivity: com.otakmager.traffic_recor..., appium:appPackage: com.otakmager.traffic_records, appium:automationName: UiAutomator2, appium:databaseEnabled: false, appium:desired: {appActivity: com.otakmager.traffic_recor..., appPackage: com.otakmager.traffic_records, automationName: UiAutomator2, deviceName: 075872522F001494, newCommandTimeout: 60, platformName: ANDROID, platformVersion: 11}, appium:deviceApiLevel: 30, appium:deviceManufacturer: INFINIX MOBILITY LIMITED, appium:deviceModel: Infinix X663B, appium:deviceName: 075872522F001494, appium:deviceScreenDensity: 480, appium:deviceScreenSize: 1080x2400, appium:deviceUDID: 075872522F001494, appium:javascriptEnabled: true, appium:locationContextEnabled: false, appium:networkConnectionEnabled: true, appium:newCommandTimeout: 60, appium:pixelRatio: 3, appium:platformVersion: 11, appium:statBarHeight: 108, appium:takesScreenshot: true, appium:viewportRect: {height: 2292, left: 0, top: 108, width: 1080}, appium:warnings: {}, appium:webStorageEnabled: false, platformName: ANDROID}
Session ID: 96e286ad-8fb0-42bd-9d05-d019701ae145
2025-06-29 20:44:12 [main] INFO  com.otakmager.utils.RetryAnalyzer - Retrying test addDataScreenShouldLoadSuccessfully with status FAILURE for the 1 time(s).
2025-06-29 20:44:12 [main] WARN  com.otakmager.base.BaseTest - TEST RESULT: com.otakmager.testCases.flow.CreateDataFlowTest.addDataScreenShouldLoadSuccessfully SKIPPED
2025-06-29 20:44:12 [main] INFO  com.otakmager.base.BaseTest - 
================== END TEST: com.otakmager.testCases.flow.CreateDataFlowTest.addDataScreenShouldLoadSuccessfully ==================

2025-06-29 20:44:14 [main] INFO  com.otakmager.utils.DriverFactory - AndroidDriver quit successfully
2025-06-29 20:44:14 [main] INFO  com.otakmager.utils.DriverFactory - Starting AndroidDriver initialization with useApkFile: false
2025-06-29 20:44:14 [main] INFO  com.otakmager.utils.DriverFactory - Using App Package: com.otakmager.traffic_records, App Activity: com.otakmager.traffic_records.MainActivity
2025-06-29 20:44:22 [main] INFO  com.otakmager.utils.DriverFactory - AndroidDriver initialized successfully
2025-06-29 20:44:22 [main] INFO  com.otakmager.base.BaseTest - 

================== START TEST: CreateDataFlowTest.addDataScreenShouldLoadSuccessfully ==================

2025-06-29 20:44:23 [main] INFO  com.otakmager.keywords.ValidationKeyword - Element visible: Menu Pengamatan
2025-06-29 20:44:23 [main] INFO  com.otakmager.keywords.ActionKeyword - Clicked on element: Menu Pengamatan
2025-06-29 20:44:24 [main] INFO  com.otakmager.keywords.ValidationKeyword - Element visible: Menu Jalan Raya
2025-06-29 21:09:10 [main] INFO  com.otakmager.utils.DriverFactory - Starting AndroidDriver initialization with useApkFile: false
2025-06-29 21:09:10 [main] INFO  com.otakmager.utils.ConfigReader - Loaded config.properties successfully
2025-06-29 21:09:11 [main] INFO  com.otakmager.utils.DriverFactory - Using App Package: com.otakmager.traffic_records, App Activity: com.otakmager.traffic_records.MainActivity
2025-06-29 21:09:21 [main] INFO  com.otakmager.utils.DriverFactory - AndroidDriver initialized successfully
2025-06-29 21:09:21 [main] INFO  com.otakmager.base.BaseTest - 

================== START TEST: CreateDataFlowTest.addDataScreenShouldLoadSuccessfully ==================

2025-06-29 21:09:22 [main] INFO  com.otakmager.keywords.ValidationKeyword - Element visible: Menu Pengamatan
2025-06-29 21:09:22 [main] INFO  com.otakmager.keywords.ActionKeyword - Clicked on element: Menu Pengamatan
2025-06-29 21:09:22 [main] INFO  com.otakmager.keywords.ValidationKeyword - Element visible: Menu Jalan Raya
2025-06-29 21:09:23 [main] INFO  com.otakmager.keywords.ActionKeyword - Clicked on element: Menu Jalan Raya
2025-06-29 21:09:23 [main] INFO  com.otakmager.keywords.ValidationKeyword - Element visible: Menu 5 Tipe
2025-06-29 21:09:23 [main] INFO  com.otakmager.keywords.ActionKeyword - Clicked on element: Menu 5 Tipe
2025-06-29 21:09:23 [main] INFO  com.otakmager.keywords.ValidationKeyword - Element visible: Counter: Motor
2025-06-29 21:09:34 [main] INFO  com.otakmager.keywords.ActionKeyword - Clicked on element: Counter: Motor
2025-06-29 21:10:14 [main] INFO  com.otakmager.keywords.ActionKeyword - Clicked on element: App Bar Finish Button
2025-06-29 21:10:15 [main] INFO  com.otakmager.keywords.ActionKeyword - Clicked on element: Alert Dialog Yes Button
2025-06-29 21:10:16 [main] INFO  com.otakmager.keywords.ValidationKeyword - Element visible: Optional Data Header
2025-06-29 21:10:16 [main] INFO  com.otakmager.keywords.ValidationKeyword - Element visible: Field Pengamat
2025-06-29 21:10:16 [main] INFO  com.otakmager.keywords.ValidationKeyword - Element visible: Field Lokasi
2025-06-29 21:10:16 [main] INFO  com.otakmager.keywords.ValidationKeyword - Element visible: Field Keterangan
2025-06-29 21:10:18 [main] INFO  com.otakmager.keywords.ActionKeyword - Clicked on element: Field Pengamat
2025-06-29 21:10:18 [main] INFO  com.otakmager.keywords.ActionKeyword - Clicked on element: Field Pengamat
2025-06-29 21:10:18 [main] INFO  com.otakmager.keywords.ActionKeyword - Sent keys 'Dimas' to element: Field Pengamat
2025-06-29 21:10:20 [main] INFO  com.otakmager.keywords.ActionKeyword - Clicked on element: Field Lokasi
2025-06-29 21:10:21 [main] INFO  com.otakmager.keywords.ActionKeyword - Sent keys 'Surakarta, Central Java, Indonesia' to element: Field Lokasi
2025-06-29 21:10:26 [main] INFO  com.otakmager.keywords.ActionKeyword - Keyboard successfully hidden
2025-06-29 21:10:27 [main] INFO  com.otakmager.keywords.ActionKeyword - Element 'Field Lokasi' found after 0 swipe(s)
2025-06-29 21:10:28 [main] INFO  com.otakmager.keywords.ActionKeyword - Clicked on element: Field Lokasi
2025-06-29 21:10:28 [main] INFO  com.otakmager.keywords.ActionKeyword - Clicked on element: Field Lokasi
2025-06-29 21:10:28 [main] INFO  com.otakmager.keywords.ActionKeyword - Sent keys 'Surakarta, Central Java, Indonesia' to element: Field Lokasi
2025-06-29 21:10:32 [main] INFO  com.otakmager.keywords.ActionKeyword - Keyboard successfully hidden
2025-06-29 21:10:33 [main] INFO  com.otakmager.keywords.ActionKeyword - Element 'Field Keterangan' found after 0 swipe(s)
2025-06-29 21:10:33 [main] INFO  com.otakmager.keywords.ActionKeyword - Clicked on element: Field Keterangan
2025-06-29 21:10:34 [main] INFO  com.otakmager.keywords.ActionKeyword - Clicked on element: Field Keterangan
2025-06-29 21:10:34 [main] INFO  com.otakmager.keywords.ActionKeyword - Sent keys 'Weather clear, vehicle count stable' to element: Field Keterangan
2025-06-29 21:10:39 [main] INFO  com.otakmager.keywords.ActionKeyword - Keyboard successfully hidden
2025-06-29 21:10:41 [main] INFO  com.otakmager.keywords.ActionKeyword - Clicked on element: App Bar Save Button
2025-06-29 21:10:41 [main] INFO  com.otakmager.base.BaseTest - TEST RESULT: com.otakmager.testCases.flow.CreateDataFlowTest.addDataScreenShouldLoadSuccessfully PASSED
2025-06-29 21:10:41 [main] INFO  com.otakmager.base.BaseTest - 
================== END TEST: com.otakmager.testCases.flow.CreateDataFlowTest.addDataScreenShouldLoadSuccessfully ==================

2025-06-29 21:10:42 [main] INFO  com.otakmager.utils.DriverFactory - AndroidDriver quit successfully
2025-06-29 21:43:58 [main] INFO  com.otakmager.utils.DriverFactory - Starting AndroidDriver initialization with useApkFile: false
2025-06-29 21:43:58 [main] INFO  com.otakmager.utils.ConfigReader - Loaded config.properties successfully
2025-06-29 21:43:59 [main] INFO  com.otakmager.utils.DriverFactory - Using App Package: com.otakmager.traffic_records, App Activity: com.otakmager.traffic_records.MainActivity
2025-06-29 21:44:12 [main] INFO  com.otakmager.utils.DriverFactory - AndroidDriver initialized successfully
2025-06-29 21:44:12 [main] INFO  com.otakmager.base.BaseTest - 

================== START TEST: ViewDetailDataFlowTest.viewDetailDataShouldSucceed ==================

2025-06-29 21:44:13 [main] INFO  com.otakmager.keywords.ValidationKeyword - Element visible: Menu Riwayat
2025-06-29 21:44:14 [main] INFO  com.otakmager.keywords.ActionKeyword - Clicked on element: Menu Riwayat
2025-06-29 21:44:14 [main] ERROR com.otakmager.keywords.ValidationKeyword - Element NOT FOUND: Item Data
2025-06-29 21:44:14 [main] INFO  com.otakmager.utils.RetryAnalyzer - Retrying test viewDetailDataShouldSucceed with status FAILURE for the 1 time(s).
2025-06-29 21:44:14 [main] WARN  com.otakmager.base.BaseTest - TEST RESULT: com.otakmager.testCases.flow.ViewDetailDataFlowTest.viewDetailDataShouldSucceed SKIPPED
2025-06-29 21:44:14 [main] INFO  com.otakmager.base.BaseTest - 
================== END TEST: com.otakmager.testCases.flow.ViewDetailDataFlowTest.viewDetailDataShouldSucceed ==================

2025-06-29 21:44:15 [main] INFO  com.otakmager.utils.DriverFactory - AndroidDriver quit successfully
2025-06-29 21:44:15 [main] INFO  com.otakmager.utils.DriverFactory - Starting AndroidDriver initialization with useApkFile: false
2025-06-29 21:44:15 [main] INFO  com.otakmager.utils.DriverFactory - Using App Package: com.otakmager.traffic_records, App Activity: com.otakmager.traffic_records.MainActivity
2025-06-29 21:50:28 [main] INFO  com.otakmager.utils.DriverFactory - Starting AndroidDriver initialization with useApkFile: false
2025-06-29 21:50:28 [main] INFO  com.otakmager.utils.ConfigReader - Loaded config.properties successfully
2025-06-29 21:50:28 [main] INFO  com.otakmager.utils.DriverFactory - Using App Package: com.otakmager.traffic_records, App Activity: com.otakmager.traffic_records.MainActivity
2025-06-29 21:50:36 [main] INFO  com.otakmager.utils.DriverFactory - AndroidDriver initialized successfully
2025-06-29 21:50:36 [main] INFO  com.otakmager.base.BaseTest - 

================== START TEST: CreateDataFlowTest.createDataShouldSucceed ==================

2025-06-29 21:50:36 [main] INFO  com.otakmager.keywords.ValidationKeyword - Element visible: Menu Pengamatan
2025-06-29 21:50:37 [main] INFO  com.otakmager.keywords.ActionKeyword - Clicked on element: Menu Pengamatan
2025-06-29 21:50:37 [main] INFO  com.otakmager.keywords.ValidationKeyword - Element visible: Menu Jalan Raya
2025-06-29 21:50:37 [main] INFO  com.otakmager.keywords.ActionKeyword - Clicked on element: Menu Jalan Raya
2025-06-29 21:50:37 [main] INFO  com.otakmager.keywords.ValidationKeyword - Element visible: Menu 5 Tipe
2025-06-29 21:50:38 [main] INFO  com.otakmager.keywords.ActionKeyword - Clicked on element: Menu 5 Tipe
2025-06-29 21:50:48 [main] INFO  com.otakmager.keywords.ValidationKeyword - Element visible: Counter: Motor
2025-06-29 21:51:38 [main] INFO  com.otakmager.keywords.ActionKeyword - Clicked on element: Counter: Motor
2025-06-29 21:52:19 [main] INFO  com.otakmager.keywords.ActionKeyword - Clicked on element: App Bar Finish Button
2025-06-29 21:52:19 [main] INFO  com.otakmager.keywords.ActionKeyword - Clicked on element: Alert Dialog Yes Button
2025-06-29 21:52:20 [main] INFO  com.otakmager.keywords.ValidationKeyword - Element visible: Optional Data Header
2025-06-29 21:52:21 [main] INFO  com.otakmager.keywords.ValidationKeyword - Element visible: Field Pengamat
2025-06-29 21:52:21 [main] INFO  com.otakmager.keywords.ValidationKeyword - Element visible: Field Lokasi
2025-06-29 21:52:21 [main] INFO  com.otakmager.keywords.ValidationKeyword - Element visible: Field Keterangan
2025-06-29 21:52:21 [main] INFO  com.otakmager.keywords.ActionKeyword - Clicked on element: Field Pengamat
2025-06-29 21:52:23 [main] INFO  com.otakmager.keywords.ActionKeyword - Clicked on element: Field Pengamat
2025-06-29 21:52:23 [main] INFO  com.otakmager.keywords.ActionKeyword - Sent keys 'Dimas' to element: Field Pengamat
2025-06-29 21:52:27 [main] INFO  com.otakmager.keywords.ActionKeyword - Keyboard successfully hidden
2025-06-29 21:52:28 [main] INFO  com.otakmager.keywords.ActionKeyword - Element 'Field Lokasi' found after 0 swipe(s)
2025-06-29 21:52:29 [main] INFO  com.otakmager.keywords.ActionKeyword - Clicked on element: Field Lokasi
2025-06-29 21:52:29 [main] INFO  com.otakmager.keywords.ActionKeyword - Clicked on element: Field Lokasi
2025-06-29 21:52:29 [main] INFO  com.otakmager.keywords.ActionKeyword - Sent keys 'Surakarta, Central Java, Indonesia' to element: Field Lokasi
2025-06-29 21:52:33 [main] INFO  com.otakmager.keywords.ActionKeyword - Keyboard successfully hidden
2025-06-29 21:52:34 [main] INFO  com.otakmager.keywords.ActionKeyword - Element 'Field Keterangan' found after 0 swipe(s)
2025-06-29 21:52:35 [main] INFO  com.otakmager.keywords.ActionKeyword - Clicked on element: Field Keterangan
2025-06-29 21:52:35 [main] INFO  com.otakmager.keywords.ActionKeyword - Clicked on element: Field Keterangan
2025-06-29 21:52:36 [main] INFO  com.otakmager.keywords.ActionKeyword - Sent keys 'Weather clear, vehicle count stable' to element: Field Keterangan
2025-06-29 21:52:40 [main] INFO  com.otakmager.keywords.ActionKeyword - Keyboard successfully hidden
2025-06-29 21:52:42 [main] INFO  com.otakmager.keywords.ActionKeyword - Clicked on element: App Bar Save Button
2025-06-29 21:52:42 [main] INFO  com.otakmager.base.BaseTest - TEST RESULT: com.otakmager.testCases.flow.CreateDataFlowTest.createDataShouldSucceed PASSED
2025-06-29 21:52:42 [main] INFO  com.otakmager.base.BaseTest - 
================== END TEST: com.otakmager.testCases.flow.CreateDataFlowTest.createDataShouldSucceed ==================

2025-06-29 21:52:43 [main] INFO  com.otakmager.utils.DriverFactory - AndroidDriver quit successfully
2025-06-29 21:52:43 [main] INFO  com.otakmager.utils.DriverFactory - Starting AndroidDriver initialization with useApkFile: false
2025-06-29 21:52:43 [main] INFO  com.otakmager.utils.DriverFactory - Using App Package: com.otakmager.traffic_records, App Activity: com.otakmager.traffic_records.MainActivity
2025-06-29 21:52:49 [main] INFO  com.otakmager.utils.DriverFactory - AndroidDriver initialized successfully
2025-06-29 21:52:49 [main] INFO  com.otakmager.base.BaseTest - 

================== START TEST: ViewDetailDataFlowTest.viewDetailDataShouldSucceed ==================

2025-06-29 21:52:49 [main] INFO  com.otakmager.keywords.ValidationKeyword - Element visible: Menu Riwayat
2025-06-29 21:52:50 [main] INFO  com.otakmager.keywords.ActionKeyword - Clicked on element: Menu Riwayat
2025-06-29 21:52:50 [main] ERROR com.otakmager.keywords.ValidationKeyword - Element NOT FOUND: Item Data
2025-06-29 21:52:51 [main] INFO  com.otakmager.utils.RetryAnalyzer - Retrying test viewDetailDataShouldSucceed with status FAILURE for the 1 time(s).
2025-06-29 21:52:51 [main] WARN  com.otakmager.base.BaseTest - TEST RESULT: com.otakmager.testCases.flow.ViewDetailDataFlowTest.viewDetailDataShouldSucceed SKIPPED
2025-06-29 21:52:51 [main] INFO  com.otakmager.base.BaseTest - 
================== END TEST: com.otakmager.testCases.flow.ViewDetailDataFlowTest.viewDetailDataShouldSucceed ==================

2025-06-29 21:52:51 [main] INFO  com.otakmager.utils.DriverFactory - AndroidDriver quit successfully
2025-06-29 21:52:51 [main] INFO  com.otakmager.utils.DriverFactory - Starting AndroidDriver initialization with useApkFile: false
2025-06-29 21:52:51 [main] INFO  com.otakmager.utils.DriverFactory - Using App Package: com.otakmager.traffic_records, App Activity: com.otakmager.traffic_records.MainActivity
2025-06-29 21:52:58 [main] INFO  com.otakmager.utils.DriverFactory - AndroidDriver initialized successfully
2025-06-29 21:52:58 [main] INFO  com.otakmager.base.BaseTest - 

================== START TEST: ViewDetailDataFlowTest.viewDetailDataShouldSucceed ==================

2025-06-29 21:52:59 [main] INFO  com.otakmager.keywords.ValidationKeyword - Element visible: Menu Riwayat
2025-06-29 21:53:00 [main] INFO  com.otakmager.keywords.ActionKeyword - Clicked on element: Menu Riwayat
2025-06-29 21:53:00 [main] ERROR com.otakmager.keywords.ValidationKeyword - Element NOT FOUND: Item Data
2025-06-29 21:53:00 [main] INFO  com.otakmager.utils.RetryAnalyzer - Retrying test viewDetailDataShouldSucceed with status FAILURE for the 2 time(s).
2025-06-29 21:53:00 [main] INFO  com.otakmager.utils.SuiteListener - Screenshot captured for failed test: viewDetailDataShouldSucceed
2025-06-29 21:53:00 [main] INFO  com.otakmager.utils.SuiteListener - Screenshot saved at: E:\Project\QA_quality_assurance\appium-project\AppiumHitorMobileTest\screenshots\viewDetailDataShouldSucceed
2025-06-29 21:53:00 [main] ERROR com.otakmager.base.BaseTest - TEST RESULT: com.otakmager.testCases.flow.ViewDetailDataFlowTest.viewDetailDataShouldSucceed FAILED
2025-06-29 21:53:00 [main] INFO  com.otakmager.base.BaseTest - 
================== END TEST: com.otakmager.testCases.flow.ViewDetailDataFlowTest.viewDetailDataShouldSucceed ==================

2025-06-29 21:53:01 [main] INFO  com.otakmager.utils.DriverFactory - AndroidDriver quit successfully
2025-06-29 21:55:36 [main] INFO  com.otakmager.utils.DriverFactory - Starting AndroidDriver initialization with useApkFile: false
2025-06-29 21:55:36 [main] INFO  com.otakmager.utils.ConfigReader - Loaded config.properties successfully
2025-06-29 21:55:36 [main] INFO  com.otakmager.utils.DriverFactory - Using App Package: com.otakmager.traffic_records, App Activity: com.otakmager.traffic_records.MainActivity
2025-06-29 21:55:43 [main] INFO  com.otakmager.utils.DriverFactory - AndroidDriver initialized successfully
2025-06-29 21:55:43 [main] INFO  com.otakmager.base.BaseTest - 

================== START TEST: CreateDataFlowTest.createDataShouldSucceed ==================

2025-06-29 21:55:44 [main] INFO  com.otakmager.keywords.ValidationKeyword - Element visible: Menu Pengamatan
2025-06-29 21:55:44 [main] INFO  com.otakmager.keywords.ActionKeyword - Clicked on element: Menu Pengamatan
2025-06-29 21:55:44 [main] INFO  com.otakmager.keywords.ValidationKeyword - Element visible: Menu Jalan Raya
2025-06-29 21:55:45 [main] INFO  com.otakmager.keywords.ActionKeyword - Clicked on element: Menu Jalan Raya
2025-06-29 21:55:46 [main] INFO  com.otakmager.keywords.ValidationKeyword - Element visible: Menu 5 Tipe
2025-06-29 21:55:56 [main] INFO  com.otakmager.keywords.ActionKeyword - Clicked on element: Menu 5 Tipe
2025-06-29 21:56:46 [main] INFO  com.otakmager.keywords.ValidationKeyword - Element visible: Counter: Motor
2025-06-29 21:57:36 [main] INFO  com.otakmager.keywords.ActionKeyword - Clicked on element: Counter: Motor
2025-06-29 21:58:17 [main] INFO  com.otakmager.keywords.ActionKeyword - Clicked on element: App Bar Finish Button
2025-06-29 21:58:18 [main] INFO  com.otakmager.keywords.ActionKeyword - Clicked on element: Alert Dialog Yes Button
2025-06-29 21:58:18 [main] INFO  com.otakmager.keywords.ValidationKeyword - Element visible: Optional Data Header
2025-06-29 21:58:19 [main] INFO  com.otakmager.keywords.ValidationKeyword - Element visible: Field Pengamat
2025-06-29 21:58:19 [main] INFO  com.otakmager.keywords.ValidationKeyword - Element visible: Field Lokasi
2025-06-29 21:58:19 [main] INFO  com.otakmager.keywords.ValidationKeyword - Element visible: Field Keterangan
2025-06-29 21:58:21 [main] INFO  com.otakmager.keywords.ActionKeyword - Clicked on element: Field Pengamat
2025-06-29 21:58:21 [main] INFO  com.otakmager.keywords.ActionKeyword - Clicked on element: Field Pengamat
2025-06-29 21:58:21 [main] INFO  com.otakmager.keywords.ActionKeyword - Sent keys 'Dimas' to element: Field Pengamat
2025-06-29 21:58:25 [main] INFO  com.otakmager.keywords.ActionKeyword - Keyboard successfully hidden
2025-06-29 21:58:26 [main] INFO  com.otakmager.keywords.ActionKeyword - Element 'Field Lokasi' found after 0 swipe(s)
2025-06-29 21:58:27 [main] INFO  com.otakmager.keywords.ActionKeyword - Clicked on element: Field Lokasi
2025-06-29 21:58:27 [main] INFO  com.otakmager.keywords.ActionKeyword - Clicked on element: Field Lokasi
2025-06-29 21:58:27 [main] INFO  com.otakmager.keywords.ActionKeyword - Sent keys 'Surakarta, Central Java, Indonesia' to element: Field Lokasi
2025-06-29 21:58:32 [main] INFO  com.otakmager.keywords.ActionKeyword - Keyboard successfully hidden
2025-06-29 21:58:32 [main] INFO  com.otakmager.keywords.ActionKeyword - Element 'Field Keterangan' found after 0 swipe(s)
2025-06-29 21:58:33 [main] INFO  com.otakmager.keywords.ActionKeyword - Clicked on element: Field Keterangan
2025-06-29 21:58:33 [main] INFO  com.otakmager.keywords.ActionKeyword - Clicked on element: Field Keterangan
2025-06-29 21:58:33 [main] INFO  com.otakmager.keywords.ActionKeyword - Sent keys 'Weather clear, vehicle count stable' to element: Field Keterangan
2025-06-29 21:58:37 [main] INFO  com.otakmager.keywords.ActionKeyword - Keyboard successfully hidden
2025-06-29 21:58:38 [main] INFO  com.otakmager.keywords.ActionKeyword - Clicked on element: App Bar Save Button
2025-06-29 21:58:38 [main] INFO  com.otakmager.base.BaseTest - TEST RESULT: com.otakmager.testCases.flow.CreateDataFlowTest.createDataShouldSucceed PASSED
2025-06-29 21:58:38 [main] INFO  com.otakmager.base.BaseTest - 
================== END TEST: com.otakmager.testCases.flow.CreateDataFlowTest.createDataShouldSucceed ==================

2025-06-29 21:58:38 [main] INFO  com.otakmager.utils.DriverFactory - AndroidDriver quit successfully
2025-06-29 21:58:38 [main] INFO  com.otakmager.utils.DriverFactory - Starting AndroidDriver initialization with useApkFile: false
2025-06-29 21:58:38 [main] INFO  com.otakmager.utils.DriverFactory - Using App Package: com.otakmager.traffic_records, App Activity: com.otakmager.traffic_records.MainActivity
2025-06-29 21:58:43 [main] INFO  com.otakmager.utils.DriverFactory - AndroidDriver initialized successfully
2025-06-29 21:58:43 [main] INFO  com.otakmager.base.BaseTest - 

================== START TEST: ViewDetailDataFlowTest.viewDetailDataShouldSucceed ==================

2025-06-29 21:58:44 [main] INFO  com.otakmager.keywords.ValidationKeyword - Element visible: Menu Riwayat
2025-06-29 21:58:44 [main] INFO  com.otakmager.keywords.ActionKeyword - Clicked on element: Menu Riwayat
2025-06-29 21:58:45 [main] INFO  com.otakmager.keywords.ValidationKeyword - Element visible: Item Data
2025-06-29 21:58:46 [main] INFO  com.otakmager.keywords.ActionKeyword - Clicked on element: Item Data
2025-06-29 21:58:46 [main] INFO  com.otakmager.keywords.ActionKeyword - Retrieved text 'Detail' from element: App Bar Title
2025-06-29 21:58:46 [main] INFO  com.otakmager.keywords.ValidationKeyword - Validation passed: expected 'Detail' and found 'Detail'
2025-06-29 21:58:46 [main] INFO  com.otakmager.keywords.ValidationKeyword - Element visible: App Bar Back Button
2025-06-29 21:58:46 [main] INFO  com.otakmager.keywords.ValidationKeyword - Element visible: Summary Result
2025-06-29 21:58:46 [main] INFO  com.otakmager.keywords.ActionKeyword - Element 'Additional Info' found after 0 swipe(s)
2025-06-29 21:58:47 [main] INFO  com.otakmager.keywords.ValidationKeyword - Element visible: Additional Info
2025-06-29 21:58:47 [main] INFO  com.otakmager.keywords.ActionKeyword - Element 'Summary Record' found after 0 swipe(s)
2025-06-29 21:58:47 [main] INFO  com.otakmager.keywords.ValidationKeyword - Element visible: Summary Record
2025-06-29 21:58:48 [main] INFO  com.otakmager.keywords.ActionKeyword - Swiped down on element: Summary Record (50%)
2025-06-29 21:58:48 [main] INFO  com.otakmager.keywords.ActionKeyword - Swiped down on element: Summary Record (50%)
2025-06-29 21:58:49 [main] INFO  com.otakmager.keywords.ActionKeyword - Swiped down on element: Summary Record (50%)
2025-06-29 21:58:51 [main] INFO  com.otakmager.keywords.ActionKeyword - Swiped down on element: Summary Record (50%)
2025-06-29 21:58:52 [main] INFO  com.otakmager.keywords.ActionKeyword - Swiped down on element: Summary Record (50%)
2025-06-29 21:58:52 [main] ERROR com.otakmager.keywords.ActionKeyword - Failed to find element 'Total Vehicles' after 5 swipe(s) in direction 'down'
2025-06-29 21:58:52 [main] INFO  com.otakmager.utils.RetryAnalyzer - Retrying test viewDetailDataShouldSucceed with status FAILURE for the 1 time(s).
2025-06-29 21:58:52 [main] WARN  com.otakmager.base.BaseTest - TEST RESULT: com.otakmager.testCases.flow.ViewDetailDataFlowTest.viewDetailDataShouldSucceed SKIPPED
2025-06-29 21:58:52 [main] INFO  com.otakmager.base.BaseTest - 
================== END TEST: com.otakmager.testCases.flow.ViewDetailDataFlowTest.viewDetailDataShouldSucceed ==================

2025-06-29 21:58:52 [main] INFO  com.otakmager.utils.DriverFactory - AndroidDriver quit successfully
2025-06-29 21:58:52 [main] INFO  com.otakmager.utils.DriverFactory - Starting AndroidDriver initialization with useApkFile: false
2025-06-29 21:58:52 [main] INFO  com.otakmager.utils.DriverFactory - Using App Package: com.otakmager.traffic_records, App Activity: com.otakmager.traffic_records.MainActivity
2025-06-29 21:58:57 [main] INFO  com.otakmager.utils.DriverFactory - AndroidDriver initialized successfully
2025-06-29 21:58:57 [main] INFO  com.otakmager.base.BaseTest - 

================== START TEST: ViewDetailDataFlowTest.viewDetailDataShouldSucceed ==================

2025-06-29 21:58:57 [main] ERROR com.otakmager.keywords.ValidationKeyword - Element NOT FOUND: Menu Riwayat
2025-06-29 21:58:57 [main] INFO  com.otakmager.utils.RetryAnalyzer - Retrying test viewDetailDataShouldSucceed with status FAILURE for the 2 time(s).
2025-06-29 21:58:59 [main] INFO  com.otakmager.utils.SuiteListener - Screenshot captured for failed test: viewDetailDataShouldSucceed
2025-06-29 21:58:59 [main] INFO  com.otakmager.utils.SuiteListener - Screenshot saved at: E:\Project\QA_quality_assurance\appium-project\AppiumHitorMobileTest\screenshots\viewDetailDataShouldSucceed
2025-06-29 21:58:59 [main] ERROR com.otakmager.base.BaseTest - TEST RESULT: com.otakmager.testCases.flow.ViewDetailDataFlowTest.viewDetailDataShouldSucceed FAILED
2025-06-29 21:58:59 [main] INFO  com.otakmager.base.BaseTest - 
================== END TEST: com.otakmager.testCases.flow.ViewDetailDataFlowTest.viewDetailDataShouldSucceed ==================

2025-06-29 22:11:03 [main] INFO  com.otakmager.utils.DriverFactory - Starting AndroidDriver initialization with useApkFile: false
2025-06-29 22:11:03 [main] INFO  com.otakmager.utils.ConfigReader - Loaded config.properties successfully
2025-06-29 22:11:03 [main] INFO  com.otakmager.utils.DriverFactory - Using App Package: com.otakmager.traffic_records, App Activity: com.otakmager.traffic_records.MainActivity
2025-06-29 22:11:10 [main] INFO  com.otakmager.utils.DriverFactory - AndroidDriver initialized successfully
2025-06-29 22:11:10 [main] INFO  com.otakmager.base.BaseTest - 

================== START TEST: ViewDetailDataFlowTest.viewDetailDataShouldSucceed ==================

2025-06-29 22:11:10 [main] ERROR com.otakmager.keywords.ValidationKeyword - Element NOT FOUND: Menu Riwayat
2025-06-29 22:11:10 [main] INFO  com.otakmager.utils.RetryAnalyzer - Retrying test viewDetailDataShouldSucceed with status FAILURE for the 1 time(s).
2025-06-29 22:11:10 [main] WARN  com.otakmager.base.BaseTest - TEST RESULT: com.otakmager.testCases.flow.ViewDetailDataFlowTest.viewDetailDataShouldSucceed SKIPPED
2025-06-29 22:11:10 [main] INFO  com.otakmager.base.BaseTest - 
================== END TEST: com.otakmager.testCases.flow.ViewDetailDataFlowTest.viewDetailDataShouldSucceed ==================

2025-06-29 22:11:11 [main] INFO  com.otakmager.utils.DriverFactory - AndroidDriver quit successfully
2025-06-29 22:11:11 [main] INFO  com.otakmager.utils.DriverFactory - Starting AndroidDriver initialization with useApkFile: false
2025-06-29 22:11:11 [main] INFO  com.otakmager.utils.DriverFactory - Using App Package: com.otakmager.traffic_records, App Activity: com.otakmager.traffic_records.MainActivity
2025-06-29 22:11:16 [main] INFO  com.otakmager.utils.DriverFactory - AndroidDriver initialized successfully
2025-06-29 22:11:16 [main] INFO  com.otakmager.base.BaseTest - 

================== START TEST: ViewDetailDataFlowTest.viewDetailDataShouldSucceed ==================

2025-06-29 22:11:16 [main] ERROR com.otakmager.keywords.ValidationKeyword - Element NOT FOUND: Menu Riwayat
2025-06-29 22:11:16 [main] INFO  com.otakmager.utils.RetryAnalyzer - Retrying test viewDetailDataShouldSucceed with status FAILURE for the 2 time(s).
2025-06-29 22:11:17 [main] INFO  com.otakmager.utils.SuiteListener - Screenshot captured for failed test: viewDetailDataShouldSucceed
2025-06-29 22:11:17 [main] INFO  com.otakmager.utils.SuiteListener - Screenshot saved at: E:\Project\QA_quality_assurance\appium-project\AppiumHitorMobileTest\screenshots\viewDetailDataShouldSucceed
2025-06-29 22:11:17 [main] ERROR com.otakmager.base.BaseTest - TEST RESULT: com.otakmager.testCases.flow.ViewDetailDataFlowTest.viewDetailDataShouldSucceed FAILED
2025-06-29 22:11:17 [main] INFO  com.otakmager.base.BaseTest - 
================== END TEST: com.otakmager.testCases.flow.ViewDetailDataFlowTest.viewDetailDataShouldSucceed ==================

2025-06-29 22:11:18 [main] INFO  com.otakmager.utils.DriverFactory - AndroidDriver quit successfully
2025-06-29 22:12:23 [main] INFO  com.otakmager.utils.DriverFactory - Starting AndroidDriver initialization with useApkFile: false
2025-06-29 22:12:23 [main] INFO  com.otakmager.utils.ConfigReader - Loaded config.properties successfully
2025-06-29 22:12:23 [main] INFO  com.otakmager.utils.DriverFactory - Using App Package: com.otakmager.traffic_records, App Activity: com.otakmager.traffic_records.MainActivity
2025-06-29 22:12:30 [main] INFO  com.otakmager.utils.DriverFactory - AndroidDriver initialized successfully
2025-06-29 22:12:30 [main] INFO  com.otakmager.base.BaseTest - 

================== START TEST: ViewDetailDataFlowTest.viewDetailDataShouldSucceed ==================

2025-06-29 22:12:31 [main] INFO  com.otakmager.keywords.ValidationKeyword - Element visible: Menu Riwayat
2025-06-29 22:12:31 [main] INFO  com.otakmager.keywords.ActionKeyword - Clicked on element: Menu Riwayat
2025-06-29 22:12:32 [main] INFO  com.otakmager.keywords.ValidationKeyword - Element visible: Item Data
2025-06-29 22:12:32 [main] INFO  com.otakmager.keywords.ActionKeyword - Clicked on element: Item Data
2025-06-29 22:12:32 [main] INFO  com.otakmager.keywords.ActionKeyword - Retrieved text 'Detail' from element: App Bar Title
2025-06-29 22:12:32 [main] INFO  com.otakmager.keywords.ValidationKeyword - Validation passed: expected 'Detail' and found 'Detail'
2025-06-29 22:12:32 [main] INFO  com.otakmager.keywords.ValidationKeyword - Element visible: App Bar Back Button
2025-06-29 22:12:33 [main] INFO  com.otakmager.keywords.ValidationKeyword - Element visible: Summary Result
2025-06-29 22:12:33 [main] INFO  com.otakmager.keywords.ActionKeyword - Element 'Additional Info' found after 0 swipe(s)
2025-06-29 22:12:33 [main] INFO  com.otakmager.keywords.ValidationKeyword - Element visible: Additional Info
2025-06-29 22:12:33 [main] INFO  com.otakmager.keywords.ActionKeyword - Element 'Summary Record' found after 0 swipe(s)
2025-06-29 22:12:33 [main] INFO  com.otakmager.keywords.ValidationKeyword - Element visible: Summary Record
2025-06-29 22:12:34 [main] INFO  com.otakmager.keywords.ActionKeyword - Swiped down on element: Summary Record (50%)
2025-06-29 22:12:35 [main] ERROR com.otakmager.keywords.ActionKeyword - Failed to swipe down on element: Summary Record. Error: An element could not be located on the page using the given search parameters.
For documentation on this error, please visit: https://www.selenium.dev/documentation/webdriver/troubleshooting/errors#no-such-element-exception
Build info: version: '4.33.0', revision: '2c6aaad03a'
System info: os.name: 'Windows 10', os.arch: 'amd64', os.version: '10.0', java.version: '17.0.5'
Driver info: io.appium.java_client.android.AndroidDriver
Command: [b1c0b03d-681b-40a1-95b2-7da5f036bd3e, findElement {using=-android uiautomator, value=new UiSelector().descriptionContains("Hasil Pengamatan")}]
Capabilities {appium:appActivity: com.otakmager.traffic_recor..., appium:appPackage: com.otakmager.traffic_records, appium:automationName: UiAutomator2, appium:databaseEnabled: false, appium:desired: {appActivity: com.otakmager.traffic_recor..., appPackage: com.otakmager.traffic_records, automationName: UiAutomator2, deviceName: 075872522F001494, newCommandTimeout: 60, noReset: true, platformName: ANDROID, platformVersion: 11}, appium:deviceApiLevel: 30, appium:deviceManufacturer: INFINIX MOBILITY LIMITED, appium:deviceModel: Infinix X663B, appium:deviceName: 075872522F001494, appium:deviceScreenDensity: 480, appium:deviceScreenSize: 1080x2400, appium:deviceUDID: 075872522F001494, appium:javascriptEnabled: true, appium:locationContextEnabled: false, appium:networkConnectionEnabled: true, appium:newCommandTimeout: 60, appium:noReset: true, appium:pixelRatio: 3, appium:platformVersion: 11, appium:statBarHeight: 108, appium:takesScreenshot: true, appium:viewportRect: {height: 2292, left: 0, top: 108, width: 1080}, appium:warnings: {}, appium:webStorageEnabled: false, platformName: ANDROID}
Session ID: b1c0b03d-681b-40a1-95b2-7da5f036bd3e
2025-06-29 22:12:35 [main] INFO  com.otakmager.utils.RetryAnalyzer - Retrying test viewDetailDataShouldSucceed with status FAILURE for the 1 time(s).
2025-06-29 22:12:35 [main] WARN  com.otakmager.base.BaseTest - TEST RESULT: com.otakmager.testCases.flow.ViewDetailDataFlowTest.viewDetailDataShouldSucceed SKIPPED
2025-06-29 22:12:35 [main] INFO  com.otakmager.base.BaseTest - 
================== END TEST: com.otakmager.testCases.flow.ViewDetailDataFlowTest.viewDetailDataShouldSucceed ==================

2025-06-29 22:12:35 [main] INFO  com.otakmager.utils.DriverFactory - AndroidDriver quit successfully
2025-06-29 22:12:35 [main] INFO  com.otakmager.utils.DriverFactory - Starting AndroidDriver initialization with useApkFile: false
2025-06-29 22:12:35 [main] INFO  com.otakmager.utils.DriverFactory - Using App Package: com.otakmager.traffic_records, App Activity: com.otakmager.traffic_records.MainActivity
2025-06-29 22:12:40 [main] INFO  com.otakmager.utils.DriverFactory - AndroidDriver initialized successfully
2025-06-29 22:12:40 [main] INFO  com.otakmager.base.BaseTest - 

================== START TEST: ViewDetailDataFlowTest.viewDetailDataShouldSucceed ==================

2025-06-29 22:12:41 [main] ERROR com.otakmager.keywords.ValidationKeyword - Element NOT FOUND: Menu Riwayat
2025-06-29 22:12:41 [main] INFO  com.otakmager.utils.RetryAnalyzer - Retrying test viewDetailDataShouldSucceed with status FAILURE for the 2 time(s).
2025-06-29 22:12:44 [main] INFO  com.otakmager.utils.SuiteListener - Screenshot captured for failed test: viewDetailDataShouldSucceed
2025-06-29 22:12:44 [main] INFO  com.otakmager.utils.SuiteListener - Screenshot saved at: E:\Project\QA_quality_assurance\appium-project\AppiumHitorMobileTest\screenshots\viewDetailDataShouldSucceed
2025-06-29 22:12:44 [main] ERROR com.otakmager.base.BaseTest - TEST RESULT: com.otakmager.testCases.flow.ViewDetailDataFlowTest.viewDetailDataShouldSucceed FAILED
2025-06-29 22:12:44 [main] INFO  com.otakmager.base.BaseTest - 
================== END TEST: com.otakmager.testCases.flow.ViewDetailDataFlowTest.viewDetailDataShouldSucceed ==================

2025-06-29 22:12:45 [main] INFO  com.otakmager.utils.DriverFactory - AndroidDriver quit successfully
2025-06-30 08:47:14 [main] INFO  com.otakmager.utils.DriverFactory - Starting AndroidDriver initialization with useApkFile: false
2025-06-30 08:47:14 [main] INFO  com.otakmager.utils.ConfigReader - Loaded config.properties successfully
2025-06-30 08:47:15 [main] INFO  com.otakmager.utils.DriverFactory - Using App Package: com.otakmager.traffic_records, App Activity: com.otakmager.traffic_records.MainActivity
2025-06-30 08:47:35 [main] INFO  com.otakmager.utils.DriverFactory - AndroidDriver initialized successfully
2025-06-30 08:47:36 [main] INFO  com.otakmager.base.BaseTest - 

================== START TEST: ViewDetailDataFlowTest.viewDetailDataShouldSucceed ==================

2025-06-30 08:47:36 [main] INFO  com.otakmager.keywords.ValidationKeyword - Element visible: Menu Riwayat
2025-06-30 08:47:37 [main] INFO  com.otakmager.keywords.ActionKeyword - Clicked on element: Menu Riwayat
2025-06-30 08:47:37 [main] INFO  com.otakmager.keywords.ValidationKeyword - Element visible: Item Data
2025-06-30 08:47:38 [main] INFO  com.otakmager.keywords.ActionKeyword - Clicked on element: Item Data
2025-06-30 08:47:38 [main] INFO  com.otakmager.keywords.ActionKeyword - Retrieved text 'Detail' from element: App Bar Title
2025-06-30 08:47:38 [main] INFO  com.otakmager.keywords.ValidationKeyword - Validation passed: expected 'Detail' and found 'Detail'
2025-06-30 08:47:38 [main] INFO  com.otakmager.keywords.ValidationKeyword - Element visible: App Bar Back Button
2025-06-30 08:47:39 [main] INFO  com.otakmager.keywords.ValidationKeyword - Element visible: Summary Result
2025-06-30 08:47:39 [main] INFO  com.otakmager.keywords.ActionKeyword - Element 'Additional Info' found after 0 swipe(s)
2025-06-30 08:47:39 [main] INFO  com.otakmager.keywords.ValidationKeyword - Element visible: Additional Info
2025-06-30 08:47:39 [main] INFO  com.otakmager.keywords.ActionKeyword - Element 'Summary Record' found after 0 swipe(s)
2025-06-30 08:47:39 [main] INFO  com.otakmager.keywords.ValidationKeyword - Element visible: Summary Record
2025-06-30 08:47:40 [main] INFO  com.otakmager.keywords.ActionKeyword - Swiped finger 'up' on element 'Summary Record' (50%)  content scroll down (finger swipe up)
2025-06-30 08:47:41 [main] ERROR com.otakmager.keywords.ActionKeyword - Failed to swipe up on element: Summary Record. Error: An element could not be located on the page using the given search parameters.
For documentation on this error, please visit: https://www.selenium.dev/documentation/webdriver/troubleshooting/errors#no-such-element-exception
Build info: version: '4.33.0', revision: '2c6aaad03a'
System info: os.name: 'Windows 10', os.arch: 'amd64', os.version: '10.0', java.version: '17.0.5'
Driver info: io.appium.java_client.android.AndroidDriver
Command: [0f459524-e80d-49f6-b088-be3245488a9f, findElement {value=new UiSelector().descriptionContains("Hasil Pengamatan"), using=-android uiautomator}]
Capabilities {appium:appActivity: com.otakmager.traffic_recor..., appium:appPackage: com.otakmager.traffic_records, appium:automationName: UiAutomator2, appium:databaseEnabled: false, appium:desired: {appActivity: com.otakmager.traffic_recor..., appPackage: com.otakmager.traffic_records, automationName: UiAutomator2, deviceName: 075872522F001494, newCommandTimeout: 60, noReset: true, platformName: ANDROID, platformVersion: 11}, appium:deviceApiLevel: 30, appium:deviceManufacturer: INFINIX MOBILITY LIMITED, appium:deviceModel: Infinix X663B, appium:deviceName: 075872522F001494, appium:deviceScreenDensity: 480, appium:deviceScreenSize: 1080x2400, appium:deviceUDID: 075872522F001494, appium:javascriptEnabled: true, appium:locationContextEnabled: false, appium:networkConnectionEnabled: true, appium:newCommandTimeout: 60, appium:noReset: true, appium:pixelRatio: 3, appium:platformVersion: 11, appium:statBarHeight: 108, appium:takesScreenshot: true, appium:viewportRect: {height: 2292, left: 0, top: 108, width: 1080}, appium:warnings: {}, appium:webStorageEnabled: false, platformName: ANDROID}
Session ID: 0f459524-e80d-49f6-b088-be3245488a9f
2025-06-30 08:47:41 [main] INFO  com.otakmager.utils.RetryAnalyzer - Retrying test viewDetailDataShouldSucceed with status FAILURE for the 1 time(s).
2025-06-30 08:47:41 [main] WARN  com.otakmager.base.BaseTest - TEST RESULT: com.otakmager.testCases.flow.ViewDetailDataFlowTest.viewDetailDataShouldSucceed SKIPPED
2025-06-30 08:47:41 [main] INFO  com.otakmager.base.BaseTest - 
================== END TEST: com.otakmager.testCases.flow.ViewDetailDataFlowTest.viewDetailDataShouldSucceed ==================

2025-06-30 08:47:42 [main] INFO  com.otakmager.utils.DriverFactory - AndroidDriver quit successfully
2025-06-30 08:47:42 [main] INFO  com.otakmager.utils.DriverFactory - Starting AndroidDriver initialization with useApkFile: false
2025-06-30 08:47:42 [main] INFO  com.otakmager.utils.DriverFactory - Using App Package: com.otakmager.traffic_records, App Activity: com.otakmager.traffic_records.MainActivity
2025-06-30 08:47:49 [main] INFO  com.otakmager.utils.DriverFactory - AndroidDriver initialized successfully
2025-06-30 08:47:49 [main] INFO  com.otakmager.base.BaseTest - 

================== START TEST: ViewDetailDataFlowTest.viewDetailDataShouldSucceed ==================

2025-06-30 08:47:49 [main] ERROR com.otakmager.keywords.ValidationKeyword - Element NOT FOUND: Menu Riwayat
2025-06-30 08:47:49 [main] INFO  com.otakmager.utils.RetryAnalyzer - Retrying test viewDetailDataShouldSucceed with status FAILURE for the 2 time(s).
2025-06-30 08:47:53 [main] INFO  com.otakmager.utils.SuiteListener - Screenshot captured for failed test: viewDetailDataShouldSucceed
2025-06-30 08:47:53 [main] INFO  com.otakmager.utils.SuiteListener - Screenshot saved at: E:\Project\QA_quality_assurance\appium-project\AppiumHitorMobileTest\screenshots\viewDetailDataShouldSucceed
2025-06-30 08:47:53 [main] ERROR com.otakmager.base.BaseTest - TEST RESULT: com.otakmager.testCases.flow.ViewDetailDataFlowTest.viewDetailDataShouldSucceed FAILED
2025-06-30 08:47:53 [main] INFO  com.otakmager.base.BaseTest - 
================== END TEST: com.otakmager.testCases.flow.ViewDetailDataFlowTest.viewDetailDataShouldSucceed ==================

2025-06-30 08:47:54 [main] INFO  com.otakmager.utils.DriverFactory - AndroidDriver quit successfully
2025-06-30 09:18:27 [main] INFO  com.otakmager.utils.DriverFactory - Starting AndroidDriver initialization with useApkFile: false
2025-06-30 09:18:27 [main] INFO  com.otakmager.utils.ConfigReader - Loaded config.properties successfully
2025-06-30 09:18:27 [main] INFO  com.otakmager.utils.DriverFactory - Using App Package: com.otakmager.traffic_records, App Activity: com.otakmager.traffic_records.MainActivity
2025-06-30 09:18:38 [main] INFO  com.otakmager.utils.DriverFactory - AndroidDriver initialized successfully
2025-06-30 09:18:38 [main] INFO  com.otakmager.base.BaseTest - 

================== START TEST: ViewDetailDataFlowTest.viewDetailDataShouldSucceed ==================

2025-06-30 09:18:39 [main] INFO  com.otakmager.keywords.ValidationKeyword - Element visible: Menu Riwayat
2025-06-30 09:18:40 [main] INFO  com.otakmager.keywords.ActionKeyword - Clicked on element: Menu Riwayat
2025-06-30 09:18:40 [main] INFO  com.otakmager.keywords.ValidationKeyword - Element visible: Item Data
2025-06-30 09:18:41 [main] INFO  com.otakmager.keywords.ActionKeyword - Clicked on element: Item Data
2025-06-30 09:18:41 [main] INFO  com.otakmager.keywords.ActionKeyword - Retrieved text 'Detail' from element: App Bar Title
2025-06-30 09:18:41 [main] INFO  com.otakmager.keywords.ValidationKeyword - Validation passed: expected 'Detail' and found 'Detail'
2025-06-30 09:18:41 [main] INFO  com.otakmager.keywords.ValidationKeyword - Element visible: App Bar Back Button
2025-06-30 09:18:41 [main] INFO  com.otakmager.keywords.ValidationKeyword - Element visible: Summary Result
2025-06-30 09:18:41 [main] INFO  com.otakmager.keywords.ActionKeyword - Element 'Additional Info' found after 0 swipe(s)
2025-06-30 09:18:41 [main] INFO  com.otakmager.keywords.ValidationKeyword - Element visible: Additional Info
2025-06-30 09:18:41 [main] INFO  com.otakmager.keywords.ActionKeyword - Element 'Summary Record' found after 0 swipe(s)
2025-06-30 09:18:42 [main] INFO  com.otakmager.keywords.ValidationKeyword - Element visible: Summary Record
2025-06-30 09:18:43 [main] INFO  com.otakmager.keywords.ActionKeyword - Swiped finger 'up' on element 'Summary Record' (50%)  content scroll down (finger swipe up)
2025-06-30 09:18:44 [main] ERROR com.otakmager.keywords.ActionKeyword - Failed to swipe up on element: Summary Record. Error: An element could not be located on the page using the given search parameters.
For documentation on this error, please visit: https://www.selenium.dev/documentation/webdriver/troubleshooting/errors#no-such-element-exception
Build info: version: '4.33.0', revision: '2c6aaad03a'
System info: os.name: 'Windows 10', os.arch: 'amd64', os.version: '10.0', java.version: '17.0.5'
Driver info: io.appium.java_client.android.AndroidDriver
Command: [b8334e01-7e6f-49f3-add0-9ad0b965c50a, findElement {using=-android uiautomator, value=new UiSelector().descriptionContains("Hasil Pengamatan")}]
Capabilities {appium:appActivity: com.otakmager.traffic_recor..., appium:appPackage: com.otakmager.traffic_records, appium:automationName: UiAutomator2, appium:databaseEnabled: false, appium:desired: {appActivity: com.otakmager.traffic_recor..., appPackage: com.otakmager.traffic_records, automationName: UiAutomator2, deviceName: 075872522F001494, newCommandTimeout: 60, noReset: true, platformName: ANDROID, platformVersion: 11}, appium:deviceApiLevel: 30, appium:deviceManufacturer: INFINIX MOBILITY LIMITED, appium:deviceModel: Infinix X663B, appium:deviceName: 075872522F001494, appium:deviceScreenDensity: 480, appium:deviceScreenSize: 1080x2400, appium:deviceUDID: 075872522F001494, appium:javascriptEnabled: true, appium:locationContextEnabled: false, appium:networkConnectionEnabled: true, appium:newCommandTimeout: 60, appium:noReset: true, appium:pixelRatio: 3, appium:platformVersion: 11, appium:statBarHeight: 108, appium:takesScreenshot: true, appium:viewportRect: {height: 2292, left: 0, top: 108, width: 1080}, appium:warnings: {}, appium:webStorageEnabled: false, platformName: ANDROID}
Session ID: b8334e01-7e6f-49f3-add0-9ad0b965c50a
2025-06-30 09:18:44 [main] INFO  com.otakmager.utils.RetryAnalyzer - Retrying test viewDetailDataShouldSucceed with status FAILURE for the 1 time(s).
2025-06-30 09:18:44 [main] WARN  com.otakmager.base.BaseTest - TEST RESULT: com.otakmager.testCases.flow.ViewDetailDataFlowTest.viewDetailDataShouldSucceed SKIPPED
2025-06-30 09:18:44 [main] INFO  com.otakmager.base.BaseTest - 
================== END TEST: com.otakmager.testCases.flow.ViewDetailDataFlowTest.viewDetailDataShouldSucceed ==================

2025-06-30 09:18:45 [main] INFO  com.otakmager.utils.DriverFactory - Terminated app: com.otakmager.traffic_records
2025-06-30 09:18:46 [main] INFO  com.otakmager.utils.DriverFactory - AndroidDriver quit successfully
2025-06-30 09:18:46 [main] INFO  com.otakmager.utils.DriverFactory - Starting AndroidDriver initialization with useApkFile: false
2025-06-30 09:18:46 [main] INFO  com.otakmager.utils.DriverFactory - Using App Package: com.otakmager.traffic_records, App Activity: com.otakmager.traffic_records.MainActivity
2025-06-30 09:18:52 [main] INFO  com.otakmager.utils.DriverFactory - AndroidDriver initialized successfully
2025-06-30 09:18:52 [main] INFO  com.otakmager.base.BaseTest - 

================== START TEST: ViewDetailDataFlowTest.viewDetailDataShouldSucceed ==================

2025-06-30 09:18:53 [main] INFO  com.otakmager.keywords.ValidationKeyword - Element visible: Menu Riwayat
2025-06-30 09:18:53 [main] INFO  com.otakmager.keywords.ActionKeyword - Clicked on element: Menu Riwayat
2025-06-30 09:18:53 [main] INFO  com.otakmager.keywords.ValidationKeyword - Element visible: Item Data
2025-06-30 09:18:54 [main] INFO  com.otakmager.keywords.ActionKeyword - Clicked on element: Item Data
2025-06-30 09:18:54 [main] INFO  com.otakmager.keywords.ActionKeyword - Retrieved text 'Detail' from element: App Bar Title
2025-06-30 09:18:54 [main] INFO  com.otakmager.keywords.ValidationKeyword - Validation passed: expected 'Detail' and found 'Detail'
2025-06-30 09:18:54 [main] INFO  com.otakmager.keywords.ValidationKeyword - Element visible: App Bar Back Button
2025-06-30 09:18:54 [main] INFO  com.otakmager.keywords.ValidationKeyword - Element visible: Summary Result
2025-06-30 09:18:55 [main] INFO  com.otakmager.keywords.ActionKeyword - Element 'Additional Info' found after 0 swipe(s)
2025-06-30 09:18:55 [main] INFO  com.otakmager.keywords.ValidationKeyword - Element visible: Additional Info
2025-06-30 09:18:55 [main] INFO  com.otakmager.keywords.ActionKeyword - Element 'Summary Record' found after 0 swipe(s)
2025-06-30 09:18:55 [main] INFO  com.otakmager.keywords.ValidationKeyword - Element visible: Summary Record
2025-06-30 09:18:56 [main] INFO  com.otakmager.keywords.ActionKeyword - Swiped finger 'up' on element 'Summary Record' (50%)  content scroll down (finger swipe up)
2025-06-30 09:18:56 [main] ERROR com.otakmager.keywords.ActionKeyword - Failed to swipe up on element: Summary Record. Error: An element could not be located on the page using the given search parameters.
For documentation on this error, please visit: https://www.selenium.dev/documentation/webdriver/troubleshooting/errors#no-such-element-exception
Build info: version: '4.33.0', revision: '2c6aaad03a'
System info: os.name: 'Windows 10', os.arch: 'amd64', os.version: '10.0', java.version: '17.0.5'
Driver info: io.appium.java_client.android.AndroidDriver
Command: [62cb4465-6c6f-483f-abbb-43a068c7e283, findElement {using=-android uiautomator, value=new UiSelector().descriptionContains("Hasil Pengamatan")}]
Capabilities {appium:appActivity: com.otakmager.traffic_recor..., appium:appPackage: com.otakmager.traffic_records, appium:automationName: UiAutomator2, appium:databaseEnabled: false, appium:desired: {appActivity: com.otakmager.traffic_recor..., appPackage: com.otakmager.traffic_records, automationName: UiAutomator2, deviceName: 075872522F001494, newCommandTimeout: 60, noReset: true, platformName: ANDROID, platformVersion: 11}, appium:deviceApiLevel: 30, appium:deviceManufacturer: INFINIX MOBILITY LIMITED, appium:deviceModel: Infinix X663B, appium:deviceName: 075872522F001494, appium:deviceScreenDensity: 480, appium:deviceScreenSize: 1080x2400, appium:deviceUDID: 075872522F001494, appium:javascriptEnabled: true, appium:locationContextEnabled: false, appium:networkConnectionEnabled: true, appium:newCommandTimeout: 60, appium:noReset: true, appium:pixelRatio: 3, appium:platformVersion: 11, appium:statBarHeight: 108, appium:takesScreenshot: true, appium:viewportRect: {height: 2292, left: 0, top: 108, width: 1080}, appium:warnings: {}, appium:webStorageEnabled: false, platformName: ANDROID}
Session ID: 62cb4465-6c6f-483f-abbb-43a068c7e283
2025-06-30 09:18:56 [main] INFO  com.otakmager.utils.RetryAnalyzer - Retrying test viewDetailDataShouldSucceed with status FAILURE for the 2 time(s).
2025-06-30 09:18:58 [main] INFO  com.otakmager.utils.SuiteListener - Screenshot captured for failed test: viewDetailDataShouldSucceed
2025-06-30 09:18:58 [main] INFO  com.otakmager.utils.SuiteListener - Screenshot saved at: E:\Project\QA_quality_assurance\appium-project\AppiumHitorMobileTest\screenshots\viewDetailDataShouldSucceed
2025-06-30 09:18:58 [main] ERROR com.otakmager.base.BaseTest - TEST RESULT: com.otakmager.testCases.flow.ViewDetailDataFlowTest.viewDetailDataShouldSucceed FAILED
2025-06-30 09:18:58 [main] INFO  com.otakmager.base.BaseTest - 
================== END TEST: com.otakmager.testCases.flow.ViewDetailDataFlowTest.viewDetailDataShouldSucceed ==================

2025-06-30 09:18:58 [main] INFO  com.otakmager.utils.DriverFactory - Terminated app: com.otakmager.traffic_records
2025-06-30 09:18:59 [main] INFO  com.otakmager.utils.DriverFactory - AndroidDriver quit successfully
2025-06-30 10:10:34 [main] INFO  com.otakmager.utils.DriverFactory - Starting AndroidDriver initialization with useApkFile: false
2025-06-30 10:10:34 [main] INFO  com.otakmager.utils.ConfigReader - Loaded config.properties successfully
2025-06-30 10:10:34 [main] INFO  com.otakmager.utils.DriverFactory - Using App Package: com.otakmager.traffic_records, App Activity: com.otakmager.traffic_records.MainActivity
2025-06-30 10:10:47 [main] INFO  com.otakmager.utils.DriverFactory - AndroidDriver initialized successfully
2025-06-30 10:10:47 [main] INFO  com.otakmager.base.BaseTest - 

================== START TEST: ViewDetailDataFlowTest.viewDetailDataShouldSucceed ==================

2025-06-30 10:10:48 [main] ERROR com.otakmager.keywords.ValidationKeyword - Element NOT FOUND: Menu Riwayat
2025-06-30 10:10:48 [main] INFO  com.otakmager.utils.RetryAnalyzer - Retrying test viewDetailDataShouldSucceed with status FAILURE for the 1 time(s).
2025-06-30 10:10:48 [main] WARN  com.otakmager.base.BaseTest - TEST RESULT: com.otakmager.testCases.flow.ViewDetailDataFlowTest.viewDetailDataShouldSucceed SKIPPED
2025-06-30 10:10:48 [main] INFO  com.otakmager.base.BaseTest - 
================== END TEST: com.otakmager.testCases.flow.ViewDetailDataFlowTest.viewDetailDataShouldSucceed ==================

2025-06-30 10:10:48 [main] INFO  com.otakmager.utils.DriverFactory - Terminated app: com.otakmager.traffic_records
2025-06-30 10:10:49 [main] INFO  com.otakmager.utils.DriverFactory - AndroidDriver quit successfully
2025-06-30 10:10:49 [main] INFO  com.otakmager.utils.DriverFactory - Starting AndroidDriver initialization with useApkFile: false
2025-06-30 10:10:49 [main] INFO  com.otakmager.utils.DriverFactory - Using App Package: com.otakmager.traffic_records, App Activity: com.otakmager.traffic_records.MainActivity
2025-06-30 10:10:56 [main] INFO  com.otakmager.utils.DriverFactory - AndroidDriver initialized successfully
2025-06-30 10:10:56 [main] INFO  com.otakmager.base.BaseTest - 

================== START TEST: ViewDetailDataFlowTest.viewDetailDataShouldSucceed ==================

2025-06-30 10:10:57 [main] INFO  com.otakmager.keywords.ValidationKeyword - Element visible: Menu Riwayat
2025-06-30 10:10:57 [main] INFO  com.otakmager.keywords.ActionKeyword - Clicked on element: Menu Riwayat
2025-06-30 10:10:58 [main] INFO  com.otakmager.keywords.ValidationKeyword - Element visible: Item Data
2025-06-30 10:10:59 [main] INFO  com.otakmager.keywords.ActionKeyword - Clicked on element: Item Data
2025-06-30 10:10:59 [main] INFO  com.otakmager.keywords.ActionKeyword - Retrieved text 'Detail' from element: App Bar Title
2025-06-30 10:10:59 [main] INFO  com.otakmager.keywords.ValidationKeyword - Validation passed: expected 'Detail' and found 'Detail'
2025-06-30 10:10:59 [main] INFO  com.otakmager.keywords.ValidationKeyword - Element visible: App Bar Back Button
2025-06-30 10:10:59 [main] INFO  com.otakmager.keywords.ValidationKeyword - Element visible: Summary Result
2025-06-30 10:10:59 [main] INFO  com.otakmager.keywords.ValidationKeyword - Element visible: Additional Info
2025-06-30 10:10:59 [main] INFO  com.otakmager.keywords.ValidationKeyword - Element visible: Summary Record
2025-06-30 10:11:00 [main] INFO  com.otakmager.keywords.ActionKeyword - Swiped finger 'up' on element 'Summary Record' (50%)  content scroll down (finger swipe up)
2025-06-30 10:11:01 [main] ERROR com.otakmager.keywords.ActionKeyword - Failed to swipe up on element: Summary Record. Error: An element could not be located on the page using the given search parameters.
For documentation on this error, please visit: https://www.selenium.dev/documentation/webdriver/troubleshooting/errors#no-such-element-exception
Build info: version: '4.33.0', revision: '2c6aaad03a'
System info: os.name: 'Windows 10', os.arch: 'amd64', os.version: '10.0', java.version: '17.0.5'
Driver info: io.appium.java_client.android.AndroidDriver
Command: [d0532256-0ffd-47a7-a667-d5d90451a38b, findElement {using=-android uiautomator, value=new UiSelector().descriptionContains("Hasil Pengamatan")}]
Capabilities {appium:appActivity: com.otakmager.traffic_recor..., appium:appPackage: com.otakmager.traffic_records, appium:automationName: UiAutomator2, appium:databaseEnabled: false, appium:desired: {appActivity: com.otakmager.traffic_recor..., appPackage: com.otakmager.traffic_records, automationName: UiAutomator2, deviceName: 075872522F001494, newCommandTimeout: 60, noReset: true, platformName: ANDROID, platformVersion: 11}, appium:deviceApiLevel: 30, appium:deviceManufacturer: INFINIX MOBILITY LIMITED, appium:deviceModel: Infinix X663B, appium:deviceName: 075872522F001494, appium:deviceScreenDensity: 480, appium:deviceScreenSize: 1080x2400, appium:deviceUDID: 075872522F001494, appium:javascriptEnabled: true, appium:locationContextEnabled: false, appium:networkConnectionEnabled: true, appium:newCommandTimeout: 60, appium:noReset: true, appium:pixelRatio: 3, appium:platformVersion: 11, appium:statBarHeight: 108, appium:takesScreenshot: true, appium:viewportRect: {height: 2292, left: 0, top: 108, width: 1080}, appium:warnings: {}, appium:webStorageEnabled: false, platformName: ANDROID}
Session ID: d0532256-0ffd-47a7-a667-d5d90451a38b
2025-06-30 10:11:01 [main] INFO  com.otakmager.utils.RetryAnalyzer - Retrying test viewDetailDataShouldSucceed with status FAILURE for the 2 time(s).
2025-06-30 10:11:04 [main] INFO  com.otakmager.utils.SuiteListener - Screenshot captured for failed test: viewDetailDataShouldSucceed
2025-06-30 10:11:04 [main] INFO  com.otakmager.utils.SuiteListener - Screenshot saved at: E:\Project\QA_quality_assurance\appium-project\AppiumHitorMobileTest\screenshots\viewDetailDataShouldSucceed
2025-06-30 10:11:04 [main] ERROR com.otakmager.base.BaseTest - TEST RESULT: com.otakmager.testCases.flow.ViewDetailDataFlowTest.viewDetailDataShouldSucceed FAILED
2025-06-30 10:11:04 [main] INFO  com.otakmager.base.BaseTest - 
================== END TEST: com.otakmager.testCases.flow.ViewDetailDataFlowTest.viewDetailDataShouldSucceed ==================

2025-06-30 10:11:05 [main] INFO  com.otakmager.utils.DriverFactory - Terminated app: com.otakmager.traffic_records
2025-06-30 10:11:06 [main] INFO  com.otakmager.utils.DriverFactory - AndroidDriver quit successfully
2025-06-30 10:13:26 [main] INFO  com.otakmager.utils.DriverFactory - Starting AndroidDriver initialization with useApkFile: false
2025-06-30 10:13:26 [main] INFO  com.otakmager.utils.ConfigReader - Loaded config.properties successfully
2025-06-30 10:13:27 [main] INFO  com.otakmager.utils.DriverFactory - Using App Package: com.otakmager.traffic_records, App Activity: com.otakmager.traffic_records.MainActivity
2025-06-30 10:13:34 [main] INFO  com.otakmager.utils.DriverFactory - AndroidDriver initialized successfully
2025-06-30 10:13:34 [main] INFO  com.otakmager.base.BaseTest - 

================== START TEST: ViewDetailDataFlowTest.viewDetailDataShouldSucceed ==================

2025-06-30 10:13:34 [main] INFO  com.otakmager.keywords.ValidationKeyword - Element visible: Menu Riwayat
2025-06-30 10:13:35 [main] INFO  com.otakmager.keywords.ActionKeyword - Clicked on element: Menu Riwayat
2025-06-30 10:13:35 [main] INFO  com.otakmager.keywords.ValidationKeyword - Element visible: Item Data
2025-06-30 10:13:36 [main] INFO  com.otakmager.keywords.ActionKeyword - Clicked on element: Item Data
2025-06-30 10:13:36 [main] INFO  com.otakmager.keywords.ActionKeyword - Retrieved text 'Detail' from element: App Bar Title
2025-06-30 10:13:36 [main] INFO  com.otakmager.keywords.ValidationKeyword - Validation passed: expected 'Detail' and found 'Detail'
2025-06-30 10:13:36 [main] INFO  com.otakmager.keywords.ValidationKeyword - Element visible: App Bar Back Button
2025-06-30 10:13:36 [main] INFO  com.otakmager.keywords.ValidationKeyword - Element visible: Summary Result
2025-06-30 10:13:37 [main] INFO  com.otakmager.keywords.ValidationKeyword - Element visible: Additional Info
2025-06-30 10:13:37 [main] INFO  com.otakmager.keywords.ValidationKeyword - Element visible: Summary Record
2025-06-30 10:13:38 [main] INFO  com.otakmager.keywords.ActionKeyword - Swiped finger 'up' on element 'Summary Record' (50%)  content scroll down (finger swipe up)
2025-06-30 10:13:38 [main] ERROR com.otakmager.keywords.ActionKeyword - Failed to find element 'Total Vehicles' after 1 swipe(s) in direction 'up'
2025-06-30 10:13:38 [main] INFO  com.otakmager.utils.RetryAnalyzer - Retrying test viewDetailDataShouldSucceed with status FAILURE for the 1 time(s).
2025-06-30 10:13:38 [main] WARN  com.otakmager.base.BaseTest - TEST RESULT: com.otakmager.testCases.flow.ViewDetailDataFlowTest.viewDetailDataShouldSucceed SKIPPED
2025-06-30 10:13:38 [main] INFO  com.otakmager.base.BaseTest - 
================== END TEST: com.otakmager.testCases.flow.ViewDetailDataFlowTest.viewDetailDataShouldSucceed ==================

2025-06-30 10:13:38 [main] INFO  com.otakmager.utils.DriverFactory - Terminated app: com.otakmager.traffic_records
2025-06-30 10:13:40 [main] INFO  com.otakmager.utils.DriverFactory - AndroidDriver quit successfully
2025-06-30 10:13:40 [main] INFO  com.otakmager.utils.DriverFactory - Starting AndroidDriver initialization with useApkFile: false
2025-06-30 10:13:40 [main] INFO  com.otakmager.utils.DriverFactory - Using App Package: com.otakmager.traffic_records, App Activity: com.otakmager.traffic_records.MainActivity
2025-06-30 10:13:46 [main] INFO  com.otakmager.utils.DriverFactory - AndroidDriver initialized successfully
2025-06-30 10:13:46 [main] INFO  com.otakmager.base.BaseTest - 

================== START TEST: ViewDetailDataFlowTest.viewDetailDataShouldSucceed ==================

2025-06-30 10:13:46 [main] INFO  com.otakmager.keywords.ValidationKeyword - Element visible: Menu Riwayat
2025-06-30 10:13:47 [main] INFO  com.otakmager.keywords.ActionKeyword - Clicked on element: Menu Riwayat
2025-06-30 10:13:47 [main] INFO  com.otakmager.keywords.ValidationKeyword - Element visible: Item Data
2025-06-30 10:13:48 [main] INFO  com.otakmager.keywords.ActionKeyword - Clicked on element: Item Data
2025-06-30 10:13:48 [main] INFO  com.otakmager.keywords.ActionKeyword - Retrieved text 'Detail' from element: App Bar Title
2025-06-30 10:13:48 [main] INFO  com.otakmager.keywords.ValidationKeyword - Validation passed: expected 'Detail' and found 'Detail'
2025-06-30 10:13:48 [main] INFO  com.otakmager.keywords.ValidationKeyword - Element visible: App Bar Back Button
2025-06-30 10:13:49 [main] INFO  com.otakmager.keywords.ValidationKeyword - Element visible: Summary Result
2025-06-30 10:13:49 [main] INFO  com.otakmager.keywords.ValidationKeyword - Element visible: Additional Info
2025-06-30 10:13:49 [main] INFO  com.otakmager.keywords.ValidationKeyword - Element visible: Summary Record
2025-06-30 10:13:50 [main] INFO  com.otakmager.keywords.ActionKeyword - Swiped finger 'up' on element 'Summary Record' (50%)  content scroll down (finger swipe up)
2025-06-30 10:13:50 [main] ERROR com.otakmager.keywords.ActionKeyword - Failed to find element 'Total Vehicles' after 1 swipe(s) in direction 'up'
2025-06-30 10:13:50 [main] INFO  com.otakmager.utils.RetryAnalyzer - Retrying test viewDetailDataShouldSucceed with status FAILURE for the 2 time(s).
2025-06-30 10:13:51 [main] INFO  com.otakmager.utils.SuiteListener - Screenshot captured for failed test: viewDetailDataShouldSucceed
2025-06-30 10:13:51 [main] INFO  com.otakmager.utils.SuiteListener - Screenshot saved at: E:\Project\QA_quality_assurance\appium-project\AppiumHitorMobileTest\screenshots\viewDetailDataShouldSucceed
2025-06-30 10:13:51 [main] ERROR com.otakmager.base.BaseTest - TEST RESULT: com.otakmager.testCases.flow.ViewDetailDataFlowTest.viewDetailDataShouldSucceed FAILED
2025-06-30 10:13:51 [main] INFO  com.otakmager.base.BaseTest - 
================== END TEST: com.otakmager.testCases.flow.ViewDetailDataFlowTest.viewDetailDataShouldSucceed ==================

2025-06-30 10:13:52 [main] INFO  com.otakmager.utils.DriverFactory - Terminated app: com.otakmager.traffic_records
2025-06-30 10:13:52 [main] INFO  com.otakmager.utils.DriverFactory - AndroidDriver quit successfully
2025-06-30 10:15:53 [main] INFO  com.otakmager.utils.DriverFactory - Starting AndroidDriver initialization with useApkFile: false
2025-06-30 10:15:53 [main] INFO  com.otakmager.utils.ConfigReader - Loaded config.properties successfully
2025-06-30 10:15:53 [main] INFO  com.otakmager.utils.DriverFactory - Using App Package: com.otakmager.traffic_records, App Activity: com.otakmager.traffic_records.MainActivity
2025-06-30 10:16:00 [main] INFO  com.otakmager.utils.DriverFactory - AndroidDriver initialized successfully
2025-06-30 10:16:00 [main] INFO  com.otakmager.base.BaseTest - 

================== START TEST: ViewDetailDataFlowTest.viewDetailDataShouldSucceed ==================

2025-06-30 10:16:01 [main] INFO  com.otakmager.keywords.ValidationKeyword - Element visible: Menu Riwayat
2025-06-30 10:16:01 [main] INFO  com.otakmager.keywords.ActionKeyword - Clicked on element: Menu Riwayat
2025-06-30 10:16:02 [main] INFO  com.otakmager.keywords.ValidationKeyword - Element visible: Item Data
2025-06-30 10:16:02 [main] INFO  com.otakmager.keywords.ActionKeyword - Clicked on element: Item Data
2025-06-30 10:16:02 [main] INFO  com.otakmager.keywords.ActionKeyword - Retrieved text 'Detail' from element: App Bar Title
2025-06-30 10:16:02 [main] INFO  com.otakmager.keywords.ValidationKeyword - Validation passed: expected 'Detail' and found 'Detail'
2025-06-30 10:16:03 [main] INFO  com.otakmager.keywords.ValidationKeyword - Element visible: App Bar Back Button
2025-06-30 10:16:03 [main] INFO  com.otakmager.keywords.ValidationKeyword - Element visible: Summary Result
2025-06-30 10:16:03 [main] INFO  com.otakmager.keywords.ValidationKeyword - Element visible: Additional Info
2025-06-30 10:16:03 [main] INFO  com.otakmager.keywords.ValidationKeyword - Element visible: Summary Record
2025-06-30 10:16:04 [main] INFO  com.otakmager.keywords.ActionKeyword - Swiped finger 'up' on element 'Summary Record' (30%)  content scroll down (finger swipe up)
2025-06-30 10:16:05 [main] ERROR com.otakmager.keywords.ValidationKeyword - Element NOT FOUND: Total Vehicles
2025-06-30 10:16:05 [main] INFO  com.otakmager.utils.RetryAnalyzer - Retrying test viewDetailDataShouldSucceed with status FAILURE for the 1 time(s).
2025-06-30 10:16:05 [main] WARN  com.otakmager.base.BaseTest - TEST RESULT: com.otakmager.testCases.flow.ViewDetailDataFlowTest.viewDetailDataShouldSucceed SKIPPED
2025-06-30 10:16:05 [main] INFO  com.otakmager.base.BaseTest - 
================== END TEST: com.otakmager.testCases.flow.ViewDetailDataFlowTest.viewDetailDataShouldSucceed ==================

2025-06-30 10:16:06 [main] INFO  com.otakmager.utils.DriverFactory - Terminated app: com.otakmager.traffic_records
2025-06-30 10:16:06 [main] INFO  com.otakmager.utils.DriverFactory - AndroidDriver quit successfully
2025-06-30 10:16:06 [main] INFO  com.otakmager.utils.DriverFactory - Starting AndroidDriver initialization with useApkFile: false
2025-06-30 10:16:06 [main] INFO  com.otakmager.utils.DriverFactory - Using App Package: com.otakmager.traffic_records, App Activity: com.otakmager.traffic_records.MainActivity
2025-06-30 10:16:13 [main] INFO  com.otakmager.utils.DriverFactory - AndroidDriver initialized successfully
2025-06-30 10:16:13 [main] INFO  com.otakmager.base.BaseTest - 

================== START TEST: ViewDetailDataFlowTest.viewDetailDataShouldSucceed ==================

2025-06-30 10:16:13 [main] INFO  com.otakmager.keywords.ValidationKeyword - Element visible: Menu Riwayat
2025-06-30 10:16:14 [main] INFO  com.otakmager.keywords.ActionKeyword - Clicked on element: Menu Riwayat
2025-06-30 10:16:14 [main] INFO  com.otakmager.keywords.ValidationKeyword - Element visible: Item Data
2025-06-30 10:16:15 [main] INFO  com.otakmager.keywords.ActionKeyword - Clicked on element: Item Data
2025-06-30 10:16:15 [main] INFO  com.otakmager.keywords.ActionKeyword - Retrieved text 'Detail' from element: App Bar Title
2025-06-30 10:16:15 [main] INFO  com.otakmager.keywords.ValidationKeyword - Validation passed: expected 'Detail' and found 'Detail'
2025-06-30 10:16:15 [main] INFO  com.otakmager.keywords.ValidationKeyword - Element visible: App Bar Back Button
2025-06-30 10:16:15 [main] INFO  com.otakmager.keywords.ValidationKeyword - Element visible: Summary Result
2025-06-30 10:16:15 [main] INFO  com.otakmager.keywords.ValidationKeyword - Element visible: Additional Info
2025-06-30 10:16:15 [main] INFO  com.otakmager.keywords.ValidationKeyword - Element visible: Summary Record
2025-06-30 10:16:16 [main] INFO  com.otakmager.keywords.ActionKeyword - Swiped finger 'up' on element 'Summary Record' (30%)  content scroll down (finger swipe up)
2025-06-30 10:16:17 [main] ERROR com.otakmager.keywords.ValidationKeyword - Element NOT FOUND: Total Vehicles
2025-06-30 10:16:17 [main] INFO  com.otakmager.utils.RetryAnalyzer - Retrying test viewDetailDataShouldSucceed with status FAILURE for the 2 time(s).
2025-06-30 10:16:18 [main] INFO  com.otakmager.utils.SuiteListener - Screenshot captured for failed test: viewDetailDataShouldSucceed
2025-06-30 10:16:18 [main] INFO  com.otakmager.utils.SuiteListener - Screenshot saved at: E:\Project\QA_quality_assurance\appium-project\AppiumHitorMobileTest\screenshots\viewDetailDataShouldSucceed
2025-06-30 10:16:18 [main] ERROR com.otakmager.base.BaseTest - TEST RESULT: com.otakmager.testCases.flow.ViewDetailDataFlowTest.viewDetailDataShouldSucceed FAILED
2025-06-30 10:16:19 [main] INFO  com.otakmager.base.BaseTest - 
================== END TEST: com.otakmager.testCases.flow.ViewDetailDataFlowTest.viewDetailDataShouldSucceed ==================

2025-06-30 10:16:20 [main] INFO  com.otakmager.utils.DriverFactory - Terminated app: com.otakmager.traffic_records
2025-06-30 10:16:21 [main] INFO  com.otakmager.utils.DriverFactory - AndroidDriver quit successfully
2025-06-30 10:17:17 [main] INFO  com.otakmager.utils.DriverFactory - Starting AndroidDriver initialization with useApkFile: false
2025-06-30 10:17:17 [main] INFO  com.otakmager.utils.ConfigReader - Loaded config.properties successfully
2025-06-30 10:17:17 [main] INFO  com.otakmager.utils.DriverFactory - Using App Package: com.otakmager.traffic_records, App Activity: com.otakmager.traffic_records.MainActivity
2025-06-30 10:17:24 [main] INFO  com.otakmager.utils.DriverFactory - AndroidDriver initialized successfully
2025-06-30 10:17:24 [main] INFO  com.otakmager.base.BaseTest - 

================== START TEST: ViewDetailDataFlowTest.viewDetailDataShouldSucceed ==================

2025-06-30 10:17:24 [main] INFO  com.otakmager.keywords.ValidationKeyword - Element visible: Menu Riwayat
2025-06-30 10:17:25 [main] INFO  com.otakmager.keywords.ActionKeyword - Clicked on element: Menu Riwayat
2025-06-30 10:17:25 [main] INFO  com.otakmager.keywords.ValidationKeyword - Element visible: Item Data
2025-06-30 10:17:26 [main] INFO  com.otakmager.keywords.ActionKeyword - Clicked on element: Item Data
2025-06-30 10:17:26 [main] INFO  com.otakmager.keywords.ActionKeyword - Retrieved text 'Detail' from element: App Bar Title
2025-06-30 10:17:26 [main] INFO  com.otakmager.keywords.ValidationKeyword - Validation passed: expected 'Detail' and found 'Detail'
2025-06-30 10:17:26 [main] INFO  com.otakmager.keywords.ValidationKeyword - Element visible: App Bar Back Button
2025-06-30 10:17:26 [main] INFO  com.otakmager.keywords.ValidationKeyword - Element visible: Summary Result
2025-06-30 10:17:26 [main] INFO  com.otakmager.keywords.ValidationKeyword - Element visible: Additional Info
2025-06-30 10:17:27 [main] INFO  com.otakmager.keywords.ValidationKeyword - Element visible: Summary Record
2025-06-30 10:17:27 [main] INFO  com.otakmager.keywords.ActionKeyword - Swiped finger 'up' on element 'Summary Record' (60%)  content scroll down (finger swipe up)
2025-06-30 10:17:28 [main] ERROR com.otakmager.keywords.ValidationKeyword - Element NOT FOUND: Total Vehicles
2025-06-30 10:17:28 [main] INFO  com.otakmager.utils.RetryAnalyzer - Retrying test viewDetailDataShouldSucceed with status FAILURE for the 1 time(s).
2025-06-30 10:17:28 [main] WARN  com.otakmager.base.BaseTest - TEST RESULT: com.otakmager.testCases.flow.ViewDetailDataFlowTest.viewDetailDataShouldSucceed SKIPPED
2025-06-30 10:17:28 [main] INFO  com.otakmager.base.BaseTest - 
================== END TEST: com.otakmager.testCases.flow.ViewDetailDataFlowTest.viewDetailDataShouldSucceed ==================

2025-06-30 10:17:29 [main] INFO  com.otakmager.utils.DriverFactory - Terminated app: com.otakmager.traffic_records
2025-06-30 10:17:30 [main] INFO  com.otakmager.utils.DriverFactory - AndroidDriver quit successfully
2025-06-30 10:17:30 [main] INFO  com.otakmager.utils.DriverFactory - Starting AndroidDriver initialization with useApkFile: false
2025-06-30 10:17:30 [main] INFO  com.otakmager.utils.DriverFactory - Using App Package: com.otakmager.traffic_records, App Activity: com.otakmager.traffic_records.MainActivity
2025-06-30 10:17:36 [main] INFO  com.otakmager.utils.DriverFactory - AndroidDriver initialized successfully
2025-06-30 10:17:36 [main] INFO  com.otakmager.base.BaseTest - 

================== START TEST: ViewDetailDataFlowTest.viewDetailDataShouldSucceed ==================

2025-06-30 10:17:37 [main] INFO  com.otakmager.keywords.ValidationKeyword - Element visible: Menu Riwayat
2025-06-30 10:17:38 [main] INFO  com.otakmager.keywords.ActionKeyword - Clicked on element: Menu Riwayat
2025-06-30 10:17:38 [main] INFO  com.otakmager.keywords.ValidationKeyword - Element visible: Item Data
2025-06-30 10:17:39 [main] INFO  com.otakmager.keywords.ActionKeyword - Clicked on element: Item Data
2025-06-30 10:17:40 [main] INFO  com.otakmager.keywords.ActionKeyword - Retrieved text 'Detail' from element: App Bar Title
2025-06-30 10:17:40 [main] INFO  com.otakmager.keywords.ValidationKeyword - Validation passed: expected 'Detail' and found 'Detail'
2025-06-30 10:17:40 [main] INFO  com.otakmager.keywords.ValidationKeyword - Element visible: App Bar Back Button
2025-06-30 10:17:40 [main] INFO  com.otakmager.keywords.ValidationKeyword - Element visible: Summary Result
2025-06-30 10:17:40 [main] INFO  com.otakmager.keywords.ValidationKeyword - Element visible: Additional Info
2025-06-30 10:17:40 [main] INFO  com.otakmager.keywords.ValidationKeyword - Element visible: Summary Record
2025-06-30 10:17:41 [main] INFO  com.otakmager.keywords.ActionKeyword - Swiped finger 'up' on element 'Summary Record' (60%)  content scroll down (finger swipe up)
2025-06-30 10:17:42 [main] ERROR com.otakmager.keywords.ValidationKeyword - Element NOT FOUND: Total Vehicles
2025-06-30 10:17:42 [main] INFO  com.otakmager.utils.RetryAnalyzer - Retrying test viewDetailDataShouldSucceed with status FAILURE for the 2 time(s).
2025-06-30 10:17:42 [main] INFO  com.otakmager.utils.SuiteListener - Screenshot captured for failed test: viewDetailDataShouldSucceed
2025-06-30 10:17:42 [main] INFO  com.otakmager.utils.SuiteListener - Screenshot saved at: E:\Project\QA_quality_assurance\appium-project\AppiumHitorMobileTest\screenshots\viewDetailDataShouldSucceed
2025-06-30 10:17:42 [main] ERROR com.otakmager.base.BaseTest - TEST RESULT: com.otakmager.testCases.flow.ViewDetailDataFlowTest.viewDetailDataShouldSucceed FAILED
2025-06-30 10:17:42 [main] INFO  com.otakmager.base.BaseTest - 
================== END TEST: com.otakmager.testCases.flow.ViewDetailDataFlowTest.viewDetailDataShouldSucceed ==================

2025-06-30 10:17:43 [main] INFO  com.otakmager.utils.DriverFactory - Terminated app: com.otakmager.traffic_records
2025-06-30 10:17:44 [main] INFO  com.otakmager.utils.DriverFactory - AndroidDriver quit successfully
2025-06-30 10:18:21 [main] INFO  com.otakmager.utils.DriverFactory - Starting AndroidDriver initialization with useApkFile: false
2025-06-30 10:18:21 [main] INFO  com.otakmager.utils.ConfigReader - Loaded config.properties successfully
2025-06-30 10:18:21 [main] INFO  com.otakmager.utils.DriverFactory - Using App Package: com.otakmager.traffic_records, App Activity: com.otakmager.traffic_records.MainActivity
2025-06-30 10:18:30 [main] INFO  com.otakmager.utils.DriverFactory - AndroidDriver initialized successfully
2025-06-30 10:18:30 [main] INFO  com.otakmager.base.BaseTest - 

================== START TEST: ViewDetailDataFlowTest.viewDetailDataShouldSucceed ==================

2025-06-30 10:18:30 [main] INFO  com.otakmager.keywords.ValidationKeyword - Element visible: Menu Riwayat
2025-06-30 10:18:31 [main] INFO  com.otakmager.keywords.ActionKeyword - Clicked on element: Menu Riwayat
2025-06-30 10:18:31 [main] INFO  com.otakmager.keywords.ValidationKeyword - Element visible: Item Data
2025-06-30 10:18:32 [main] INFO  com.otakmager.keywords.ActionKeyword - Clicked on element: Item Data
2025-06-30 10:18:32 [main] INFO  com.otakmager.keywords.ActionKeyword - Retrieved text 'Detail' from element: App Bar Title
2025-06-30 10:18:32 [main] INFO  com.otakmager.keywords.ValidationKeyword - Validation passed: expected 'Detail' and found 'Detail'
2025-06-30 10:18:32 [main] INFO  com.otakmager.keywords.ValidationKeyword - Element visible: App Bar Back Button
2025-06-30 10:18:32 [main] INFO  com.otakmager.keywords.ValidationKeyword - Element visible: Summary Result
2025-06-30 10:18:32 [main] INFO  com.otakmager.keywords.ValidationKeyword - Element visible: Additional Info
2025-06-30 10:18:32 [main] INFO  com.otakmager.keywords.ValidationKeyword - Element visible: Summary Record
2025-06-30 10:18:33 [main] INFO  com.otakmager.keywords.ActionKeyword - Swiped finger 'up' on element 'Summary Record' (100%)  content scroll down (finger swipe up)
2025-06-30 10:18:34 [main] ERROR com.otakmager.keywords.ValidationKeyword - Element NOT FOUND: Total Vehicles
2025-06-30 10:18:34 [main] INFO  com.otakmager.utils.RetryAnalyzer - Retrying test viewDetailDataShouldSucceed with status FAILURE for the 1 time(s).
2025-06-30 10:18:34 [main] WARN  com.otakmager.base.BaseTest - TEST RESULT: com.otakmager.testCases.flow.ViewDetailDataFlowTest.viewDetailDataShouldSucceed SKIPPED
2025-06-30 10:18:34 [main] INFO  com.otakmager.base.BaseTest - 
================== END TEST: com.otakmager.testCases.flow.ViewDetailDataFlowTest.viewDetailDataShouldSucceed ==================

2025-06-30 10:18:35 [main] INFO  com.otakmager.utils.DriverFactory - Terminated app: com.otakmager.traffic_records
2025-06-30 10:18:35 [main] INFO  com.otakmager.utils.DriverFactory - AndroidDriver quit successfully
2025-06-30 10:18:35 [main] INFO  com.otakmager.utils.DriverFactory - Starting AndroidDriver initialization with useApkFile: false
2025-06-30 10:18:35 [main] INFO  com.otakmager.utils.DriverFactory - Using App Package: com.otakmager.traffic_records, App Activity: com.otakmager.traffic_records.MainActivity
2025-06-30 10:18:41 [main] INFO  com.otakmager.utils.DriverFactory - AndroidDriver initialized successfully
2025-06-30 10:18:41 [main] INFO  com.otakmager.base.BaseTest - 

================== START TEST: ViewDetailDataFlowTest.viewDetailDataShouldSucceed ==================

2025-06-30 10:18:42 [main] INFO  com.otakmager.keywords.ValidationKeyword - Element visible: Menu Riwayat
2025-06-30 10:18:43 [main] INFO  com.otakmager.keywords.ActionKeyword - Clicked on element: Menu Riwayat
2025-06-30 10:18:43 [main] INFO  com.otakmager.keywords.ValidationKeyword - Element visible: Item Data
2025-06-30 10:18:44 [main] INFO  com.otakmager.keywords.ActionKeyword - Clicked on element: Item Data
2025-06-30 10:18:45 [main] INFO  com.otakmager.keywords.ActionKeyword - Retrieved text 'Detail' from element: App Bar Title
2025-06-30 10:18:45 [main] INFO  com.otakmager.keywords.ValidationKeyword - Validation passed: expected 'Detail' and found 'Detail'
2025-06-30 10:18:45 [main] INFO  com.otakmager.keywords.ValidationKeyword - Element visible: App Bar Back Button
2025-06-30 10:18:45 [main] INFO  com.otakmager.keywords.ValidationKeyword - Element visible: Summary Result
2025-06-30 10:18:45 [main] INFO  com.otakmager.keywords.ValidationKeyword - Element visible: Additional Info
2025-06-30 10:18:45 [main] INFO  com.otakmager.keywords.ValidationKeyword - Element visible: Summary Record
2025-06-30 10:18:46 [main] INFO  com.otakmager.keywords.ActionKeyword - Swiped finger 'up' on element 'Summary Record' (100%)  content scroll down (finger swipe up)
2025-06-30 10:18:46 [main] ERROR com.otakmager.keywords.ValidationKeyword - Element NOT FOUND: Total Vehicles
2025-06-30 10:18:46 [main] INFO  com.otakmager.utils.RetryAnalyzer - Retrying test viewDetailDataShouldSucceed with status FAILURE for the 2 time(s).
2025-06-30 10:18:47 [main] INFO  com.otakmager.utils.SuiteListener - Screenshot captured for failed test: viewDetailDataShouldSucceed
2025-06-30 10:18:47 [main] INFO  com.otakmager.utils.SuiteListener - Screenshot saved at: E:\Project\QA_quality_assurance\appium-project\AppiumHitorMobileTest\screenshots\viewDetailDataShouldSucceed
2025-06-30 10:18:47 [main] ERROR com.otakmager.base.BaseTest - TEST RESULT: com.otakmager.testCases.flow.ViewDetailDataFlowTest.viewDetailDataShouldSucceed FAILED
2025-06-30 10:18:47 [main] INFO  com.otakmager.base.BaseTest - 
================== END TEST: com.otakmager.testCases.flow.ViewDetailDataFlowTest.viewDetailDataShouldSucceed ==================

2025-06-30 10:18:48 [main] INFO  com.otakmager.utils.DriverFactory - Terminated app: com.otakmager.traffic_records
2025-06-30 10:18:49 [main] INFO  com.otakmager.utils.DriverFactory - AndroidDriver quit successfully
2025-06-30 10:19:37 [main] INFO  com.otakmager.utils.DriverFactory - Starting AndroidDriver initialization with useApkFile: false
2025-06-30 10:19:37 [main] INFO  com.otakmager.utils.ConfigReader - Loaded config.properties successfully
2025-06-30 10:19:37 [main] INFO  com.otakmager.utils.DriverFactory - Using App Package: com.otakmager.traffic_records, App Activity: com.otakmager.traffic_records.MainActivity
2025-06-30 10:19:44 [main] INFO  com.otakmager.utils.DriverFactory - AndroidDriver initialized successfully
2025-06-30 10:19:44 [main] INFO  com.otakmager.base.BaseTest - 

================== START TEST: ViewDetailDataFlowTest.viewDetailDataShouldSucceed ==================

2025-06-30 10:19:45 [main] INFO  com.otakmager.keywords.ValidationKeyword - Element visible: Menu Riwayat
2025-06-30 10:19:45 [main] INFO  com.otakmager.keywords.ActionKeyword - Clicked on element: Menu Riwayat
2025-06-30 10:19:46 [main] INFO  com.otakmager.keywords.ValidationKeyword - Element visible: Item Data
2025-06-30 10:19:46 [main] INFO  com.otakmager.keywords.ActionKeyword - Clicked on element: Item Data
2025-06-30 10:19:46 [main] INFO  com.otakmager.keywords.ActionKeyword - Retrieved text 'Detail' from element: App Bar Title
2025-06-30 10:19:46 [main] INFO  com.otakmager.keywords.ValidationKeyword - Validation passed: expected 'Detail' and found 'Detail'
2025-06-30 10:19:47 [main] INFO  com.otakmager.keywords.ValidationKeyword - Element visible: App Bar Back Button
2025-06-30 10:19:47 [main] INFO  com.otakmager.keywords.ValidationKeyword - Element visible: Summary Result
2025-06-30 10:19:47 [main] INFO  com.otakmager.keywords.ValidationKeyword - Element visible: Additional Info
2025-06-30 10:19:47 [main] INFO  com.otakmager.keywords.ValidationKeyword - Element visible: Summary Record
2025-06-30 10:19:47 [main] INFO  com.otakmager.keywords.ActionKeyword - Swiped finger 'up' on element 'Additional Info' (100%)  content scroll down (finger swipe up)
2025-06-30 10:19:48 [main] INFO  com.otakmager.keywords.ValidationKeyword - Element visible: Total Vehicles
2025-06-30 10:19:48 [main] INFO  com.otakmager.keywords.ActionKeyword - Swiped finger 'up' on element 'Total Vehicles' (30%)  content scroll down (finger swipe up)
2025-06-30 10:19:49 [main] INFO  com.otakmager.keywords.ValidationKeyword - Element visible: Button Edit
2025-06-30 10:19:49 [main] INFO  com.otakmager.keywords.ValidationKeyword - Element visible: Button Delete
2025-06-30 10:19:49 [main] INFO  com.otakmager.base.BaseTest - TEST RESULT: com.otakmager.testCases.flow.ViewDetailDataFlowTest.viewDetailDataShouldSucceed PASSED
2025-06-30 10:19:49 [main] INFO  com.otakmager.base.BaseTest - 
================== END TEST: com.otakmager.testCases.flow.ViewDetailDataFlowTest.viewDetailDataShouldSucceed ==================

2025-06-30 10:19:50 [main] INFO  com.otakmager.utils.DriverFactory - Terminated app: com.otakmager.traffic_records
2025-06-30 10:19:50 [main] INFO  com.otakmager.utils.DriverFactory - AndroidDriver quit successfully
2025-06-30 10:28:51 [main] INFO  com.otakmager.utils.DriverFactory - Starting AndroidDriver initialization with useApkFile: true
2025-06-30 10:28:51 [main] INFO  com.otakmager.utils.ConfigReader - Loaded config.properties successfully
2025-06-30 10:28:52 [main] INFO  com.otakmager.utils.DriverFactory - Using APK file: E:\Project\QA_quality_assurance\appium-project\AppiumHitorMobileTest/src/test/resources/hitor-v1.0.0-release.apk
2025-06-30 10:29:05 [main] INFO  com.otakmager.utils.DriverFactory - AndroidDriver initialized successfully
2025-06-30 10:29:05 [main] INFO  com.otakmager.base.BaseTest - 

================== START TEST: HomeTest.homeScreenShouldLoadSuccessfully ==================

2025-06-30 10:29:06 [main] INFO  com.otakmager.keywords.ActionKeyword - Retrieved text 'Hitor' from element: App Title
2025-06-30 10:29:06 [main] INFO  com.otakmager.keywords.ValidationKeyword - Validation passed: expected 'Hitor' and found 'Hitor'
2025-06-30 10:29:06 [main] INFO  com.otakmager.keywords.ActionKeyword - Retrieved text 'Kendaraan lewat?
Kita Catat!' from element: App Desc
2025-06-30 10:29:06 [main] INFO  com.otakmager.keywords.ValidationKeyword - Validation passed: expected 'Kendaraan lewat?
Kita Catat!' and found 'Kendaraan lewat?
Kita Catat!'
2025-06-30 10:29:06 [main] INFO  com.otakmager.keywords.ValidationKeyword - Element visible: Menu Pengamatan
2025-06-30 10:29:06 [main] INFO  com.otakmager.keywords.ValidationKeyword - Element visible: Menu Riwayat
2025-06-30 10:29:06 [main] INFO  com.otakmager.keywords.ValidationKeyword - Element visible: Menu Pengaturan
2025-06-30 10:29:06 [main] INFO  com.otakmager.keywords.ValidationKeyword - Element visible: Menu Dukungan
2025-06-30 10:29:06 [main] INFO  com.otakmager.base.BaseTest - TEST RESULT: com.otakmager.testCases.screen.HomeTest.homeScreenShouldLoadSuccessfully PASSED
2025-06-30 10:29:06 [main] INFO  com.otakmager.base.BaseTest - 
================== END TEST: com.otakmager.testCases.screen.HomeTest.homeScreenShouldLoadSuccessfully ==================

2025-06-30 10:29:07 [main] INFO  com.otakmager.utils.DriverFactory - Terminated app: com.otakmager.traffic_records
2025-06-30 10:29:08 [main] INFO  com.otakmager.utils.DriverFactory - AndroidDriver quit successfully
2025-06-30 10:29:08 [main] INFO  com.otakmager.utils.DriverFactory - Starting AndroidDriver initialization with useApkFile: true
2025-06-30 10:29:08 [main] INFO  com.otakmager.utils.DriverFactory - Using APK file: E:\Project\QA_quality_assurance\appium-project\AppiumHitorMobileTest/src/test/resources/hitor-v1.0.0-release.apk
2025-06-30 10:29:17 [main] INFO  com.otakmager.utils.DriverFactory - AndroidDriver initialized successfully
2025-06-30 10:29:17 [main] INFO  com.otakmager.base.BaseTest - 

================== START TEST: PilihJalanTest.pilihJalanScreenShouldLoadSuccessfully ==================

2025-06-30 10:29:17 [main] INFO  com.otakmager.keywords.ValidationKeyword - Element visible: Menu Pengamatan
2025-06-30 10:29:18 [main] INFO  com.otakmager.keywords.ActionKeyword - Clicked on element: Menu Pengamatan
2025-06-30 10:29:19 [main] INFO  com.otakmager.keywords.ActionKeyword - Retrieved text 'Pilih Jenis Jalan' from element: App Bar Title
2025-06-30 10:29:19 [main] INFO  com.otakmager.keywords.ValidationKeyword - Validation passed: expected 'Pilih Jenis Jalan' and found 'Pilih Jenis Jalan'
2025-06-30 10:29:19 [main] INFO  com.otakmager.keywords.ValidationKeyword - Element visible: App Bar Back Button
2025-06-30 10:29:19 [main] INFO  com.otakmager.keywords.ValidationKeyword - Element visible: Menu Jalan Raya
2025-06-30 10:29:19 [main] INFO  com.otakmager.keywords.ValidationKeyword - Element visible: Menu Jalan Tol
2025-06-30 10:29:19 [main] INFO  com.otakmager.base.BaseTest - TEST RESULT: com.otakmager.testCases.screen.PilihJalanTest.pilihJalanScreenShouldLoadSuccessfully PASSED
2025-06-30 10:29:19 [main] INFO  com.otakmager.base.BaseTest - 
================== END TEST: com.otakmager.testCases.screen.PilihJalanTest.pilihJalanScreenShouldLoadSuccessfully ==================

2025-06-30 10:29:20 [main] INFO  com.otakmager.utils.DriverFactory - Terminated app: com.otakmager.traffic_records
2025-06-30 10:29:20 [main] INFO  com.otakmager.utils.DriverFactory - AndroidDriver quit successfully
2025-06-30 10:29:20 [main] INFO  com.otakmager.utils.DriverFactory - Starting AndroidDriver initialization with useApkFile: true
2025-06-30 10:29:20 [main] INFO  com.otakmager.utils.DriverFactory - Using APK file: E:\Project\QA_quality_assurance\appium-project\AppiumHitorMobileTest/src/test/resources/hitor-v1.0.0-release.apk
2025-06-30 10:29:28 [main] INFO  com.otakmager.utils.DriverFactory - AndroidDriver initialized successfully
2025-06-30 10:29:28 [main] INFO  com.otakmager.base.BaseTest - 

================== START TEST: PilihKelompokTest.pilihKelompokScreenShouldLoadAfterChoosingJalanRaya ==================

2025-06-30 10:29:29 [main] INFO  com.otakmager.keywords.ValidationKeyword - Element visible: Menu Pengamatan
2025-06-30 10:29:29 [main] INFO  com.otakmager.keywords.ActionKeyword - Clicked on element: Menu Pengamatan
2025-06-30 10:29:30 [main] INFO  com.otakmager.keywords.ValidationKeyword - Element visible: Menu Jalan Raya
2025-06-30 10:29:30 [main] INFO  com.otakmager.keywords.ActionKeyword - Clicked on element: Menu Jalan Raya
2025-06-30 10:29:30 [main] INFO  com.otakmager.keywords.ActionKeyword - Retrieved text 'Pilih Kelompok' from element: App Bar Title
2025-06-30 10:29:30 [main] INFO  com.otakmager.keywords.ValidationKeyword - Validation passed: expected 'Pilih Kelompok' and found 'Pilih Kelompok'
2025-06-30 10:29:31 [main] INFO  com.otakmager.keywords.ValidationKeyword - Element visible: App Bar Back Button
2025-06-30 10:29:31 [main] INFO  com.otakmager.keywords.ValidationKeyword - Element visible: Menu 5 Tipe
2025-06-30 10:29:31 [main] INFO  com.otakmager.keywords.ValidationKeyword - Element visible: Menu 8 Tipe
2025-06-30 10:29:31 [main] INFO  com.otakmager.keywords.ValidationKeyword - Element visible: Menu 12 Tipe
2025-06-30 10:29:31 [main] INFO  com.otakmager.base.BaseTest - TEST RESULT: com.otakmager.testCases.screen.PilihKelompokTest.pilihKelompokScreenShouldLoadAfterChoosingJalanRaya PASSED
2025-06-30 10:29:31 [main] INFO  com.otakmager.base.BaseTest - 
================== END TEST: com.otakmager.testCases.screen.PilihKelompokTest.pilihKelompokScreenShouldLoadAfterChoosingJalanRaya ==================

2025-06-30 10:29:32 [main] INFO  com.otakmager.utils.DriverFactory - Terminated app: com.otakmager.traffic_records
2025-06-30 10:29:32 [main] INFO  com.otakmager.utils.DriverFactory - AndroidDriver quit successfully
2025-06-30 10:29:32 [main] INFO  com.otakmager.utils.DriverFactory - Starting AndroidDriver initialization with useApkFile: true
2025-06-30 10:29:32 [main] INFO  com.otakmager.utils.DriverFactory - Using APK file: E:\Project\QA_quality_assurance\appium-project\AppiumHitorMobileTest/src/test/resources/hitor-v1.0.0-release.apk
2025-06-30 10:29:39 [main] INFO  com.otakmager.utils.DriverFactory - AndroidDriver initialized successfully
2025-06-30 10:29:39 [main] INFO  com.otakmager.base.BaseTest - 

================== START TEST: PilihKelompokTest.pilihKelompokScreenShouldLoadAfterChoosingJalanTol ==================

2025-06-30 10:29:40 [main] INFO  com.otakmager.keywords.ValidationKeyword - Element visible: Menu Pengamatan
2025-06-30 10:29:40 [main] INFO  com.otakmager.keywords.ActionKeyword - Clicked on element: Menu Pengamatan
2025-06-30 10:29:40 [main] INFO  com.otakmager.keywords.ValidationKeyword - Element visible: Menu Jalan Tol
2025-06-30 10:29:41 [main] INFO  com.otakmager.keywords.ActionKeyword - Clicked on element: Menu Jalan Tol
2025-06-30 10:29:41 [main] INFO  com.otakmager.keywords.ActionKeyword - Retrieved text 'Pilih Kelompok' from element: App Bar Title
2025-06-30 10:29:41 [main] INFO  com.otakmager.keywords.ValidationKeyword - Validation passed: expected 'Pilih Kelompok' and found 'Pilih Kelompok'
2025-06-30 10:29:41 [main] INFO  com.otakmager.keywords.ValidationKeyword - Element visible: App Bar Back Button
2025-06-30 10:29:41 [main] INFO  com.otakmager.keywords.ValidationKeyword - Element visible: Menu 6 Tipe
2025-06-30 10:29:41 [main] INFO  com.otakmager.base.BaseTest - TEST RESULT: com.otakmager.testCases.screen.PilihKelompokTest.pilihKelompokScreenShouldLoadAfterChoosingJalanTol PASSED
2025-06-30 10:29:41 [main] INFO  com.otakmager.base.BaseTest - 
================== END TEST: com.otakmager.testCases.screen.PilihKelompokTest.pilihKelompokScreenShouldLoadAfterChoosingJalanTol ==================

2025-06-30 10:29:42 [main] INFO  com.otakmager.utils.DriverFactory - Terminated app: com.otakmager.traffic_records
2025-06-30 10:29:43 [main] INFO  com.otakmager.utils.DriverFactory - AndroidDriver quit successfully
2025-06-30 10:29:43 [main] INFO  com.otakmager.utils.DriverFactory - Starting AndroidDriver initialization with useApkFile: true
2025-06-30 10:29:43 [main] INFO  com.otakmager.utils.DriverFactory - Using APK file: E:\Project\QA_quality_assurance\appium-project\AppiumHitorMobileTest/src/test/resources/hitor-v1.0.0-release.apk
2025-06-30 10:29:50 [main] INFO  com.otakmager.utils.DriverFactory - AndroidDriver initialized successfully
2025-06-30 10:29:50 [main] INFO  com.otakmager.base.BaseTest - 

================== START TEST: CounterTest.counterScreenShouldLoadSuccessfully ==================

2025-06-30 10:29:51 [main] INFO  com.otakmager.keywords.ValidationKeyword - Element visible: Menu Pengamatan
2025-06-30 10:29:51 [main] INFO  com.otakmager.keywords.ActionKeyword - Clicked on element: Menu Pengamatan
2025-06-30 10:29:52 [main] INFO  com.otakmager.keywords.ValidationKeyword - Element visible: Menu Jalan Raya
2025-06-30 10:29:52 [main] INFO  com.otakmager.keywords.ActionKeyword - Clicked on element: Menu Jalan Raya
2025-06-30 10:29:52 [main] INFO  com.otakmager.keywords.ValidationKeyword - Element visible: Menu 5 Tipe
2025-06-30 10:30:02 [main] INFO  com.otakmager.keywords.ActionKeyword - Clicked on element: Menu 5 Tipe
2025-06-30 10:30:33 [main] INFO  com.otakmager.keywords.ValidationKeyword - Element visible: App Bar Back Button
2025-06-30 10:31:23 [main] INFO  com.otakmager.keywords.ValidationKeyword - Element visible: App Bar Reset Button
2025-06-30 10:32:13 [main] INFO  com.otakmager.keywords.ValidationKeyword - Element visible: App Bar Finish Button
2025-06-30 10:32:54 [main] INFO  com.otakmager.keywords.ActionKeyword - Clicked on element: App Bar Reset Button
2025-06-30 10:32:54 [main] INFO  com.otakmager.keywords.ValidationKeyword - Element visible: Alert Dialog Title
2025-06-30 10:32:54 [main] INFO  com.otakmager.keywords.ValidationKeyword - Element visible: Alert Dialog Desc Reset
2025-06-30 10:32:54 [main] INFO  com.otakmager.keywords.ValidationKeyword - Element visible: Alert Dialog Yes Button
2025-06-30 10:32:55 [main] INFO  com.otakmager.keywords.ValidationKeyword - Element visible: Alert Dialog Cancel Button
2025-06-30 10:32:55 [main] INFO  com.otakmager.keywords.ActionKeyword - Retrieved text 'Apakah Anda Yakin?' from element: Alert Dialog Title
2025-06-30 10:32:55 [main] INFO  com.otakmager.keywords.ActionKeyword - Retrieved text 'Tindakan ini akan menghapus data yang sudah diinput dan memulai dari awal kembali.' from element: Alert Dialog Desc Reset
2025-06-30 10:32:55 [main] INFO  com.otakmager.keywords.ValidationKeyword - Validation passed: expected 'Apakah Anda Yakin?' and found 'Apakah Anda Yakin?'
2025-06-30 10:32:55 [main] INFO  com.otakmager.keywords.ValidationKeyword - Validation passed: expected 'Tindakan ini akan menghapus data yang sudah diinput dan memulai dari awal kembali.' and found 'Tindakan ini akan menghapus data yang sudah diinput dan memulai dari awal kembali.'
2025-06-30 10:33:05 [main] INFO  com.otakmager.keywords.ActionKeyword - Clicked on element: Alert Dialog Cancel Button
2025-06-30 10:33:46 [main] INFO  com.otakmager.keywords.ActionKeyword - Clicked on element: App Bar Finish Button
2025-06-30 10:33:46 [main] INFO  com.otakmager.keywords.ValidationKeyword - Element visible: Alert Dialog Title
2025-06-30 10:33:46 [main] INFO  com.otakmager.keywords.ValidationKeyword - Element visible: Alert Dialog Desc Finish
2025-06-30 10:33:46 [main] INFO  com.otakmager.keywords.ValidationKeyword - Element visible: Alert Dialog Yes Button
2025-06-30 10:33:46 [main] INFO  com.otakmager.keywords.ValidationKeyword - Element visible: Alert Dialog Cancel Button
2025-06-30 10:33:46 [main] INFO  com.otakmager.keywords.ActionKeyword - Retrieved text 'Apakah Anda Yakin?' from element: Alert Dialog Title
2025-06-30 10:33:46 [main] INFO  com.otakmager.keywords.ActionKeyword - Retrieved text 'Tindakan ini akan menghentikan proses penghitungan dan mengarahkan Anda ke halaman pengeditan sebelum data sepenuhnya disimpan.' from element: Alert Dialog Desc Finish
2025-06-30 10:33:46 [main] INFO  com.otakmager.keywords.ValidationKeyword - Validation passed: expected 'Apakah Anda Yakin?' and found 'Apakah Anda Yakin?'
2025-06-30 10:33:46 [main] INFO  com.otakmager.keywords.ValidationKeyword - Validation passed: expected 'Tindakan ini akan menghentikan proses penghitungan dan mengarahkan Anda ke halaman pengeditan sebelum data sepenuhnya disimpan.' and found 'Tindakan ini akan menghentikan proses penghitungan dan mengarahkan Anda ke halaman pengeditan sebelum data sepenuhnya disimpan.'
2025-06-30 10:33:57 [main] INFO  com.otakmager.keywords.ActionKeyword - Clicked on element: Alert Dialog Cancel Button
2025-06-30 10:34:47 [main] INFO  com.otakmager.keywords.ValidationKeyword - Element visible: Counter: Motor
2025-06-30 10:34:47 [main] INFO  com.otakmager.base.BaseTest - TEST RESULT: com.otakmager.testCases.screen.CounterTest.counterScreenShouldLoadSuccessfully PASSED
2025-06-30 10:34:47 [main] INFO  com.otakmager.base.BaseTest - 
================== END TEST: com.otakmager.testCases.screen.CounterTest.counterScreenShouldLoadSuccessfully ==================

2025-06-30 10:34:48 [main] INFO  com.otakmager.utils.DriverFactory - Terminated app: com.otakmager.traffic_records
2025-06-30 10:34:49 [main] INFO  com.otakmager.utils.DriverFactory - AndroidDriver quit successfully
2025-06-30 10:34:49 [main] INFO  com.otakmager.utils.DriverFactory - Starting AndroidDriver initialization with useApkFile: true
2025-06-30 10:34:49 [main] INFO  com.otakmager.utils.DriverFactory - Using APK file: E:\Project\QA_quality_assurance\appium-project\AppiumHitorMobileTest/src/test/resources/hitor-v1.0.0-release.apk
2025-06-30 10:34:55 [main] INFO  com.otakmager.utils.DriverFactory - AndroidDriver initialized successfully
2025-06-30 10:34:55 [main] INFO  com.otakmager.base.BaseTest - 

================== START TEST: AddDataTest.addDataScreenShouldLoadSuccessfully ==================

2025-06-30 10:34:56 [main] INFO  com.otakmager.keywords.ValidationKeyword - Element visible: Menu Pengamatan
2025-06-30 10:34:56 [main] INFO  com.otakmager.keywords.ActionKeyword - Clicked on element: Menu Pengamatan
2025-06-30 10:34:56 [main] INFO  com.otakmager.keywords.ValidationKeyword - Element visible: Menu Jalan Raya
2025-06-30 10:34:57 [main] INFO  com.otakmager.keywords.ActionKeyword - Clicked on element: Menu Jalan Raya
2025-06-30 10:34:57 [main] INFO  com.otakmager.keywords.ValidationKeyword - Element visible: Menu 5 Tipe
2025-06-30 10:35:07 [main] INFO  com.otakmager.keywords.ActionKeyword - Clicked on element: Menu 5 Tipe
2025-06-30 10:35:58 [main] INFO  com.otakmager.keywords.ValidationKeyword - Element visible: App Bar Reset Button
2025-06-30 10:36:38 [main] INFO  com.otakmager.keywords.ActionKeyword - Clicked on element: App Bar Finish Button
2025-06-30 10:36:39 [main] INFO  com.otakmager.keywords.ActionKeyword - Clicked on element: Alert Dialog Yes Button
2025-06-30 10:36:39 [main] INFO  com.otakmager.keywords.ActionKeyword - Retrieved text 'Tambah Data' from element: App Bar Title Add
2025-06-30 10:36:39 [main] INFO  com.otakmager.keywords.ValidationKeyword - Validation passed: expected 'Tambah Data' and found 'Tambah Data'
2025-06-30 10:36:40 [main] INFO  com.otakmager.keywords.ValidationKeyword - Element visible: App Bar Back Button
2025-06-30 10:36:40 [main] INFO  com.otakmager.keywords.ValidationKeyword - Element visible: App Bar Save Button
2025-06-30 10:36:40 [main] INFO  com.otakmager.keywords.ValidationKeyword - Element visible: Result Summary
2025-06-30 10:36:40 [main] INFO  com.otakmager.keywords.ValidationKeyword - Element visible: Optional Data Header
2025-06-30 10:36:40 [main] INFO  com.otakmager.keywords.ValidationKeyword - Element visible: Field Pengamat
2025-06-30 10:36:41 [main] INFO  com.otakmager.keywords.ValidationKeyword - Element visible: Field Lokasi
2025-06-30 10:36:41 [main] INFO  com.otakmager.keywords.ValidationKeyword - Element visible: Field Keterangan
2025-06-30 10:36:41 [main] INFO  com.otakmager.keywords.ActionKeyword - Element 'Result Summary' found after 0 swipe(s)
2025-06-30 10:36:41 [main] INFO  com.otakmager.keywords.ValidationKeyword - Element visible: Result Summary
2025-06-30 10:36:41 [main] INFO  com.otakmager.base.BaseTest - TEST RESULT: com.otakmager.testCases.screen.AddDataTest.addDataScreenShouldLoadSuccessfully PASSED
2025-06-30 10:36:41 [main] INFO  com.otakmager.base.BaseTest - 
================== END TEST: com.otakmager.testCases.screen.AddDataTest.addDataScreenShouldLoadSuccessfully ==================

2025-06-30 10:36:43 [main] INFO  com.otakmager.utils.DriverFactory - Terminated app: com.otakmager.traffic_records
2025-06-30 10:36:44 [main] INFO  com.otakmager.utils.DriverFactory - AndroidDriver quit successfully
2025-06-30 10:36:44 [main] INFO  com.otakmager.utils.DriverFactory - Starting AndroidDriver initialization with useApkFile: true
2025-06-30 10:36:44 [main] INFO  com.otakmager.utils.DriverFactory - Using APK file: E:\Project\QA_quality_assurance\appium-project\AppiumHitorMobileTest/src/test/resources/hitor-v1.0.0-release.apk
2025-06-30 10:36:52 [main] INFO  com.otakmager.utils.DriverFactory - AndroidDriver initialized successfully
2025-06-30 10:36:52 [main] INFO  com.otakmager.base.BaseTest - 

================== START TEST: RiwayatTest.riwayatScreenShouldLoadSuccessfullyWhenNoData ==================

2025-06-30 10:36:53 [main] INFO  com.otakmager.keywords.ValidationKeyword - Element visible: Menu Riwayat
2025-06-30 10:36:54 [main] INFO  com.otakmager.keywords.ActionKeyword - Clicked on element: Menu Riwayat
2025-06-30 10:36:54 [main] INFO  com.otakmager.keywords.ActionKeyword - Retrieved text 'Riwayat' from element: App Bar Title
2025-06-30 10:36:54 [main] INFO  com.otakmager.keywords.ValidationKeyword - Validation passed: expected 'Riwayat' and found 'Riwayat'
2025-06-30 10:36:54 [main] INFO  com.otakmager.keywords.ValidationKeyword - Element visible: App Bar Back Button
2025-06-30 10:36:54 [main] INFO  com.otakmager.keywords.ActionKeyword - Retrieved text 'Tidak ada data' from element: No Data Text
2025-06-30 10:36:54 [main] INFO  com.otakmager.keywords.ValidationKeyword - Validation passed: expected 'Tidak ada data' and found 'Tidak ada data'
2025-06-30 10:36:54 [main] INFO  com.otakmager.base.BaseTest - TEST RESULT: com.otakmager.testCases.screen.RiwayatTest.riwayatScreenShouldLoadSuccessfullyWhenNoData PASSED
2025-06-30 10:36:54 [main] INFO  com.otakmager.base.BaseTest - 
================== END TEST: com.otakmager.testCases.screen.RiwayatTest.riwayatScreenShouldLoadSuccessfullyWhenNoData ==================

2025-06-30 10:36:56 [main] INFO  com.otakmager.utils.DriverFactory - Terminated app: com.otakmager.traffic_records
2025-06-30 10:36:56 [main] INFO  com.otakmager.utils.DriverFactory - AndroidDriver quit successfully
2025-06-30 10:36:56 [main] INFO  com.otakmager.utils.DriverFactory - Starting AndroidDriver initialization with useApkFile: true
2025-06-30 10:36:56 [main] INFO  com.otakmager.utils.DriverFactory - Using APK file: E:\Project\QA_quality_assurance\appium-project\AppiumHitorMobileTest/src/test/resources/hitor-v1.0.0-release.apk
2025-06-30 10:37:03 [main] INFO  com.otakmager.utils.DriverFactory - AndroidDriver initialized successfully
2025-06-30 10:37:03 [main] INFO  com.otakmager.base.BaseTest - 

================== START TEST: PengaturanTest.pengaturanScreenShouldLoadSuccessfully ==================

2025-06-30 10:37:04 [main] INFO  com.otakmager.keywords.ValidationKeyword - Element visible: Menu Pengaturan
2025-06-30 10:37:04 [main] INFO  com.otakmager.keywords.ActionKeyword - Clicked on element: Menu Pengaturan
2025-06-30 10:37:04 [main] INFO  com.otakmager.keywords.ActionKeyword - Retrieved text 'Pengaturan' from element: App Bar Title
2025-06-30 10:37:04 [main] INFO  com.otakmager.keywords.ValidationKeyword - Validation passed: expected 'Pengaturan' and found 'Pengaturan'
2025-06-30 10:37:05 [main] INFO  com.otakmager.keywords.ValidationKeyword - Element visible: App Bar Back Button
2025-06-30 10:37:05 [main] INFO  com.otakmager.keywords.ValidationKeyword - Element visible: Header Button Style
2025-06-30 10:37:05 [main] INFO  com.otakmager.keywords.ActionKeyword - Retrieved text 'Bentuk Counter' from element: Header Button Style
2025-06-30 10:37:05 [main] INFO  com.otakmager.keywords.ValidationKeyword - Validation passed: expected 'Bentuk Counter' and found 'Bentuk Counter'
2025-06-30 10:37:05 [main] INFO  com.otakmager.keywords.ValidationKeyword - Element visible: Radio Button Simple Style
2025-06-30 10:37:05 [main] INFO  com.otakmager.keywords.ActionKeyword - Retrieved text 'Simple' from element: Radio Button Simple Style
2025-06-30 10:37:05 [main] INFO  com.otakmager.keywords.ValidationKeyword - Validation passed: expected 'Simple' and found 'Simple'
2025-06-30 10:37:05 [main] INFO  com.otakmager.keywords.ValidationKeyword - Element visible: Radio Button Counter Style
2025-06-30 10:37:05 [main] INFO  com.otakmager.keywords.ActionKeyword - Retrieved text 'Counter' from element: Radio Button Counter Style
2025-06-30 10:37:05 [main] INFO  com.otakmager.keywords.ValidationKeyword - Validation passed: expected 'Counter' and found 'Counter'
2025-06-30 10:37:05 [main] INFO  com.otakmager.keywords.ValidationKeyword - Element visible: Radio Button Big Simple
2025-06-30 10:37:06 [main] INFO  com.otakmager.keywords.ActionKeyword - Retrieved text 'Big Simple' from element: Radio Button Big Simple
2025-06-30 10:37:06 [main] INFO  com.otakmager.keywords.ValidationKeyword - Validation passed: expected 'Big Simple' and found 'Big Simple'
2025-06-30 10:37:06 [main] INFO  com.otakmager.keywords.ValidationKeyword - Element visible: Radio Button Big Counter
2025-06-30 10:37:06 [main] INFO  com.otakmager.keywords.ActionKeyword - Retrieved text 'Big Counter' from element: Radio Button Big Counter
2025-06-30 10:37:06 [main] INFO  com.otakmager.keywords.ValidationKeyword - Validation passed: expected 'Big Counter' and found 'Big Counter'
2025-06-30 10:37:06 [main] INFO  com.otakmager.base.BaseTest - TEST RESULT: com.otakmager.testCases.screen.PengaturanTest.pengaturanScreenShouldLoadSuccessfully PASSED
2025-06-30 10:37:06 [main] INFO  com.otakmager.base.BaseTest - 
================== END TEST: com.otakmager.testCases.screen.PengaturanTest.pengaturanScreenShouldLoadSuccessfully ==================

2025-06-30 10:37:07 [main] INFO  com.otakmager.utils.DriverFactory - Terminated app: com.otakmager.traffic_records
2025-06-30 10:37:07 [main] INFO  com.otakmager.utils.DriverFactory - AndroidDriver quit successfully
2025-06-30 10:37:08 [main] INFO  com.otakmager.utils.DriverFactory - Starting AndroidDriver initialization with useApkFile: false
2025-06-30 10:37:08 [main] INFO  com.otakmager.utils.DriverFactory - Using App Package: com.otakmager.traffic_records, App Activity: com.otakmager.traffic_records.MainActivity
2025-06-30 10:37:16 [main] INFO  com.otakmager.utils.DriverFactory - AndroidDriver initialized successfully
2025-06-30 10:37:16 [main] INFO  com.otakmager.base.BaseTest - 

================== START TEST: CreateDataFlowTest.createDataShouldSucceed ==================

2025-06-30 10:37:17 [main] INFO  com.otakmager.keywords.ValidationKeyword - Element visible: Menu Pengamatan
2025-06-30 10:37:17 [main] INFO  com.otakmager.keywords.ActionKeyword - Clicked on element: Menu Pengamatan
2025-06-30 10:37:17 [main] INFO  com.otakmager.keywords.ValidationKeyword - Element visible: Menu Jalan Raya
2025-06-30 10:37:18 [main] INFO  com.otakmager.keywords.ActionKeyword - Clicked on element: Menu Jalan Raya
2025-06-30 10:37:19 [main] INFO  com.otakmager.keywords.ValidationKeyword - Element visible: Menu 5 Tipe
2025-06-30 10:37:29 [main] INFO  com.otakmager.keywords.ActionKeyword - Clicked on element: Menu 5 Tipe
2025-06-30 10:38:19 [main] INFO  com.otakmager.keywords.ValidationKeyword - Element visible: Counter: Motor
2025-06-30 10:39:09 [main] INFO  com.otakmager.keywords.ActionKeyword - Clicked on element: Counter: Motor
2025-06-30 10:39:50 [main] INFO  com.otakmager.keywords.ActionKeyword - Clicked on element: App Bar Finish Button
2025-06-30 10:39:50 [main] INFO  com.otakmager.keywords.ActionKeyword - Clicked on element: Alert Dialog Yes Button
2025-06-30 10:39:51 [main] INFO  com.otakmager.keywords.ValidationKeyword - Element visible: Optional Data Header
2025-06-30 10:39:51 [main] INFO  com.otakmager.keywords.ValidationKeyword - Element visible: Field Pengamat
2025-06-30 10:39:51 [main] INFO  com.otakmager.keywords.ValidationKeyword - Element visible: Field Lokasi
2025-06-30 10:39:52 [main] INFO  com.otakmager.keywords.ValidationKeyword - Element visible: Field Keterangan
2025-06-30 10:39:53 [main] INFO  com.otakmager.keywords.ActionKeyword - Clicked on element: Field Pengamat
2025-06-30 10:39:54 [main] INFO  com.otakmager.keywords.ActionKeyword - Clicked on element: Field Pengamat
2025-06-30 10:39:54 [main] INFO  com.otakmager.keywords.ActionKeyword - Sent keys 'Dimas' to element: Field Pengamat
2025-06-30 10:39:58 [main] INFO  com.otakmager.keywords.ActionKeyword - Keyboard successfully hidden
2025-06-30 10:39:59 [main] INFO  com.otakmager.keywords.ActionKeyword - Element 'Field Lokasi' found after 0 swipe(s)
2025-06-30 10:40:00 [main] INFO  com.otakmager.keywords.ActionKeyword - Clicked on element: Field Lokasi
2025-06-30 10:40:01 [main] INFO  com.otakmager.keywords.ActionKeyword - Clicked on element: Field Lokasi
2025-06-30 10:40:01 [main] INFO  com.otakmager.keywords.ActionKeyword - Sent keys 'Surakarta, Central Java, Indonesia' to element: Field Lokasi
2025-06-30 10:40:05 [main] INFO  com.otakmager.keywords.ActionKeyword - Keyboard successfully hidden
2025-06-30 10:40:05 [main] INFO  com.otakmager.keywords.ActionKeyword - Element 'Field Keterangan' found after 0 swipe(s)
2025-06-30 10:40:06 [main] INFO  com.otakmager.keywords.ActionKeyword - Clicked on element: Field Keterangan
2025-06-30 10:40:06 [main] INFO  com.otakmager.keywords.ActionKeyword - Clicked on element: Field Keterangan
2025-06-30 10:40:06 [main] INFO  com.otakmager.keywords.ActionKeyword - Sent keys 'Weather clear, vehicle count stable' to element: Field Keterangan
2025-06-30 10:40:10 [main] INFO  com.otakmager.keywords.ActionKeyword - Keyboard successfully hidden
2025-06-30 10:40:11 [main] INFO  com.otakmager.keywords.ActionKeyword - Clicked on element: App Bar Save Button
2025-06-30 10:40:11 [main] INFO  com.otakmager.base.BaseTest - TEST RESULT: com.otakmager.testCases.flow.CreateDataFlowTest.createDataShouldSucceed PASSED
2025-06-30 10:40:11 [main] INFO  com.otakmager.base.BaseTest - 
================== END TEST: com.otakmager.testCases.flow.CreateDataFlowTest.createDataShouldSucceed ==================

2025-06-30 10:40:12 [main] INFO  com.otakmager.utils.DriverFactory - Terminated app: com.otakmager.traffic_records
2025-06-30 10:40:13 [main] INFO  com.otakmager.utils.DriverFactory - AndroidDriver quit successfully
2025-06-30 10:40:13 [main] INFO  com.otakmager.utils.DriverFactory - Starting AndroidDriver initialization with useApkFile: false
2025-06-30 10:40:13 [main] INFO  com.otakmager.utils.DriverFactory - Using App Package: com.otakmager.traffic_records, App Activity: com.otakmager.traffic_records.MainActivity
2025-06-30 10:40:19 [main] INFO  com.otakmager.utils.DriverFactory - AndroidDriver initialized successfully
2025-06-30 10:40:19 [main] INFO  com.otakmager.base.BaseTest - 

================== START TEST: ViewDetailDataFlowTest.viewDetailDataShouldSucceed ==================

2025-06-30 10:40:19 [main] INFO  com.otakmager.keywords.ValidationKeyword - Element visible: Menu Riwayat
2025-06-30 10:40:20 [main] INFO  com.otakmager.keywords.ActionKeyword - Clicked on element: Menu Riwayat
2025-06-30 10:40:20 [main] INFO  com.otakmager.keywords.ValidationKeyword - Element visible: Item Data
2025-06-30 10:40:21 [main] INFO  com.otakmager.keywords.ActionKeyword - Clicked on element: Item Data
2025-06-30 10:40:21 [main] INFO  com.otakmager.keywords.ActionKeyword - Retrieved text 'Detail' from element: App Bar Title
2025-06-30 10:40:21 [main] INFO  com.otakmager.keywords.ValidationKeyword - Validation passed: expected 'Detail' and found 'Detail'
2025-06-30 10:40:21 [main] INFO  com.otakmager.keywords.ValidationKeyword - Element visible: App Bar Back Button
2025-06-30 10:40:21 [main] INFO  com.otakmager.keywords.ValidationKeyword - Element visible: Summary Result
2025-06-30 10:40:21 [main] INFO  com.otakmager.keywords.ValidationKeyword - Element visible: Additional Info
2025-06-30 10:40:21 [main] INFO  com.otakmager.keywords.ValidationKeyword - Element visible: Summary Record
2025-06-30 10:40:21 [main] INFO  com.otakmager.keywords.ActionKeyword - Swiped finger 'up' on element 'Additional Info' (100%)  content scroll down (finger swipe up)
2025-06-30 10:40:23 [main] INFO  com.otakmager.keywords.ValidationKeyword - Element visible: Total Vehicles
2025-06-30 10:40:23 [main] INFO  com.otakmager.keywords.ActionKeyword - Swiped finger 'up' on element 'Total Vehicles' (30%)  content scroll down (finger swipe up)
2025-06-30 10:40:23 [main] INFO  com.otakmager.keywords.ValidationKeyword - Element visible: Button Edit
2025-06-30 10:40:23 [main] INFO  com.otakmager.keywords.ValidationKeyword - Element visible: Button Delete
2025-06-30 10:40:23 [main] INFO  com.otakmager.base.BaseTest - TEST RESULT: com.otakmager.testCases.flow.ViewDetailDataFlowTest.viewDetailDataShouldSucceed PASSED
2025-06-30 10:40:23 [main] INFO  com.otakmager.base.BaseTest - 
================== END TEST: com.otakmager.testCases.flow.ViewDetailDataFlowTest.viewDetailDataShouldSucceed ==================

2025-06-30 10:40:23 [main] INFO  com.otakmager.utils.DriverFactory - Terminated app: com.otakmager.traffic_records
2025-06-30 10:40:24 [main] INFO  com.otakmager.utils.DriverFactory - AndroidDriver quit successfully
